#
# There is insufficient memory for the Java Runtime Environment to continue.
# Native memory allocation (malloc) failed to allocate 389152 bytes for Chunk::new
# Possible reasons:
#   The system is out of physical RAM or swap space
#   The process is running with CompressedOops enabled, and the Java Heap may be blocking the growth of the native heap
# Possible solutions:
#   Reduce memory load on the system
#   Increase physical memory or swap space
#   Check if swap backing store is full
#   Decrease Java heap size (-Xmx/-Xms)
#   Decrease number of Java threads
#   Decrease Java thread stack sizes (-Xss)
#   Set larger code cache with -XX:ReservedCodeCacheSize=
#   JVM is running with Zero Based Compressed Oops mode in which the Java heap is
#     placed in the first 32GB address space. The Java Heap base address is the
#     maximum limit for the native heap growth. Please use -XX:HeapBaseMinAddress
#     to set the Java Heap base and to place the Java Heap above 32GB virtual address.
# This output file may be truncated or incomplete.
#
#  Out of Memory Error (arena.cpp:168), pid=5936, tid=3236
#
# JRE version: Java(TM) SE Runtime Environment (21.0.3+7) (build 21.0.3+7-LTS-152)
# Java VM: Java HotSpot(TM) 64-Bit Server VM (21.0.3+7-LTS-152, mixed mode, sharing, tiered, compressed oops, compressed class ptrs, g1 gc, windows-amd64)
# No core dump will be written. Minidumps are not enabled by default on client versions of Windows
#

---------------  S U M M A R Y ------------

Command Line: -XX:+ShowCodeDetailsInExceptionMessages com.example.WebPageViewer

Host: Intel(R) Core(TM) i7-4510U CPU @ 2.00GHz, 4 cores, 11G,  Windows 11 , 64 bit Build 22621 (10.0.22621.3527)
Time: Mon May 20 09:35:21 2024 ora legale Europa occidentale elapsed time: 4.362878 seconds (0d 0h 0m 4s)

---------------  T H R E A D  ---------------

Current thread (0x00000241ff644b50):  JavaThread "C2 CompilerThread0" daemon [_thread_in_native, id=3236, stack(0x00000046ce900000,0x00000046cea00000) (1024K)]


Current CompileTask:
C2:   4362 2746       4       jdk.internal.jimage.ImageLocation::verify (218 bytes)

Stack: [0x00000046ce900000,0x00000046cea00000]
Native frames: (J=compiled Java code, j=interpreted, Vv=VM code, C=native code)
V  [jvm.dll+0x6c63b9]
V  [jvm.dll+0x84fa11]
V  [jvm.dll+0x851f3e]
V  [jvm.dll+0x852613]
V  [jvm.dll+0x27cd46]
V  [jvm.dll+0xc4aad]
V  [jvm.dll+0xc4fe3]
V  [jvm.dll+0x3b1d5c]
V  [jvm.dll+0x1df2d9]
V  [jvm.dll+0x245c92]
V  [jvm.dll+0x24511f]
V  [jvm.dll+0x1c689e]
V  [jvm.dll+0x254609]
V  [jvm.dll+0x252b9a]
V  [jvm.dll+0x3eb056]
V  [jvm.dll+0x7f9ffb]
V  [jvm.dll+0x6c4a9d]
C  [ucrtbase.dll+0x29333]
C  [KERNEL32.DLL+0x1257d]
C  [ntdll.dll+0x5aa48]


---------------  P R O C E S S  ---------------

Threads class SMR info:
_java_thread_list=0x00000241e2618e50, length=35, elements={
0x00000241ff63e120, 0x00000241ff63ef30, 0x00000241ff63fb90, 0x00000241ff6407f0,
0x00000241ff643360, 0x00000241ff643dc0, 0x00000241ff644b50, 0x00000241ff646b40,
0x00000241d931eae0, 0x00000241d932aaf0, 0x00000241d9fb6260, 0x00000241d9d2d310,
0x00000241d9d2d980, 0x00000241d9e9adb0, 0x00000241f61078d0, 0x00000241da4c22e0,
0x00000241da5eaff0, 0x00000241da5eb680, 0x00000241da5e9c40, 0x00000241da5ebd10,
0x00000241da5ea2d0, 0x00000241da5ec3a0, 0x00000241da5ea960, 0x00000241da5e8f20,
0x00000241e2cafdc0, 0x00000241e2cae380, 0x00000241e2cad660, 0x00000241e2cacfd0,
0x00000241e2cb2bb0, 0x00000241e2cb2520, 0x00000241e2caea10, 0x00000241e2cb1e90,
0x00000241e2cac2b0, 0x00000241e30dd1e0, 0x00000241e2cadcf0
}

Java Threads: ( => current thread )
  0x00000241ff63e120 JavaThread "Reference Handler"          daemon [_thread_blocked, id=6208, stack(0x00000046ce300000,0x00000046ce400000) (1024K)]
  0x00000241ff63ef30 JavaThread "Finalizer"                  daemon [_thread_blocked, id=4608, stack(0x00000046ce400000,0x00000046ce500000) (1024K)]
  0x00000241ff63fb90 JavaThread "Signal Dispatcher"          daemon [_thread_blocked, id=8096, stack(0x00000046ce500000,0x00000046ce600000) (1024K)]
  0x00000241ff6407f0 JavaThread "Attach Listener"            daemon [_thread_blocked, id=13100, stack(0x00000046ce600000,0x00000046ce700000) (1024K)]
  0x00000241ff643360 JavaThread "Service Thread"             daemon [_thread_blocked, id=7932, stack(0x00000046ce700000,0x00000046ce800000) (1024K)]
  0x00000241ff643dc0 JavaThread "Monitor Deflation Thread"   daemon [_thread_blocked, id=1772, stack(0x00000046ce800000,0x00000046ce900000) (1024K)]
=>0x00000241ff644b50 JavaThread "C2 CompilerThread0"         daemon [_thread_in_native, id=3236, stack(0x00000046ce900000,0x00000046cea00000) (1024K)]
  0x00000241ff646b40 JavaThread "C1 CompilerThread0"         daemon [_thread_blocked, id=7180, stack(0x00000046cea00000,0x00000046ceb00000) (1024K)]
  0x00000241d931eae0 JavaThread "Notification Thread"        daemon [_thread_blocked, id=17188, stack(0x00000046ceb00000,0x00000046cec00000) (1024K)]
  0x00000241d932aaf0 JavaThread "Common-Cleaner"             daemon [_thread_blocked, id=9232, stack(0x00000046cec00000,0x00000046ced00000) (1024K)]
  0x00000241d9fb6260 JavaThread "Java2D Disposer"            daemon [_thread_blocked, id=6368, stack(0x00000046cf100000,0x00000046cf200000) (1024K)]
  0x00000241d9d2d310 JavaThread "AWT-Shutdown"                      [_thread_blocked, id=9656, stack(0x00000046cf200000,0x00000046cf300000) (1024K)]
  0x00000241d9d2d980 JavaThread "AWT-Windows"                daemon [_thread_in_native, id=14008, stack(0x00000046cf300000,0x00000046cf400000) (1024K)]
  0x00000241d9e9adb0 JavaThread "AWT-EventQueue-0"                  [_thread_blocked, id=7804, stack(0x00000046cf400000,0x00000046cf500000) (1024K)]
  0x00000241f61078d0 JavaThread "DestroyJavaVM"                     [_thread_blocked, id=17440, stack(0x00000046cdb00000,0x00000046cdc00000) (1024K)]
  0x00000241da4c22e0 JavaThread "QuantumRenderer-0"          daemon [_thread_in_Java, id=18252, stack(0x00000046cf600000,0x00000046cf700000) (1024K)]
  0x00000241da5eaff0 JavaThread "InvokeLaterDispatcher"      daemon [_thread_blocked, id=9756, stack(0x00000046cf800000,0x00000046cf900000) (1024K)]
  0x00000241da5eb680 JavaThread "JavaFX Application Thread"         [_thread_blocked, id=9388, stack(0x00000046cf900000,0x00000046cfa00000) (1024K)]
  0x00000241da5e9c40 JavaThread "Thread-2"                   daemon [_thread_in_native, id=5424, stack(0x00000046ced00000,0x00000046cee00000) (1024K)]
  0x00000241da5ebd10 JavaThread "Prism Font Disposer"        daemon [_thread_blocked, id=17852, stack(0x00000046cf500000,0x00000046cf600000) (1024K)]
  0x00000241da5ea2d0 JavaThread "Disposer"                   daemon [_thread_blocked, id=10368, stack(0x00000046cfe00000,0x00000046cff00000) (1024K)]
  0x00000241da5ec3a0 JavaThread "HttpClient-1-SelectorManager" daemon [_thread_in_native, id=10880, stack(0x00000046d0000000,0x00000046d0100000) (1024K)]
  0x00000241da5ea960 JavaThread "HttpClient-1-Worker-0"      daemon [_thread_blocked, id=16068, stack(0x00000046d0100000,0x00000046d0200000) (1024K)]
  0x00000241da5e8f20 JavaThread "HttpClient-1-Worker-1"      daemon [_thread_blocked, id=16296, stack(0x00000046d0300000,0x00000046d0400000) (1024K)]
  0x00000241e2cafdc0 JavaThread "HttpClient-1-Worker-2"      daemon [_thread_blocked, id=13780, stack(0x00000046d0400000,0x00000046d0500000) (1024K)]
  0x00000241e2cae380 JavaThread "ForkJoinPool.commonPool-worker-1" daemon [_thread_blocked, id=12616, stack(0x00000046d0500000,0x00000046d0600000) (1024K)]
  0x00000241e2cad660 JavaThread "Image Fetcher 0"            daemon [_thread_blocked, id=14764, stack(0x00000046d0600000,0x00000046d0700000) (1024K)]
  0x00000241e2cacfd0 JavaThread "Image Fetcher 1"            daemon [_thread_blocked, id=17244, stack(0x00000046d0700000,0x00000046d0800000) (1024K)]
  0x00000241e2cb2bb0 JavaThread "Image Fetcher 2"            daemon [_thread_blocked, id=12088, stack(0x00000046d0800000,0x00000046d0900000) (1024K)]
  0x00000241e2cb2520 JavaThread "Image Fetcher 3"            daemon [_thread_blocked, id=5380, stack(0x00000046d0900000,0x00000046d0a00000) (1024K)]
  0x00000241e2caea10 JavaThread "Thread-4"                   daemon [_thread_in_native, id=1348, stack(0x00000046d0f00000,0x00000046d1000000) (1024K)]
  0x00000241e2cb1e90 JavaThread "HttpClient-1-Worker-3"      daemon [_thread_blocked, id=16704, stack(0x00000046d1000000,0x00000046d1100000) (1024K)]
  0x00000241e2cac2b0 JavaThread "ForkJoinPool.commonPool-worker-2" daemon [_thread_blocked, id=15940, stack(0x00000046d1100000,0x00000046d1200000) (1024K)]
  0x00000241e30dd1e0 JavaThread "C2 CompilerThread1"         daemon [_thread_in_native, id=10096, stack(0x00000046cff00000,0x00000046d0000000) (1024K)]
  0x00000241e2cadcf0 JavaThread "Cleaner-0"                  daemon [_thread_blocked, id=6316, stack(0x00000046d1500000,0x00000046d1600000) (1024K)]
Total: 35

Other Threads:
  0x00000241ff622c30 VMThread "VM Thread"                           [id=7712, stack(0x00000046ce200000,0x00000046ce300000) (1024K)]
  0x00000241ff60bf10 WatcherThread "VM Periodic Task Thread"        [id=6848, stack(0x00000046ce100000,0x00000046ce200000) (1024K)]
  0x00000241f6163030 WorkerThread "GC Thread#0"                     [id=5820, stack(0x00000046cdc00000,0x00000046cdd00000) (1024K)]
  0x00000241d9e12560 WorkerThread "GC Thread#1"                     [id=5224, stack(0x00000046cee00000,0x00000046cef00000) (1024K)]
  0x00000241d9a42290 WorkerThread "GC Thread#2"                     [id=16552, stack(0x00000046cef00000,0x00000046cf000000) (1024K)]
  0x00000241d9caeb10 WorkerThread "GC Thread#3"                     [id=7380, stack(0x00000046cf000000,0x00000046cf100000) (1024K)]
  0x00000241f6170510 ConcurrentGCThread "G1 Main Marker"            [id=14272, stack(0x00000046cdd00000,0x00000046cde00000) (1024K)]
  0x00000241f6170eb0 WorkerThread "G1 Conc#0"                       [id=11680, stack(0x00000046cde00000,0x00000046cdf00000) (1024K)]
  0x00000241f61ae040 ConcurrentGCThread "G1 Refine#0"               [id=16844, stack(0x00000046cdf00000,0x00000046ce000000) (1024K)]
  0x00000241ff4bf1c0 ConcurrentGCThread "G1 Service"                [id=15600, stack(0x00000046ce000000,0x00000046ce100000) (1024K)]
Total: 10

Threads with active compile tasks:
C2 CompilerThread0     4424 2746       4       jdk.internal.jimage.ImageLocation::verify (218 bytes)
C2 CompilerThread1     4424 2776 %     4       com.sun.marlin.Renderer::_endRendering @ 787 (2639 bytes)
Total: 2

VM state: not at safepoint (normal execution)

VM Mutex/Monitor currently owned by a thread: None

Heap address: 0x0000000741a00000, size: 3046 MB, Compressed Oops mode: Zero based, Oop shift amount: 3

CDS archive(s) mapped at: [0x0000024194000000-0x0000024194c90000-0x0000024194c90000), size 13172736, SharedBaseAddress: 0x0000024194000000, ArchiveRelocationMode: 1.
Compressed class space mapped at: 0x0000024195000000-0x00000241d5000000, reserved size: 1073741824
Narrow klass base: 0x0000024194000000, Narrow klass shift: 0, Narrow klass range: 0x100000000

GC Precious Log:
 CardTable entry size: 512
 Card Set container configuration: InlinePtr #cards 4 size 8 Array Of Cards #cards 16 size 48 Howl #buckets 8 coarsen threshold 3686 Howl Bitmap #cards 512 size 80 coarsen threshold 460 Card regions per heap region 1 cards per card region 4096
 CPUs: 4 total, 4 available
 Memory: 12180M
 Large Page Support: Disabled
 NUMA Support: Disabled
 Compressed Oops: Enabled (Zero based)
 Heap Region Size: 2M
 Heap Min Capacity: 8M
 Heap Initial Capacity: 192M
 Heap Max Capacity: 3046M
 Pre-touch: Disabled
 Parallel Workers: 4
 Concurrent Workers: 1
 Concurrent Refinement Workers: 4
 Periodic GC: Disabled

Heap:
 garbage-first heap   total 81920K, used 44959K [0x0000000741a00000, 0x0000000800000000)
  region size 2048K, 12 young (24576K), 4 survivors (8192K)
 Metaspace       used 24909K, committed 25344K, reserved 1114112K
  class space    used 3166K, committed 3328K, reserved 1048576K

Heap Regions: E=young(eden), S=young(survivor), O=old, HS=humongous(starts), HC=humongous(continues), CS=collection set, F=free, TAMS=top-at-mark-start, PB=parsable bottom
|   0|0x0000000741a00000, 0x0000000741c00000, 0x0000000741c00000|100%|HS|  |TAMS 0x0000000741a00000| PB 0x0000000741a00000| Complete 
|   1|0x0000000741c00000, 0x0000000741e00000, 0x0000000741e00000|100%| O|  |TAMS 0x0000000741c00000| PB 0x0000000741c00000| Untracked 
|   2|0x0000000741e00000, 0x0000000742000000, 0x0000000742000000|100%| O|  |TAMS 0x0000000741e00000| PB 0x0000000741e00000| Untracked 
|   3|0x0000000742000000, 0x0000000742200000, 0x0000000742200000|100%| O|  |TAMS 0x0000000742000000| PB 0x0000000742000000| Untracked 
|   4|0x0000000742200000, 0x00000007423e7f48, 0x0000000742400000| 95%| O|  |TAMS 0x0000000742200000| PB 0x0000000742200000| Untracked 
|   5|0x0000000742400000, 0x0000000742600000, 0x0000000742600000|100%|HS|  |TAMS 0x0000000742400000| PB 0x0000000742400000| Complete 
|   6|0x0000000742600000, 0x0000000742800000, 0x0000000742800000|100%|HC|  |TAMS 0x0000000742600000| PB 0x0000000742600000| Complete 
|   7|0x0000000742800000, 0x0000000742a00000, 0x0000000742a00000|100%|HS|  |TAMS 0x0000000742800000| PB 0x0000000742800000| Complete 
|   8|0x0000000742a00000, 0x0000000742c00000, 0x0000000742c00000|100%|HC|  |TAMS 0x0000000742a00000| PB 0x0000000742a00000| Complete 
|   9|0x0000000742c00000, 0x0000000742e00000, 0x0000000742e00000|100%|HS|  |TAMS 0x0000000742c00000| PB 0x0000000742c00000| Complete 
|  10|0x0000000742e00000, 0x0000000743000000, 0x0000000743000000|100%|HS|  |TAMS 0x0000000742e00000| PB 0x0000000742e00000| Complete 
|  11|0x0000000743000000, 0x0000000743000000, 0x0000000743200000|  0%| F|  |TAMS 0x0000000743000000| PB 0x0000000743000000| Untracked 
|  12|0x0000000743200000, 0x0000000743200000, 0x0000000743400000|  0%| F|  |TAMS 0x0000000743200000| PB 0x0000000743200000| Untracked 
|  13|0x0000000743400000, 0x0000000743400000, 0x0000000743600000|  0%| F|  |TAMS 0x0000000743400000| PB 0x0000000743400000| Untracked 
|  14|0x0000000743600000, 0x0000000743600000, 0x0000000743800000|  0%| F|  |TAMS 0x0000000743600000| PB 0x0000000743600000| Untracked 
|  15|0x0000000743800000, 0x0000000743800000, 0x0000000743a00000|  0%| F|  |TAMS 0x0000000743800000| PB 0x0000000743800000| Untracked 
|  16|0x0000000743a00000, 0x0000000743a00000, 0x0000000743c00000|  0%| F|  |TAMS 0x0000000743a00000| PB 0x0000000743a00000| Untracked 
|  17|0x0000000743c00000, 0x0000000743c00000, 0x0000000743e00000|  0%| F|  |TAMS 0x0000000743c00000| PB 0x0000000743c00000| Untracked 
|  18|0x0000000743e00000, 0x0000000743e00000, 0x0000000744000000|  0%| F|  |TAMS 0x0000000743e00000| PB 0x0000000743e00000| Untracked 
|  19|0x0000000744000000, 0x0000000744000000, 0x0000000744200000|  0%| F|  |TAMS 0x0000000744000000| PB 0x0000000744000000| Untracked 
|  20|0x0000000744200000, 0x0000000744200000, 0x0000000744400000|  0%| F|  |TAMS 0x0000000744200000| PB 0x0000000744200000| Untracked 
|  21|0x0000000744400000, 0x0000000744400000, 0x0000000744600000|  0%| F|  |TAMS 0x0000000744400000| PB 0x0000000744400000| Untracked 
|  22|0x0000000744600000, 0x0000000744600000, 0x0000000744800000|  0%| F|  |TAMS 0x0000000744600000| PB 0x0000000744600000| Untracked 
|  23|0x0000000744800000, 0x0000000744800000, 0x0000000744a00000|  0%| F|  |TAMS 0x0000000744800000| PB 0x0000000744800000| Untracked 
|  24|0x0000000744a00000, 0x0000000744a00000, 0x0000000744c00000|  0%| F|  |TAMS 0x0000000744a00000| PB 0x0000000744a00000| Untracked 
|  25|0x0000000744c00000, 0x0000000744c00000, 0x0000000744e00000|  0%| F|  |TAMS 0x0000000744c00000| PB 0x0000000744c00000| Untracked 
|  26|0x0000000744e00000, 0x0000000744e00000, 0x0000000745000000|  0%| F|  |TAMS 0x0000000744e00000| PB 0x0000000744e00000| Untracked 
|  27|0x0000000745000000, 0x0000000745000000, 0x0000000745200000|  0%| F|  |TAMS 0x0000000745000000| PB 0x0000000745000000| Untracked 
|  28|0x0000000745200000, 0x0000000745236d30, 0x0000000745400000| 10%| E|  |TAMS 0x0000000745200000| PB 0x0000000745200000| Complete 
|  29|0x0000000745400000, 0x0000000745600000, 0x0000000745600000|100%| E|CS|TAMS 0x0000000745400000| PB 0x0000000745400000| Complete 
|  30|0x0000000745600000, 0x0000000745800000, 0x0000000745800000|100%| E|CS|TAMS 0x0000000745600000| PB 0x0000000745600000| Complete 
|  31|0x0000000745800000, 0x0000000745a00000, 0x0000000745a00000|100%| E|CS|TAMS 0x0000000745800000| PB 0x0000000745800000| Complete 
|  32|0x0000000745a00000, 0x0000000745c00000, 0x0000000745c00000|100%| E|CS|TAMS 0x0000000745a00000| PB 0x0000000745a00000| Complete 
|  33|0x0000000745c00000, 0x0000000745e00000, 0x0000000745e00000|100%| E|CS|TAMS 0x0000000745c00000| PB 0x0000000745c00000| Complete 
|  34|0x0000000745e00000, 0x0000000746000000, 0x0000000746000000|100%| E|CS|TAMS 0x0000000745e00000| PB 0x0000000745e00000| Complete 
|  78|0x000000074b600000, 0x000000074b800000, 0x000000074b800000|100%| S|CS|TAMS 0x000000074b600000| PB 0x000000074b600000| Complete 
|  79|0x000000074b800000, 0x000000074ba00000, 0x000000074ba00000|100%| S|CS|TAMS 0x000000074b800000| PB 0x000000074b800000| Complete 
|  80|0x000000074ba00000, 0x000000074bc00000, 0x000000074bc00000|100%| S|CS|TAMS 0x000000074ba00000| PB 0x000000074ba00000| Complete 
|  81|0x000000074bc00000, 0x000000074be00000, 0x000000074be00000|100%| S|CS|TAMS 0x000000074bc00000| PB 0x000000074bc00000| Complete 
|  95|0x000000074d800000, 0x000000074da00000, 0x000000074da00000|100%| E|CS|TAMS 0x000000074d800000| PB 0x000000074d800000| Complete 

Card table byte_map: [0x00000241feb60000,0x00000241ff160000] _byte_map_base: 0x00000241fb153000

Marking Bits: (CMBitMap*) 0x00000241f61635d0
 Bits: [0x000002418f000000, 0x0000024191f98000)

Polling page: 0x00000241f58b0000

Metaspace:

Usage:
  Non-class:     21.23 MB used.
      Class:      3.09 MB used.
       Both:     24.33 MB used.

Virtual space:
  Non-class space:       64.00 MB reserved,      21.50 MB ( 34%) committed,  1 nodes.
      Class space:        1.00 GB reserved,       3.25 MB ( <1%) committed,  1 nodes.
             Both:        1.06 GB reserved,      24.75 MB (  2%) committed. 

Chunk freelists:
   Non-Class:  10.55 MB
       Class:  12.75 MB
        Both:  23.30 MB

MaxMetaspaceSize: unlimited
CompressedClassSpaceSize: 1.00 GB
Initial GC threshold: 21.00 MB
Current GC threshold: 35.56 MB
CDS: on
 - commit_granule_bytes: 65536.
 - commit_granule_words: 8192.
 - virtual_space_node_default_size: 8388608.
 - enlarge_chunks_in_place: 1.
 - use_allocation_guard: 0.


Internal statistics:

num_allocs_failed_limit: 3.
num_arena_births: 612.
num_arena_deaths: 0.
num_vsnodes_births: 2.
num_vsnodes_deaths: 0.
num_space_committed: 396.
num_space_uncommitted: 0.
num_chunks_returned_to_freelist: 3.
num_chunks_taken_from_freelist: 1258.
num_chunk_merges: 3.
num_chunk_splits: 786.
num_chunks_enlarged: 457.
num_inconsistent_stats: 0.

CodeHeap 'non-profiled nmethods': size=120000Kb used=1293Kb max_used=1293Kb free=118706Kb
 bounds [0x0000024187ad0000, 0x0000024187d40000, 0x000002418f000000]
CodeHeap 'profiled nmethods': size=120000Kb used=5393Kb max_used=5393Kb free=114606Kb
 bounds [0x0000024180000000, 0x0000024180550000, 0x0000024187530000]
CodeHeap 'non-nmethods': size=5760Kb used=2064Kb max_used=2078Kb free=3696Kb
 bounds [0x0000024187530000, 0x00000241877a0000, 0x0000024187ad0000]
 total_blobs=3842 nmethods=2818 adapters=928
 compilation: enabled
              stopped_count=0, restarted_count=0
 full_count=0

Compilation events (20 events):
Event: 4.339 Thread 0x00000241ff646b40 2777       3       com.sun.javafx.geom.transform.AffineBase::updateState2D (210 bytes)
Event: 4.339 Thread 0x00000241ff646b40 nmethod 2777 0x0000024180538810 code [0x0000024180538a20, 0x00000241805391d0]
Event: 4.339 Thread 0x00000241ff646b40 2778       3       java.util.WeakHashMap::get (75 bytes)
Event: 4.340 Thread 0x00000241ff646b40 nmethod 2778 0x0000024180539290 code [0x00000241805394c0, 0x0000024180539d80]
Event: 4.340 Thread 0x00000241ff646b40 2779       1       com.sun.javafx.webkit.prism.WCGraphicsPrismContext$ContextState::getLayerNoClone (5 bytes)
Event: 4.340 Thread 0x00000241ff646b40 nmethod 2779 0x0000024187c0dd90 code [0x0000024187c0df20, 0x0000024187c0dff0]
Event: 4.341 Thread 0x00000241ff646b40 2780  s    1       com.sun.scenario.effect.impl.prism.ps.PPSRenderer::getRendererState (5 bytes)
Event: 4.341 Thread 0x00000241ff646b40 nmethod 2780 0x0000024187c0e090 code [0x0000024187c0e220, 0x0000024187c0e3a8]
Event: 4.341 Thread 0x00000241ff646b40 2781       1       com.sun.javafx.webkit.prism.WCGraphicsPrismContext$ContextState::getTransformNoClone (5 bytes)
Event: 4.341 Thread 0x00000241ff646b40 nmethod 2781 0x0000024187c0e410 code [0x0000024187c0e5a0, 0x0000024187c0e670]
Event: 4.341 Thread 0x00000241ff646b40 2782       3       com.sun.javafx.geom.transform.AffineBase::updateState (5 bytes)
Event: 4.342 Thread 0x00000241ff646b40 nmethod 2782 0x000002418053a110 code [0x000002418053a2c0, 0x000002418053a480]
Event: 4.351 Thread 0x00000241ff646b40 2783       1       com.sun.prism.PixelFormat::getDataType (5 bytes)
Event: 4.351 Thread 0x00000241ff646b40 nmethod 2783 0x0000024187c0e710 code [0x0000024187c0e8a0, 0x0000024187c0e970]
Event: 4.351 Thread 0x00000241ff646b40 2784       3       com.sun.prism.impl.ManagedResource::getResource (9 bytes)
Event: 4.351 Thread 0x00000241ff646b40 nmethod 2784 0x000002418053a510 code [0x000002418053a6c0, 0x000002418053a938]
Event: 4.352 Thread 0x00000241ff646b40 2785       3       com.sun.prism.impl.BaseTexture::assertLocked (8 bytes)
Event: 4.352 Thread 0x00000241ff646b40 nmethod 2785 0x000002418053aa10 code [0x000002418053abe0, 0x000002418053ae58]
Event: 4.353 Thread 0x00000241ff646b40 2786       3       com.sun.javafx.geom.transform.Affine3D::updateState (96 bytes)
Event: 4.354 Thread 0x00000241ff646b40 nmethod 2786 0x000002418053af90 code [0x000002418053b240, 0x000002418053bd68]

GC Heap History (8 events):
Event: 0.508 GC heap before
{Heap before GC invocations=0 (full 0):
 garbage-first heap   total 196608K, used 12288K [0x0000000741a00000, 0x0000000800000000)
  region size 2048K, 6 young (12288K), 0 survivors (0K)
 Metaspace       used 1190K, committed 1344K, reserved 1114112K
  class space    used 60K, committed 128K, reserved 1048576K
}
Event: 0.513 GC heap after
{Heap after GC invocations=1 (full 0):
 garbage-first heap   total 196608K, used 9907K [0x0000000741a00000, 0x0000000800000000)
  region size 2048K, 1 young (2048K), 1 survivors (2048K)
 Metaspace       used 1190K, committed 1344K, reserved 1114112K
  class space    used 60K, committed 128K, reserved 1048576K
}
Event: 0.912 GC heap before
{Heap before GC invocations=1 (full 0):
 garbage-first heap   total 196608K, used 16051K [0x0000000741a00000, 0x0000000800000000)
  region size 2048K, 4 young (8192K), 1 survivors (2048K)
 Metaspace       used 6100K, committed 6272K, reserved 1114112K
  class space    used 606K, committed 704K, reserved 1048576K
}
Event: 0.917 GC heap after
{Heap after GC invocations=2 (full 0):
 garbage-first heap   total 196608K, used 11905K [0x0000000741a00000, 0x0000000800000000)
  region size 2048K, 1 young (2048K), 1 survivors (2048K)
 Metaspace       used 6100K, committed 6272K, reserved 1114112K
  class space    used 606K, committed 704K, reserved 1048576K
}
Event: 2.719 GC heap before
{Heap before GC invocations=2 (full 0):
 garbage-first heap   total 196608K, used 30337K [0x0000000741a00000, 0x0000000800000000)
  region size 2048K, 9 young (18432K), 1 survivors (2048K)
 Metaspace       used 12169K, committed 12352K, reserved 1114112K
  class space    used 1366K, committed 1472K, reserved 1048576K
}
Event: 2.724 GC heap after
{Heap after GC invocations=3 (full 0):
 garbage-first heap   total 196608K, used 18335K [0x0000000741a00000, 0x0000000800000000)
  region size 2048K, 2 young (4096K), 2 survivors (4096K)
 Metaspace       used 12169K, committed 12352K, reserved 1114112K
  class space    used 1366K, committed 1472K, reserved 1048576K
}
Event: 3.575 GC heap before
{Heap before GC invocations=3 (full 0):
 garbage-first heap   total 196608K, used 38815K [0x0000000741a00000, 0x0000000800000000)
  region size 2048K, 14 young (28672K), 2 survivors (4096K)
 Metaspace       used 21171K, committed 21504K, reserved 1114112K
  class space    used 2591K, committed 2752K, reserved 1048576K
}
Event: 3.586 GC heap after
{Heap after GC invocations=4 (full 0):
 garbage-first heap   total 196608K, used 22431K [0x0000000741a00000, 0x0000000800000000)
  region size 2048K, 4 young (8192K), 4 survivors (8192K)
 Metaspace       used 21171K, committed 21504K, reserved 1114112K
  class space    used 2591K, committed 2752K, reserved 1048576K
}

Dll operation events (20 events):
Event: 1.168 Loaded shared library C:\Users\lenovo\.openjfx\cache\21+31\amd64\api-ms-win-crt-runtime-l1-1-0.dll
Event: 1.173 Loaded shared library C:\Users\lenovo\.openjfx\cache\21+31\amd64\api-ms-win-crt-stdio-l1-1-0.dll
Event: 1.178 Loaded shared library C:\Users\lenovo\.openjfx\cache\21+31\amd64\api-ms-win-crt-string-l1-1-0.dll
Event: 1.184 Loaded shared library C:\Users\lenovo\.openjfx\cache\21+31\amd64\api-ms-win-crt-time-l1-1-0.dll
Event: 1.189 Loaded shared library C:\Users\lenovo\.openjfx\cache\21+31\amd64\api-ms-win-crt-utility-l1-1-0.dll
Event: 1.207 Loaded shared library C:\Users\lenovo\.openjfx\cache\21+31\amd64\ucrtbase.dll
Event: 1.211 Loaded shared library C:\Users\lenovo\.openjfx\cache\21+31\amd64\vcruntime140.dll
Event: 1.215 Loaded shared library C:\Users\lenovo\.openjfx\cache\21+31\amd64\vcruntime140_1.dll
Event: 1.225 Loaded shared library C:\Users\lenovo\.openjfx\cache\21+31\amd64\msvcp140.dll
Event: 1.228 Loaded shared library C:\Users\lenovo\.openjfx\cache\21+31\amd64\msvcp140_1.dll
Event: 1.233 Loaded shared library C:\Users\lenovo\.openjfx\cache\21+31\amd64\msvcp140_2.dll
Event: 1.277 Loaded shared library C:\Users\lenovo\.openjfx\cache\21+31\amd64\prism_d3d.dll
Event: 1.378 Loaded shared library C:\Users\lenovo\.openjfx\cache\21+31\amd64\glass.dll
Event: 1.631 Loaded shared library C:\Program Files\Java\jdk-21\bin\freetype.dll
Event: 1.633 Loaded shared library C:\Program Files\Java\jdk-21\bin\fontmanager.dll
Event: 2.606 Loaded shared library C:\Users\lenovo\.openjfx\cache\21+31\amd64\jfxwebkit.dll
Event: 2.642 Loaded shared library C:\Users\lenovo\.openjfx\cache\21+31\amd64\javafx_font.dll
Event: 3.381 Loaded shared library C:\Program Files\Java\jdk-21\bin\sunmscapi.dll
Event: 3.421 Loaded shared library C:\Program Files\Java\jdk-21\bin\extnet.dll
Event: 4.124 Loaded shared library C:\Users\lenovo\.openjfx\cache\21+31\amd64\javafx_iio.dll

Deoptimization events (20 events):
Event: 3.878 Thread 0x00000241da5e8f20 DEOPT PACKING pc=0x0000024187b72798 sp=0x00000046d03fec50
Event: 3.878 Thread 0x00000241e2cb1e90 DEOPT PACKING pc=0x0000024187b72798 sp=0x00000046d10fee70
Event: 3.878 Thread 0x00000241da5e8f20 DEOPT UNPACKING pc=0x00000241875846a2 sp=0x00000046d03febf0 mode 2
Event: 3.878 Thread 0x00000241e2cb1e90 DEOPT UNPACKING pc=0x00000241875846a2 sp=0x00000046d10fee10 mode 2
Event: 4.076 Thread 0x00000241da5eb680 Uncommon trap: trap_request=0xffffffde fr.pc=0x0000024187b3e684 relative=0x0000000000000424
Event: 4.076 Thread 0x00000241da5eb680 Uncommon trap: reason=class_check action=maybe_recompile pc=0x0000024187b3e684 method=java.lang.String.<init>(Ljava/lang/AbstractStringBuilder;Ljava/lang/Void;)V @ 10 c2
Event: 4.076 Thread 0x00000241da5eb680 DEOPT PACKING pc=0x0000024187b3e684 sp=0x00000046cf9fbde0
Event: 4.076 Thread 0x00000241da5eb680 DEOPT UNPACKING pc=0x00000241875846a2 sp=0x00000046cf9fbda8 mode 2
Event: 4.097 Thread 0x00000241da4c22e0 Uncommon trap: trap_request=0xffffff45 fr.pc=0x0000024187b9676c relative=0x00000000000001ac
Event: 4.097 Thread 0x00000241da4c22e0 Uncommon trap: reason=unstable_if action=reinterpret pc=0x0000024187b9676c method=java.util.concurrent.locks.ReentrantLock$NonfairSync.initialTryLock()Z @ 25 c2
Event: 4.097 Thread 0x00000241da4c22e0 DEOPT PACKING pc=0x0000024187b9676c sp=0x00000046cf6fed60
Event: 4.097 Thread 0x00000241da4c22e0 DEOPT UNPACKING pc=0x00000241875846a2 sp=0x00000046cf6febe8 mode 2
Event: 4.300 Thread 0x00000241da4c22e0 DEOPT PACKING pc=0x0000024180502fcd sp=0x00000046cf6fd490
Event: 4.300 Thread 0x00000241da4c22e0 DEOPT UNPACKING pc=0x0000024187584e42 sp=0x00000046cf6fc920 mode 0
Event: 4.304 Thread 0x00000241da4c22e0 DEOPT PACKING pc=0x0000024180502fcd sp=0x00000046cf6fd490
Event: 4.304 Thread 0x00000241da4c22e0 DEOPT UNPACKING pc=0x0000024187584e42 sp=0x00000046cf6fc920 mode 0
Event: 4.320 Thread 0x00000241da4c22e0 Uncommon trap: trap_request=0xffffff45 fr.pc=0x0000024187c08fd0 relative=0x0000000000000390
Event: 4.320 Thread 0x00000241da4c22e0 Uncommon trap: reason=unstable_if action=reinterpret pc=0x0000024187c08fd0 method=com.sun.marlin.MaskMarlinAlphaConsumer.setAndClearRelativeAlphas([IIII)V @ 81 c2
Event: 4.320 Thread 0x00000241da4c22e0 DEOPT PACKING pc=0x0000024187c08fd0 sp=0x00000046cf6fd920
Event: 4.320 Thread 0x00000241da4c22e0 DEOPT UNPACKING pc=0x00000241875846a2 sp=0x00000046cf6fd850 mode 2

Classes loaded (20 events):
Event: 4.076 Loading class java/lang/Throwable$PrintStreamOrWriter done
Event: 4.076 Loading class java/lang/Throwable$WrappedPrintWriter done
Event: 4.076 Loading class java/lang/StackTraceElement$HashedModules
Event: 4.076 Loading class java/lang/StackTraceElement$HashedModules done
Event: 4.098 Loading class java/lang/Throwable$WrappedPrintStream
Event: 4.098 Loading class java/lang/Throwable$WrappedPrintStream done
Event: 4.126 Loading class jdk/internal/ref/CleanerImpl$InnocuousThreadFactory
Event: 4.127 Loading class jdk/internal/ref/CleanerImpl$InnocuousThreadFactory done
Event: 4.140 Loading class sun/misc/Unsafe
Event: 4.140 Loading class sun/misc/Unsafe done
Event: 4.208 Loading class java/nio/DirectFloatBufferU
Event: 4.208 Loading class java/nio/DirectFloatBufferU done
Event: 4.230 Loading class java/lang/FdLibm$Atan2
Event: 4.230 Loading class java/lang/FdLibm$Atan2 done
Event: 4.230 Loading class java/lang/FdLibm
Event: 4.230 Loading class java/lang/FdLibm done
Event: 4.242 Loading class java/lang/FdLibm$Hypot
Event: 4.242 Loading class java/lang/FdLibm$Hypot done
Event: 4.346 Loading class java/lang/FdLibm$Acos
Event: 4.347 Loading class java/lang/FdLibm$Acos done

Classes unloaded (0 events):
No events

Classes redefined (0 events):
No events

Internal exceptions (20 events):
Event: 3.670 Thread 0x00000241e2cad660 Exception <a 'java/lang/NoSuchMethodError'{0x0000000745fed480}: 'java.lang.Object java.lang.invoke.DirectMethodHandle$Holder.newInvokeSpecial(java.lang.Object, java.lang.Object, java.lang.Object, int, int, int, int, int)'> (0x0000000745fed480) 
thrown [s\open\src\hotspot\share\interpreter\linkResolver.cpp, line 773]
Event: 3.760 Thread 0x00000241da5eb680 Exception <a 'java/lang/NoSuchMethodError'{0x0000000745a00c70}: 'long java.lang.invoke.DirectMethodHandle$Holder.invokeStatic(java.lang.Object, java.lang.Object, java.lang.Object)'> (0x0000000745a00c70) 
thrown [s\open\src\hotspot\share\interpreter\linkResolver.cpp, line 773]
Event: 3.760 Thread 0x00000241da5eb680 Exception <a 'java/lang/NoSuchMethodError'{0x0000000745a04040}: 'long java.lang.invoke.DirectMethodHandle$Holder.invokeStaticInit(java.lang.Object, java.lang.Object, java.lang.Object)'> (0x0000000745a04040) 
thrown [s\open\src\hotspot\share\interpreter\linkResolver.cpp, line 773]
Event: 3.763 Thread 0x00000241da5eb680 Exception <a 'java/lang/NoSuchMethodError'{0x0000000745a18880}: 'java.lang.Object java.lang.invoke.DirectMethodHandle$Holder.newInvokeSpecial(java.lang.Object, java.lang.Object, long)'> (0x0000000745a18880) 
thrown [s\open\src\hotspot\share\interpreter\linkResolver.cpp, line 773]
Event: 3.763 Thread 0x00000241da5eb680 Exception <a 'java/lang/NoSuchMethodError'{0x0000000745a1c178}: 'java.lang.Object java.lang.invoke.Invokers$Holder.linkToTargetMethod(java.lang.Object, long, java.lang.Object)'> (0x0000000745a1c178) 
thrown [s\open\src\hotspot\share\interpreter\linkResolver.cpp, line 773]
Event: 3.773 Thread 0x00000241da5eb680 Exception <a 'java/lang/NoSuchMethodError'{0x0000000745a5ba78}: 'java.lang.Object java.lang.invoke.DirectMethodHandle$Holder.invokeSpecial(java.lang.Object, java.lang.Object, int, int, int, int)'> (0x0000000745a5ba78) 
thrown [s\open\src\hotspot\share\interpreter\linkResolver.cpp, line 773]
Event: 3.773 Thread 0x00000241da5eb680 Exception <a 'java/lang/NoSuchMethodError'{0x0000000745a5ee38}: 'java.lang.Object java.lang.invoke.Invokers$Holder.linkToTargetMethod(int, int, int, int, java.lang.Object)'> (0x0000000745a5ee38) 
thrown [s\open\src\hotspot\share\interpreter\linkResolver.cpp, line 773]
Event: 3.801 Thread 0x00000241e2caea10 Exception <a 'sun/nio/fs/WindowsException'{0x0000000745bb30a0}> (0x0000000745bb30a0) 
thrown [s\open\src\hotspot\share\prims\jni.cpp, line 520]
Event: 3.818 Thread 0x00000241da5eb680 Exception <a 'java/lang/NoSuchMethodError'{0x0000000745805300}: 'java.lang.Object java.lang.invoke.DirectMethodHandle$Holder.invokeSpecial(java.lang.Object, java.lang.Object, int, int, int, int, int, int, int, int, int, int, int, int, int, int, int, int)'> (0x0000000745805300) 
thrown [s\open\src\hotspot\share\interpreter\linkResolver.cpp, line 773]
Event: 3.824 Thread 0x00000241da4c22e0 Exception <a 'java/lang/NoSuchMethodError'{0x00000007458a4da8}: 'java.lang.Object java.lang.invoke.Invokers$Holder.invokeExact_MT(java.lang.Object, java.lang.Object, java.lang.Object, java.lang.Object, java.lang.Object)'> (0x00000007458a4da8) 
thrown [s\open\src\hotspot\share\interpreter\linkResolver.cpp, line 773]
Event: 3.835 Thread 0x00000241da5eb680 Exception <a 'java/io/FileNotFoundException'{0x000000074583b458}> (0x000000074583b458) 
thrown [s\open\src\hotspot\share\prims\jni.cpp, line 520]
Event: 3.836 Thread 0x00000241da5eb680 Exception <a 'java/io/FileNotFoundException'{0x000000074583c540}> (0x000000074583c540) 
thrown [s\open\src\hotspot\share\prims\jni.cpp, line 520]
Event: 3.836 Thread 0x00000241da5eb680 Exception <a 'java/io/FileNotFoundException'{0x000000074583d640}> (0x000000074583d640) 
thrown [s\open\src\hotspot\share\prims\jni.cpp, line 520]
Event: 3.836 Thread 0x00000241da5eb680 Exception <a 'java/io/FileNotFoundException'{0x000000074583e728}> (0x000000074583e728) 
thrown [s\open\src\hotspot\share\prims\jni.cpp, line 520]
Event: 3.890 Thread 0x00000241d9e9adb0 Exception <a 'java/lang/NoSuchMethodError'{0x0000000745fd8920}: 'java.lang.Object java.lang.invoke.DirectMethodHandle$Holder.newInvokeSpecial(java.lang.Object, java.lang.Object, int, int, java.lang.Object)'> (0x0000000745fd8920) 
thrown [s\open\src\hotspot\share\interpreter\linkResolver.cpp, line 773]
Event: 3.897 Thread 0x00000241da5eb680 Exception <a 'java/io/FileNotFoundException'{0x0000000745860138}> (0x0000000745860138) 
thrown [s\open\src\hotspot\share\prims\jni.cpp, line 520]
Event: 3.897 Thread 0x00000241da5eb680 Exception <a 'java/io/FileNotFoundException'{0x0000000745860f70}> (0x0000000745860f70) 
thrown [s\open\src\hotspot\share\prims\jni.cpp, line 520]
Event: 3.897 Thread 0x00000241da5eb680 Exception <a 'java/io/FileNotFoundException'{0x0000000745861dc0}> (0x0000000745861dc0) 
thrown [s\open\src\hotspot\share\prims\jni.cpp, line 520]
Event: 3.898 Thread 0x00000241da5eb680 Exception <a 'java/io/FileNotFoundException'{0x0000000745862bf8}> (0x0000000745862bf8) 
thrown [s\open\src\hotspot\share\prims\jni.cpp, line 520]
Event: 4.242 Thread 0x00000241da4c22e0 Exception <a 'java/lang/NoSuchMethodError'{0x000000074552a398}: 'java.lang.Object java.lang.invoke.DirectMethodHandle$Holder.invokeStaticInit(java.lang.Object, int)'> (0x000000074552a398) 
thrown [s\open\src\hotspot\share\interpreter\linkResolver.cpp, line 773]

ZGC Phase Switch (0 events):
No events

VM Operations (20 events):
Event: 3.108 Executing VM operation: HandshakeAllThreads (Deoptimize)
Event: 3.108 Executing VM operation: HandshakeAllThreads (Deoptimize) done
Event: 3.207 Executing VM operation: HandshakeAllThreads (Deoptimize)
Event: 3.207 Executing VM operation: HandshakeAllThreads (Deoptimize) done
Event: 3.225 Executing VM operation: ICBufferFull
Event: 3.226 Executing VM operation: ICBufferFull done
Event: 3.238 Executing VM operation: HandshakeAllThreads (Deoptimize)
Event: 3.238 Executing VM operation: HandshakeAllThreads (Deoptimize) done
Event: 3.570 Executing VM operation: HandshakeAllThreads (Deoptimize)
Event: 3.570 Executing VM operation: HandshakeAllThreads (Deoptimize) done
Event: 3.575 Executing VM operation: CollectForMetadataAllocation (Metadata GC Threshold)
Event: 3.587 Executing VM operation: CollectForMetadataAllocation (Metadata GC Threshold) done
Event: 3.599 Executing VM operation: G1PauseRemark
Event: 3.603 Executing VM operation: G1PauseRemark done
Event: 3.603 Executing VM operation: G1PauseCleanup
Event: 3.607 Executing VM operation: G1PauseCleanup done
Event: 3.655 Executing VM operation: HandshakeAllThreads (Deoptimize)
Event: 3.655 Executing VM operation: HandshakeAllThreads (Deoptimize) done
Event: 3.888 Executing VM operation: HandshakeAllThreads (Deoptimize)
Event: 3.888 Executing VM operation: HandshakeAllThreads (Deoptimize) done

Events (20 events):
Event: 1.590 Thread 0x00000241da08fac0 Thread exited: 0x00000241da08fac0
Event: 1.611 Thread 0x00000241da5e9c40 Thread added: 0x00000241da5e9c40
Event: 2.706 Thread 0x00000241da5ebd10 Thread added: 0x00000241da5ebd10
Event: 2.758 Thread 0x00000241da5ea2d0 Thread added: 0x00000241da5ea2d0
Event: 2.830 Thread 0x00000241e2331d50 Thread added: 0x00000241e2331d50
Event: 3.427 Thread 0x00000241da5ec3a0 Thread added: 0x00000241da5ec3a0
Event: 3.441 Thread 0x00000241da5ea960 Thread added: 0x00000241da5ea960
Event: 3.511 Thread 0x00000241da5e8f20 Thread added: 0x00000241da5e8f20
Event: 3.534 Thread 0x00000241e2cafdc0 Thread added: 0x00000241e2cafdc0
Event: 3.622 Thread 0x00000241e2cae380 Thread added: 0x00000241e2cae380
Event: 3.659 Thread 0x00000241e2cad660 Thread added: 0x00000241e2cad660
Event: 3.680 Thread 0x00000241e2cacfd0 Thread added: 0x00000241e2cacfd0
Event: 3.681 Thread 0x00000241e2cb2bb0 Thread added: 0x00000241e2cb2bb0
Event: 3.683 Thread 0x00000241e2cb2520 Thread added: 0x00000241e2cb2520
Event: 3.799 Thread 0x00000241e2caea10 Thread added: 0x00000241e2caea10
Event: 3.814 Thread 0x00000241e2cb1e90 Thread added: 0x00000241e2cb1e90
Event: 3.879 Thread 0x00000241e2cac2b0 Thread added: 0x00000241e2cac2b0
Event: 4.064 Thread 0x00000241e2331d50 Thread exited: 0x00000241e2331d50
Event: 4.121 Thread 0x00000241e30dd1e0 Thread added: 0x00000241e30dd1e0
Event: 4.127 Thread 0x00000241e2cadcf0 Thread added: 0x00000241e2cadcf0


Dynamic libraries:
0x00007ff6e7470000 - 0x00007ff6e7480000 	C:\Program Files\Java\jdk-21\bin\java.exe
0x00007ffdd14f0000 - 0x00007ffdd1707000 	C:\Windows\SYSTEM32\ntdll.dll
0x00007ffdcf3f0000 - 0x00007ffdcf4b4000 	C:\Windows\System32\KERNEL32.DLL
0x00007ffdce9a0000 - 0x00007ffdced47000 	C:\Windows\System32\KERNELBASE.dll
0x00007ffdced50000 - 0x00007ffdcee61000 	C:\Windows\System32\ucrtbase.dll
0x00007ffdc5060000 - 0x00007ffdc5079000 	C:\Program Files\Java\jdk-21\bin\jli.dll
0x00007ffdcf330000 - 0x00007ffdcf3e2000 	C:\Windows\System32\ADVAPI32.dll
0x00007ffdcf280000 - 0x00007ffdcf327000 	C:\Windows\System32\msvcrt.dll
0x00007ffdd0750000 - 0x00007ffdd07f8000 	C:\Windows\System32\sechost.dll
0x00007ffdce810000 - 0x00007ffdce838000 	C:\Windows\System32\bcrypt.dll
0x00007ffdcfc20000 - 0x00007ffdcfd35000 	C:\Windows\System32\RPCRT4.dll
0x00007ffdd0d10000 - 0x00007ffdd0ebe000 	C:\Windows\System32\USER32.dll
0x00007ffdcee70000 - 0x00007ffdcee96000 	C:\Windows\System32\win32u.dll
0x00007ffdd0b20000 - 0x00007ffdd0b49000 	C:\Windows\System32\GDI32.dll
0x00007ffdcf100000 - 0x00007ffdcf219000 	C:\Windows\System32\gdi32full.dll
0x00007ffdce900000 - 0x00007ffdce99a000 	C:\Windows\System32\msvcp_win.dll
0x00007ffdbc3f0000 - 0x00007ffdbc683000 	C:\Windows\WinSxS\amd64_microsoft.windows.common-controls_6595b64144ccf1df_6.0.22621.3527_none_270e469b73872a76\COMCTL32.dll
0x00007ffdc6a30000 - 0x00007ffdc6a3a000 	C:\Windows\SYSTEM32\VERSION.dll
0x00007ffdbcbc0000 - 0x00007ffdbcbdb000 	C:\Program Files\Java\jdk-21\bin\VCRUNTIME140.dll
0x00007ffdd0ec0000 - 0x00007ffdd0ef1000 	C:\Windows\System32\IMM32.DLL
0x00007ffdbc3b0000 - 0x00007ffdbc3bc000 	C:\Program Files\Java\jdk-21\bin\vcruntime140_1.dll
0x00007ffdb34d0000 - 0x00007ffdb355e000 	C:\Program Files\Java\jdk-21\bin\msvcp140.dll
0x00007ffd4f040000 - 0x00007ffd4fd4d000 	C:\Program Files\Java\jdk-21\bin\server\jvm.dll
0x00007ffdd0800000 - 0x00007ffdd0871000 	C:\Windows\System32\WS2_32.dll
0x00007ffdcd690000 - 0x00007ffdcd6dd000 	C:\Windows\SYSTEM32\POWRPROF.dll
0x00007ffdc2ff0000 - 0x00007ffdc3024000 	C:\Windows\SYSTEM32\WINMM.dll
0x00007ffdcd670000 - 0x00007ffdcd683000 	C:\Windows\SYSTEM32\UMPDC.dll
0x00007ffdcd920000 - 0x00007ffdcd938000 	C:\Windows\SYSTEM32\kernel.appcore.dll
0x00007ffdb9fe0000 - 0x00007ffdb9fea000 	C:\Program Files\Java\jdk-21\bin\jimage.dll
0x00007ffdb8070000 - 0x00007ffdb82a2000 	C:\Windows\SYSTEM32\DBGHELP.DLL
0x00007ffdcf540000 - 0x00007ffdcf8c8000 	C:\Windows\System32\combase.dll
0x00007ffdcf980000 - 0x00007ffdcfa57000 	C:\Windows\System32\OLEAUT32.dll
0x00007ffdb4c80000 - 0x00007ffdb4cb2000 	C:\Windows\SYSTEM32\dbgcore.DLL
0x00007ffdcf010000 - 0x00007ffdcf089000 	C:\Windows\System32\bcryptPrimitives.dll
0x00007ffdb34b0000 - 0x00007ffdb34cf000 	C:\Program Files\Java\jdk-21\bin\java.dll
0x00007ffdcfef0000 - 0x00007ffdd074c000 	C:\Windows\System32\SHELL32.dll
0x00007ffdcc760000 - 0x00007ffdcd056000 	C:\Windows\SYSTEM32\windows.storage.dll
0x00007ffdcc620000 - 0x00007ffdcc75e000 	C:\Windows\SYSTEM32\wintypes.dll
0x00007ffdd08e0000 - 0x00007ffdd09d5000 	C:\Windows\System32\SHCORE.dll
0x00007ffdd0880000 - 0x00007ffdd08de000 	C:\Windows\System32\shlwapi.dll
0x00007ffdce740000 - 0x00007ffdce761000 	C:\Windows\SYSTEM32\profapi.dll
0x00007ffd8ef00000 - 0x00007ffd8efd7000 	C:\Program Files\Java\jdk-21\bin\jsvml.dll
0x00007ffdb34a0000 - 0x00007ffdb34b0000 	C:\Program Files\Java\jdk-21\bin\net.dll
0x00007ffdc85d0000 - 0x00007ffdc8706000 	C:\Windows\SYSTEM32\WINHTTP.dll
0x00007ffdcdd90000 - 0x00007ffdcddf9000 	C:\Windows\system32\mswsock.dll
0x00007ffdb3480000 - 0x00007ffdb3496000 	C:\Program Files\Java\jdk-21\bin\nio.dll
0x00007ffda96b0000 - 0x00007ffda96c8000 	C:\Program Files\Java\jdk-21\bin\zip.dll
0x00007ffd885c0000 - 0x00007ffd8874e000 	C:\Program Files\Java\jdk-21\bin\awt.dll
0x00007ffdcbba0000 - 0x00007ffdcbc37000 	C:\Windows\SYSTEM32\apphelp.dll
0x00007ffdcbce0000 - 0x00007ffdcbd8b000 	C:\Windows\system32\uxtheme.dll
0x00007ffdcfd90000 - 0x00007ffdcfee3000 	C:\Windows\System32\MSCTF.dll
0x00007ffdd0b60000 - 0x00007ffdd0d05000 	C:\Windows\System32\ole32.dll
0x00007ffdcbf20000 - 0x00007ffdcbf4b000 	C:\Windows\system32\DWMAPI.DLL
0x00007ffda2650000 - 0x00007ffda2750000 	C:\Windows\system32\opengl32.dll
0x00007ffda25e0000 - 0x00007ffda260d000 	C:\Windows\SYSTEM32\GLU32.dll
0x00007ffdcbf90000 - 0x00007ffdcbfc9000 	C:\Windows\SYSTEM32\dxcore.dll
0x00000241db8b0000 - 0x00000241db8b3000 	C:\Users\lenovo\.openjfx\cache\21+31\amd64\api-ms-win-core-console-l1-1-0.dll
0x00000241db8c0000 - 0x00000241db8c3000 	C:\Users\lenovo\.openjfx\cache\21+31\amd64\api-ms-win-core-console-l1-2-0.dll
0x00000241db8d0000 - 0x00000241db8d3000 	C:\Users\lenovo\.openjfx\cache\21+31\amd64\api-ms-win-core-datetime-l1-1-0.dll
0x00000241db8e0000 - 0x00000241db8e3000 	C:\Users\lenovo\.openjfx\cache\21+31\amd64\api-ms-win-core-debug-l1-1-0.dll
0x00000241db8f0000 - 0x00000241db8f3000 	C:\Users\lenovo\.openjfx\cache\21+31\amd64\api-ms-win-core-errorhandling-l1-1-0.dll
0x00000241db900000 - 0x00000241db904000 	C:\Users\lenovo\.openjfx\cache\21+31\amd64\api-ms-win-core-file-l1-1-0.dll
0x00000241db910000 - 0x00000241db913000 	C:\Users\lenovo\.openjfx\cache\21+31\amd64\api-ms-win-core-file-l1-2-0.dll
0x00000241db920000 - 0x00000241db923000 	C:\Users\lenovo\.openjfx\cache\21+31\amd64\api-ms-win-core-file-l2-1-0.dll
0x00000241db930000 - 0x00000241db933000 	C:\Users\lenovo\.openjfx\cache\21+31\amd64\api-ms-win-core-handle-l1-1-0.dll
0x00000241db940000 - 0x00000241db943000 	C:\Users\lenovo\.openjfx\cache\21+31\amd64\api-ms-win-core-heap-l1-1-0.dll
0x00000241db950000 - 0x00000241db953000 	C:\Users\lenovo\.openjfx\cache\21+31\amd64\api-ms-win-core-interlocked-l1-1-0.dll
0x00000241db960000 - 0x00000241db963000 	C:\Users\lenovo\.openjfx\cache\21+31\amd64\api-ms-win-core-libraryloader-l1-1-0.dll
0x00000241db970000 - 0x00000241db973000 	C:\Users\lenovo\.openjfx\cache\21+31\amd64\api-ms-win-core-localization-l1-2-0.dll
0x00000241db980000 - 0x00000241db983000 	C:\Users\lenovo\.openjfx\cache\21+31\amd64\api-ms-win-core-memory-l1-1-0.dll
0x00000241db990000 - 0x00000241db993000 	C:\Users\lenovo\.openjfx\cache\21+31\amd64\api-ms-win-core-namedpipe-l1-1-0.dll
0x00000241db9a0000 - 0x00000241db9a3000 	C:\Users\lenovo\.openjfx\cache\21+31\amd64\api-ms-win-core-processenvironment-l1-1-0.dll
0x00000241db9b0000 - 0x00000241db9b3000 	C:\Users\lenovo\.openjfx\cache\21+31\amd64\api-ms-win-core-processthreads-l1-1-0.dll
0x00000241db9c0000 - 0x00000241db9c3000 	C:\Users\lenovo\.openjfx\cache\21+31\amd64\api-ms-win-core-processthreads-l1-1-1.dll
0x00000241db9d0000 - 0x00000241db9d3000 	C:\Users\lenovo\.openjfx\cache\21+31\amd64\api-ms-win-core-profile-l1-1-0.dll
0x00000241db9e0000 - 0x00000241db9e3000 	C:\Users\lenovo\.openjfx\cache\21+31\amd64\api-ms-win-core-rtlsupport-l1-1-0.dll
0x00000241db9f0000 - 0x00000241db9f3000 	C:\Users\lenovo\.openjfx\cache\21+31\amd64\api-ms-win-core-string-l1-1-0.dll
0x00000241dba00000 - 0x00000241dba03000 	C:\Users\lenovo\.openjfx\cache\21+31\amd64\api-ms-win-core-synch-l1-1-0.dll
0x00000241dba10000 - 0x00000241dba13000 	C:\Users\lenovo\.openjfx\cache\21+31\amd64\api-ms-win-core-synch-l1-2-0.dll
0x00000241dba20000 - 0x00000241dba23000 	C:\Users\lenovo\.openjfx\cache\21+31\amd64\api-ms-win-core-sysinfo-l1-1-0.dll
0x00000241dba30000 - 0x00000241dba33000 	C:\Users\lenovo\.openjfx\cache\21+31\amd64\api-ms-win-core-timezone-l1-1-0.dll
0x00000241dba40000 - 0x00000241dba43000 	C:\Users\lenovo\.openjfx\cache\21+31\amd64\api-ms-win-core-util-l1-1-0.dll
0x00000241dba50000 - 0x00000241dba53000 	C:\Users\lenovo\.openjfx\cache\21+31\amd64\api-ms-win-crt-conio-l1-1-0.dll
0x00000241dba60000 - 0x00000241dba64000 	C:\Users\lenovo\.openjfx\cache\21+31\amd64\api-ms-win-crt-convert-l1-1-0.dll
0x00000241dba70000 - 0x00000241dba73000 	C:\Users\lenovo\.openjfx\cache\21+31\amd64\api-ms-win-crt-environment-l1-1-0.dll
0x00000241dba80000 - 0x00000241dba83000 	C:\Users\lenovo\.openjfx\cache\21+31\amd64\api-ms-win-crt-filesystem-l1-1-0.dll
0x00000241dba90000 - 0x00000241dba93000 	C:\Users\lenovo\.openjfx\cache\21+31\amd64\api-ms-win-crt-heap-l1-1-0.dll
0x00000241dbaa0000 - 0x00000241dbaa3000 	C:\Users\lenovo\.openjfx\cache\21+31\amd64\api-ms-win-crt-locale-l1-1-0.dll
0x00000241dbab0000 - 0x00000241dbab5000 	C:\Users\lenovo\.openjfx\cache\21+31\amd64\api-ms-win-crt-math-l1-1-0.dll
0x00000241dbac0000 - 0x00000241dbac5000 	C:\Users\lenovo\.openjfx\cache\21+31\amd64\api-ms-win-crt-multibyte-l1-1-0.dll
0x00000241dbad0000 - 0x00000241dbae0000 	C:\Users\lenovo\.openjfx\cache\21+31\amd64\api-ms-win-crt-private-l1-1-0.dll
0x00000241dbae0000 - 0x00000241dbae3000 	C:\Users\lenovo\.openjfx\cache\21+31\amd64\api-ms-win-crt-process-l1-1-0.dll
0x00000241dbaf0000 - 0x00000241dbaf4000 	C:\Users\lenovo\.openjfx\cache\21+31\amd64\api-ms-win-crt-runtime-l1-1-0.dll
0x00000241dbb00000 - 0x00000241dbb04000 	C:\Users\lenovo\.openjfx\cache\21+31\amd64\api-ms-win-crt-stdio-l1-1-0.dll
0x00000241dbb10000 - 0x00000241dbb14000 	C:\Users\lenovo\.openjfx\cache\21+31\amd64\api-ms-win-crt-string-l1-1-0.dll
0x00000241dbb20000 - 0x00000241dbb23000 	C:\Users\lenovo\.openjfx\cache\21+31\amd64\api-ms-win-crt-time-l1-1-0.dll
0x00000241dbb30000 - 0x00000241dbb33000 	C:\Users\lenovo\.openjfx\cache\21+31\amd64\api-ms-win-crt-utility-l1-1-0.dll
0x00007ffda9750000 - 0x00007ffda984c000 	C:\Users\lenovo\.openjfx\cache\21+31\amd64\ucrtbase.dll
0x00007ffdb3580000 - 0x00007ffdb359b000 	C:\Users\lenovo\.openjfx\cache\21+31\amd64\vcruntime140.dll
0x00007ffdb3570000 - 0x00007ffdb357c000 	C:\Users\lenovo\.openjfx\cache\21+31\amd64\vcruntime140_1.dll
0x00007ffda7d30000 - 0x00007ffda7dbe000 	C:\Users\lenovo\.openjfx\cache\21+31\amd64\msvcp140.dll
0x00007ffdb3560000 - 0x00007ffdb3569000 	C:\Users\lenovo\.openjfx\cache\21+31\amd64\msvcp140_1.dll
0x00007ffda9720000 - 0x00007ffda974f000 	C:\Users\lenovo\.openjfx\cache\21+31\amd64\msvcp140_2.dll
0x00007ffda96f0000 - 0x00007ffda971f000 	C:\Users\lenovo\.openjfx\cache\21+31\amd64\prism_d3d.dll
0x00007ffdb99a0000 - 0x00007ffdb9b49000 	C:\Windows\system32\d3d9.dll
0x00007ffdc82d0000 - 0x00007ffdc831a000 	C:\Windows\SYSTEM32\directxdatabasehelper.dll
0x00007ffdce4a0000 - 0x00007ffdce4b2000 	C:\Windows\SYSTEM32\msasn1.dll
0x00007ffdc69f0000 - 0x00007ffdc6a22000 	C:\Windows\SYSTEM32\cryptnet.dll
0x00007ffdceea0000 - 0x00007ffdcf008000 	C:\Windows\System32\CRYPT32.dll
0x00007ffdce010000 - 0x00007ffdce01c000 	C:\Windows\SYSTEM32\cryptbase.dll
0x00007ffdcf090000 - 0x00007ffdcf0fb000 	C:\Windows\System32\wintrust.dll
0x00007ffdcf8d0000 - 0x00007ffdcf8ef000 	C:\Windows\System32\imagehlp.dll
0x00007ffdcdff0000 - 0x00007ffdce00b000 	C:\Windows\SYSTEM32\CRYPTSP.dll
0x00007ffdcd880000 - 0x00007ffdcd8b5000 	C:\Windows\system32\rsaenh.dll
0x00007ffda5f40000 - 0x00007ffda5f82000 	C:\Users\lenovo\.openjfx\cache\21+31\amd64\glass.dll
0x00007ffdd0f30000 - 0x00007ffdd1027000 	C:\Windows\System32\COMDLG32.dll
0x00007ffd9c270000 - 0x00007ffd9c32c000 	C:\Windows\System32\DriverStore\FileRepository\nvlti.inf_amd64_64ea833c46d6bad8\nvldumdx.dll
0x00007ffdc6890000 - 0x00007ffdc69e8000 	C:\Windows\SYSTEM32\drvstore.dll
0x00007ffdce4c0000 - 0x00007ffdce4ec000 	C:\Windows\SYSTEM32\devobj.dll
0x00007ffdce4f0000 - 0x00007ffdce53e000 	C:\Windows\SYSTEM32\cfgmgr32.dll
0x00007ffdce0a0000 - 0x00007ffdce0e9000 	C:\Windows\SYSTEM32\wldp.dll
0x00007ffd4beb0000 - 0x00007ffd4f03d000 	C:\Windows\System32\DriverStore\FileRepository\nvlti.inf_amd64_64ea833c46d6bad8\nvd3dumx.dll
0x00007ffd8b1f0000 - 0x00007ffd8b4c1000 	C:\Windows\system32\nvspcap64.dll
0x00007ffdcd940000 - 0x00007ffdcd974000 	C:\Windows\SYSTEM32\ntmarta.dll
0x00007ffdcde20000 - 0x00007ffdcde46000 	C:\Windows\SYSTEM32\gpapi.dll
0x00007ffd49970000 - 0x00007ffd4bead000 	C:\Windows\SYSTEM32\igdumdim64.dll
0x00007ffdd1030000 - 0x00007ffdd14a4000 	C:\Windows\System32\SETUPAPI.dll
0x00007ffdc0fe0000 - 0x00007ffdc1a1f000 	C:\Windows\SYSTEM32\igdusc64.dll

dbghelp: loaded successfully - version: 4.0.5 - missing functions: none
symbol engine: initialized successfully - sym options: 0x614 - pdb path: .;C:\Program Files\Java\jdk-21\bin;C:\Windows\SYSTEM32;C:\Windows\WinSxS\amd64_microsoft.windows.common-controls_6595b64144ccf1df_6.0.22621.3527_none_270e469b73872a76;C:\Program Files\Java\jdk-21\bin\server;C:\Users\lenovo\.openjfx\cache\21+31\amd64;C:\Windows\System32\DriverStore\FileRepository\nvlti.inf_amd64_64ea833c46d6bad8;C:\Program Files\National Instruments\Shared\mDNS Responder

VM Arguments:
jvm_args: -XX:+ShowCodeDetailsInExceptionMessages 
java_command: com.example.WebPageViewer
java_class_path (initial): C:\Users\lenovo\OneDrive\Informatica\Java\deep-learning-project\target\classes;C:\Users\lenovo\.m2\repository\org\springframework\boot\spring-boot-starter-web\2.7.10\spring-boot-starter-web-2.7.10.jar;C:\Users\lenovo\.m2\repository\org\springframework\boot\spring-boot-starter\2.7.10\spring-boot-starter-2.7.10.jar;C:\Users\lenovo\.m2\repository\org\springframework\boot\spring-boot\2.7.10\spring-boot-2.7.10.jar;C:\Users\lenovo\.m2\repository\org\springframework\boot\spring-boot-autoconfigure\2.7.10\spring-boot-autoconfigure-2.7.10.jar;C:\Users\lenovo\.m2\repository\org\springframework\boot\spring-boot-starter-logging\2.7.10\spring-boot-starter-logging-2.7.10.jar;C:\Users\lenovo\.m2\repository\org\apache\logging\log4j\log4j-to-slf4j\2.17.2\log4j-to-slf4j-2.17.2.jar;C:\Users\lenovo\.m2\repository\org\apache\logging\log4j\log4j-api\2.17.2\log4j-api-2.17.2.jar;C:\Users\lenovo\.m2\repository\org\slf4j\jul-to-slf4j\1.7.36\jul-to-slf4j-1.7.36.jar;C:\Users\lenovo\.m2\repository\jakarta\annotation\jakarta.annotation-api\1.3.5\jakarta.annotation-api-1.3.5.jar;C:\Users\lenovo\.m2\repository\org\springframework\spring-core\5.3.26\spring-core-5.3.26.jar;C:\Users\lenovo\.m2\repository\org\springframework\spring-jcl\5.3.26\spring-jcl-5.3.26.jar;C:\Users\lenovo\.m2\repository\org\yaml\snakeyaml\1.30\snakeyaml-1.30.jar;C:\Users\lenovo\.m2\repository\org\springframework\boot\spring-boot-starter-json\2.7.10\spring-boot-starter-json-2.7.10.jar;C:\Users\lenovo\.m2\repository\com\fasterxml\jackson\core\jackson-databind\2.13.5\jackson-databind-2.13.5.jar;C:\Users\lenovo\.m2\repository\com\fasterxml\jackson\core\jackson-annotations\2.13.5\jackson-annotations-2.13.5.jar;C:\Users\lenovo\.m2\repository\com\fasterxml\jackson\core\jackson-core\2.13.5\jackson-core-2.13.5.jar;C:\Users\lenovo\.m2\repository\com\fasterxml\jackson\datatype\jackson-datatype-jdk8\2.13.5\jackson-datatype-jdk8-2.13.5.jar;C:\Users\lenovo\.m2\repository\com\fasterxml\jackson\datatype\jackson-datatype-jsr310\2.13.5\jackson-datatype-jsr310-2.13.5.jar;C:\Users\lenovo\.m2\repository\com\fasterxml\jackson\module\jackson-module-parameter-names\2.13.5\jackson-module-parameter-names-2.13.5.jar;C:\Users\lenovo\.m2\repository\org\springframework\boot\spring-boot-starter-tomcat\2.7.10\spring-boot-starter-tomcat-2.7.10.jar;C:\Users\lenovo\.m2\repository\org\apache\tomcat\embed\tomcat-embed-core\9.0.73\tomcat-embed-core-9.0.73.jar;C:\Users\lenovo\.m2\repository\org\apache\tomcat\embed\tomcat-embed-el\9.0.73\tomcat-embed-el-9.0.73.jar;C:\Users\lenovo\.m2\repository\org\apache\tomcat\embed\tomcat-embed-websocket\9.0.73\tomcat-embed-websocket-9.0.73.jar;C:\Users\lenovo\.m2\repository\org\springframework\spring-web\5.3.26\spring-web-5.3.26.jar;C:\Users\lenovo\.m2\repository\org\springframework\spring-beans\5.3.26\spring-beans-5.3.26.jar;C:\Users\lenovo\.m2\repository\org\springframework\spring-webmvc\5.3.26\spring-webmvc-5.3.26.jar;C:\Users\lenovo\.m2\repository\org\springframework\spring-aop\5.3.26\spring-aop-5.3.26.jar;C:\Users\lenovo\.m2\repository\org\springframework\spring-context\5.3.26\spring-context-5.3.26.jar;C:\Users\lenovo\.m2\repository\org\springframework\spring-expression\5.3.26\spring-expression-5.3.26.jar;C:\Users\lenovo\.m2\repository\org\openjfx\javafx-controls\21\javafx-controls-21.jar;C:\Users\lenovo\.m2\repository\org\openjfx\javafx-controls\21\javafx-controls-21-win.jar;C:\Users\lenovo\.m2\repository\org\openjfx\javafx-fxml\21\javafx-fxml-21.jar;C:\Users\lenovo\.m2\repository\org\openjfx\javafx-fxml\21\javafx-fxml-21-win.jar;C:\Users\lenovo\.m2\repository\org\openjfx\javafx-graphics\21\javafx-graphics-21.jar;C:\Users\lenovo\.m2\repository\org\openjfx\javafx-graphics\21\javafx-graphics-21-win.jar;C:\Users\lenovo\.m2\repository\org\openjfx\javafx-base\21\javafx-base-21.jar;C:\Users\lenovo\.m2\repository\org\openjfx\javafx-base\21\javafx-base-21-win.jar;C:\Users\lenovo\.m2\repository\org\openjfx\javafx-media\21\javafx-media-21.jar;C:\Users\lenovo\.m2\repository\org\openjfx\javafx-media\21\javafx-media-21-win.jar;C:\Users\lenovo\.m2\repository\org\openjfx\javafx-web\21\javafx-web-21.jar;C:\Users\lenovo\.m2\repository\org\openjfx\javafx-web\21\javafx-web-21-win.jar;C:\Users\lenovo\.m2\repository\org\openjfx\javafx-swing\21\javafx-swing-21.jar;C:\Users\lenovo\.m2\repository\org\openjfx\javafx-swing\21\javafx-swing-21-win.jar;C:\Users\lenovo\.m2\repository\org\springframework\boot\spring-boot-starter-thymeleaf\2.7.10\spring-boot-starter-thymeleaf-2.7.10.jar;C:\Users\lenovo\.m2\repository\org\thymeleaf\thymeleaf-spring5\3.0.15.RELEASE\thymeleaf-spring5-3.0.15.RELEASE.jar;C:\Users\lenovo\.m2\repository\org\thymeleaf\thymeleaf\3.0.15.RELEASE\thymeleaf-3.0.15.RELEASE.jar;C:\Users\lenovo\.m2\repository\org\attoparser\attoparser\2.0.5.RELEASE\attoparser-2.0.5.RELEASE.jar;C:\Users\lenovo\.m2\repository\org\unbescape\unbescape\1.1.6.RELEASE\unbescape-1.1.6.RELEASE.jar;C:\Users\lenovo\.m2\repository\org\thymeleaf\extras\thymeleaf-extras-java8time\3.0.4.RELEASE\thymeleaf-extras-java8time-3.0.4.RELEASE.jar;C:\Users\lenovo\.m2\repository\org\deeplearning4j\deeplearning4j-core\1.0.0-beta7\deeplearning4j-core-1.0.0-beta7.jar;C:\Users\lenovo\.m2\repository\org\deeplearning4j\deeplearning4j-tsne\1.0.0-beta7\deeplearning4j-tsne-1.0.0-beta7.jar;C:\Users\lenovo\.m2\repository\org\deeplearning4j\nearestneighbor-core\1.0.0-beta7\nearestneighbor-core-1.0.0-beta7.jar;C:\Users\lenovo\.m2\repository\org\deeplearning4j\deeplearning4j-datasets\1.0.0-beta7\deeplearning4j-datasets-1.0.0-beta7.jar;C:\Users\lenovo\.m2\repository\org\deeplearning4j\deeplearning4j-common\1.0.0-beta7\deeplearning4j-common-1.0.0-beta7.jar;C:\Users\lenovo\.m2\repository\org\deeplearning4j\deeplearning4j-datavec-iterators\1.0.0-beta7\deeplearning4j-datavec-iterators-1.0.0-beta7.jar;C:\Users\lenovo\.m2\repository\org\deeplearning4j\deeplearning4j-modelimport\1.0.0-beta7\deeplearning4j-modelimport-1.0.0-beta7.jar;C:\Users\lenovo\.m2\repository\com\google\code\gson\gson\2.8.0\gson-2.8.0.jar;C:\Users\lenovo\.m2\repository\org\bytedeco\javacpp\1.5.3\javacpp-1.5.3.jar;C:\Users\lenovo\.m2\repository\org\bytedeco\hdf5-platform\1.12.0-1.5.3\hdf5-platform-1.12.0-1.5.3.jar;C:\Users\lenovo\.m2\repository\org\bytedeco\hdf5\1.12.0-1.5.3\hdf5-1.12.0-1.5.3.jar;C:\Users\lenovo\.m2\repository\org\bytedeco\hdf5\1.12.0-1.5.3\hdf5-1.12.0-1.5.3-linux-x86.jar;C:\Users\lenovo\.m2\repository\org\bytedeco\hdf5\1.12.0-1.5.3\hdf5-1.12.0-1.5.3-linux-x86_64.jar;C:\Users\lenovo\.m2\repository\org\bytedeco\hdf5\1.12.0-1.5.3\hdf5-1.12.0-1.5.3-linux-armhf.jar;C:\Users\lenovo\.m2\repository\org\bytedeco\hdf5\1.12.0-1.5.3\hdf5-1.12.0-1.5.3-linux-arm64.jar;C:\Users\lenovo\.m2\repository\org\bytedeco\hdf5\1.12.0-1.5.3\hdf5-1.12.0-1.5.3-linux-ppc64le.jar;C:\Users\lenovo\.m2\repository\org\bytedeco\hdf5\1.12.0-1.5.3\hdf5-1.12.0-1.5.3-macosx-x86_64.jar;C:\Users\lenovo\.m2\repository\org\bytedeco\hdf5\1.12.0-1.5.3\hdf5-1.12.0-1.5.3-windows-x86.jar;C:\Users\lenovo\.m2\repository\org\bytedeco\hdf5\1.12.0-1.5.3\hdf5-1.12.0-1.5.3-windows-x86_64.jar;C:\Users\lenovo\.m2\repository\org\slf4j\slf4j-api\1.7.21\slf4j-api-1.7.21.jar;C:\Users\lenovo\.m2\repository\org\deeplearning4j\deeplearning4j-nn\1.0.0-beta7\deeplearning4j-nn-1.0.0-beta7.jar;C:\Users\lenovo\.m2\repository\org\deeplearning4j\deeplearning4j-utility-iterators\1.0.0-beta7\deeplearning4j-utility-iterators-1.0.0-beta7.jar;C:\Users\lenovo\.m2\repository\org\lucee\oswego-concurrent\1.3.4\oswego-concurrent-1.3.4.jar;C:\Users\lenovo\.m2\repository\org\nd4j\nd4j-native-api\1.0.0-beta7\nd4j-native-api-1.0.0-beta7.jar;C:\Users\lenovo\.m2\repository\org\nd4j\nd4j-common\1.0.0-beta7\nd4j-common-1.0.0-beta7.jar;C:\Users\lenovo\.m2\repository\org\nd4j\guava\1.0.0-beta7\guava-1.0.0-beta7.jar;C:\Users\lenovo\.m2\repository\it\unimi\dsi\fastutil\6.5.7\fastutil-6.5.7.jar;C:\Users\lenovo\.m2\repository\commons-io\commons-io\2.5\commons-io-2.5.jar;C:\Users\lenovo\.m2\repository\org\apache\commons\commons-compress\1.18\commons-compress-1.18.jar;C:\Users\lenovo\.m2\repository\org\nd4j\nd4j-api\1.0.0-beta7\nd4j-api-1.0.0-beta7.jar;C:\Users\lenovo\.m2\repository\com\jakewharton\byteunits\byteunits\0.9.1\byteunits-0.9.1.jar;C:\Users\lenovo\.m2\repository\com\google\flatbuffers\flatbuffers-java\1.10.0\flatbuffers-java-1.10.0.jar;C:\Users\lenovo\.m2\repository\org\nd4j\protobuf\1.0.0-beta7\protobuf-1.0.0-beta7.jar;C:\Users\lenovo\.m2\repository\commons-net\commons-net\3.1\commons-net-3.1.jar;C:\Users\lenovo\.m2\repository\net\ericaro\neoitertools\1.0.0\neoitertools-1.0.0.jar;C:\Users\lenovo\.m2\repository\org\apache\commons\commons-lang3\3.6\commons-lang3-3.6.jar;C:\Users\lenovo\.m2\repository\org\nd4j\jackson\1.0.0-beta7\jackson-1.0.0-beta7.jar;C:\Users\lenovo\.m2\repository\org\datavec\datavec-api\1.0.0-beta7\datavec-api-1.0.0-beta7.jar;C:\Users\lenovo\.m2\repository\commons-codec\commons-codec\1.10\commons-codec-1.10.jar;C:\Users\lenovo\.m2\repository\joda-time\joda-time\2.2\joda-time-2.2.jar;C:\Users\lenovo\.m2\repository\org\freemarker\freemarker\2.3.23\freemarker-2.3.23.jar;C:\Users\lenovo\.m2\repository\com\clearspring\analytics\stream\2.9.8\stream-2.9.8.jar;C:\Users\lenovo\.m2\repository\net\sf\opencsv\opencsv\2.3\opencsv-2.3.jar;C:\Users\lenovo\.m2\repository\com\tdunning\t-digest\3.2\t-digest-3.2.jar;C:\Users\lenovo\.m2\repository\org\datavec\datavec-data-image\1.0.0-beta7\datavec-data-image-1.0.0-beta7.jar;C:\Users\lenovo\.m2\repository\com\github\jai-imageio\jai-imageio-core\1.3.0\jai-imageio-core-1.3.0.jar;C:\Users\lenovo\.m2\repository\com\twelvemonkeys\imageio\imageio-jpeg\3.1.1\imageio-jpeg-3.1.1.jar;C:\Users\lenovo\.m2\repository\com\twelvemonkeys\imageio\imageio-core\3.1.1\imageio-core-3.1.1.jar;C:\Users\lenovo\.m2\repository\com\twelvemonkeys\imageio\imageio-metadata\3.1.1\imageio-metadata-3.1.1.jar;C:\Users\lenovo\.m2\repository\com\twelvemonkeys\common\common-lang\3.1.1\common-lang-3.1.1.jar;C:\Users\lenovo\.m2\repository\com\twelvemonkeys\common\common-io\3.1.1\common-io-3.1.1.jar;C:\Users\lenovo\.m2\repository\com\twelvemonkeys\common\common-image\3.1.1\common-image-3.1.1.jar;C:\Users\lenovo\.m2\repository\com\twelvemonkeys\imageio\imageio-tiff\3.1.1\imageio-tiff-3.1.1.jar;C:\Users\lenovo\.m2\repository\com\twelvemonkeys\imageio\imageio-psd\3.1.1\imageio-psd-3.1.1.jar;C:\Users\lenovo\.m2\repository\com\twelvemonkeys\imageio\imageio-bmp\3.1.1\imageio-bmp-3.1.1.jar;C:\Users\lenovo\.m2\repository\org\bytedeco\javacv\1.5.3\javacv-1.5.3.jar;C:\Users\lenovo\.m2\repository\org\bytedeco\opencv\4.3.0-1.5.3\opencv-4.3.0-1.5.3.jar;C:\Users\lenovo\.m2\repository\org\bytedeco\ffmpeg\4.2.2-1.5.3\ffmpeg-4.2.2-1.5.3.jar;C:\Users\lenovo\.m2\repository\org\bytedeco\flycapture\2.13.3.31-1.5.3\flycapture-2.13.3.31-1.5.3.jar;C:\Users\lenovo\.m2\repository\org\bytedeco\libdc1394\2.2.6-1.5.3\libdc1394-2.2.6-1.5.3.jar;C:\Users\lenovo\.m2\repository\org\bytedeco\libfreenect\0.5.7-1.5.3\libfreenect-0.5.7-1.5.3.jar;C:\Users\lenovo\.m2\repository\org\bytedeco\libfreenect2\0.2.0-1.5.3\libfreenect2-0.2.0-1.5.3.jar;C:\Users\lenovo\.m2\repository\org\bytedeco\librealsense\1.12.4-1.5.3\librealsense-1.12.4-1.5.3.jar;C:\Users\lenovo\.m2\repository\org\bytedeco\librealsense2\2.29.0-1.5.3\librealsense2-2.29.0-1.5.3.jar;C:\Users\lenovo\.m2\repository\org\bytedeco\videoinput\0.200-1.5.3\videoinput-0.200-1.5.3.jar;C:\Users\lenovo\.m2\repository\org\bytedeco\artoolkitplus\2.3.1-1.5.3\artoolkitplus-2.3.1-1.5.3.jar;C:\Users\lenovo\.m2\repository\org\bytedeco\flandmark\1.07-1.5.3\flandmark-1.07-1.5.3.jar;C:\Users\lenovo\.m2\repository\org\bytedeco\leptonica\1.79.0-1.5.3\leptonica-1.79.0-1.5.3.jar;C:\Users\lenovo\.m2\repository\org\bytedeco\tesseract\4.1.1-1.5.3\tesseract-4.1.1-1.5.3.jar;C:\Users\lenovo\.m2\repository\org\bytedeco\opencv-platform\4.3.0-1.5.3\opencv-platform-4.3.0-1.5.3.jar;C:\Users\lenovo\.m2\repository\org\bytedeco\opencv\4.3.0-1.5.3\opencv-4.3.0-1.5.3-android-arm.jar;C:\Users\lenovo\.m2\repository\org\bytedeco\opencv\4.3.0-1.5.3\opencv-4.3.0-1.5.3-android-arm64.jar;C:\Users\lenovo\.m2\repository\org\bytedeco\opencv\4.3.0-1.5.3\opencv-4.3.0-1.5.3-android-x86.jar;C:\Users\lenovo\.m2\repository\org\bytedeco\opencv\4.3.0-1.5.3\opencv-4.3.0-1.5.3-android-x86_64.jar;C:\Users\lenovo\.m2\repository\org\bytedeco\opencv\4.3.0-1.5.3\opencv-4.3.0-1.5.3-ios-arm64.jar;C:\Users\lenovo\.m2\repository\org\bytedeco\opencv\4.3.0-1.5.3\opencv-4.3.0-1.5.3-ios-x86_64.jar;C:\Users\lenovo\.m2\repository\org\bytedeco\opencv\4.3.0-1.5.3\opencv-4.3.0-1.5.3-linux-x86.jar;C:\Users\lenovo\.m2\repository\org\bytedeco\opencv\4.3.0-1.5.3\opencv-4.3.0-1.5.3-linux-x86_64.jar;C:\Users\lenovo\.m2\repository\org\bytedeco\opencv\4.3.0-1.5.3\opencv-4.3.0-1.5.3-linux-armhf.jar;C:\Users\lenovo\.m2\repository\org\bytedeco\opencv\4.3.0-1.5.3\opencv-4.3.0-1.5.3-linux-arm64.jar;C:\Users\lenovo\.m2\repository\org\bytedeco\opencv\4.3.0-1.5.3\opencv-4.3.0-1.5.3-linux-ppc64le.jar;C:\Users\lenovo\.m2\repository\org\bytedeco\opencv\4.3.0-1.5.3\opencv-4.3.0-1.5.3-macosx-x86_64.jar;C:\Users\lenovo\.m2\repository\org\bytedeco\opencv\4.3.0-1.5.3\opencv-4.3.0-1.5.3-windows-x86.jar;C:\Users\lenovo\.m2\repository\org\bytedeco\opencv\4.3.0-1.5.3\opencv-4.3.0-1.5.3-windows-x86_64.jar;C:\Users\lenovo\.m2\repository\org\bytedeco\leptonica-platform\1.79.0-1.5.3\leptonica-platform-1.79.0-1.5.3.jar;C:\Users\lenovo\.m2\repository\org\bytedeco\leptonica\1.79.0-1.5.3\leptonica-1.79.0-1.5.3-android-arm.jar;C:\Users\lenovo\.m2\repository\org\bytedeco\leptonica\1.79.0-1.5.3\leptonica-1.79.0-1.5.3-android-arm64.jar;C:\Users\lenovo\.m2\repository\org\bytedeco\leptonica\1.79.0-1.5.3\leptonica-1.79.0-1.5.3-android-x86.jar;C:\Users\lenovo\.m2\repository\org\bytedeco\leptonica\1.79.0-1.5.3\leptonica-1.79.0-1.5.3-android-x86_64.jar;C:\Users\lenovo\.m2\repository\org\bytedeco\leptonica\1.79.0-1.5.3\leptonica-1.79.0-1.5.3-linux-x86.jar;C:\Users\lenovo\.m2\repository\org\bytedeco\leptonica\1.79.0-1.5.3\leptonica-1.79.0-1.5.3-linux-x86_64.jar;C:\Users\lenovo\.m2\repository\org\bytedeco\leptonica\1.79.0-1.5.3\leptonica-1.79.0-1.5.3-linux-armhf.jar;C:\Users\lenovo\.m2\repository\org\bytedeco\leptonica\1.79.0-1.5.3\leptonica-1.79.0-1.5.3-linux-arm64.jar;C:\Users\lenovo\.m2\repository\org\bytedeco\leptonica\1.79.0-1.5.3\leptonica-1.79.0-1.5.3-linux-ppc64le.jar;C:\Users\lenovo\.m2\repository\org\bytedeco\leptonica\1.79.0-1.5.3\leptonica-1.79.0-1.5.3-macosx-x86_64.jar;C:\Users\lenovo\.m2\repository\org\bytedeco\leptonica\1.79.0-1.5.3\leptonica-1.79.0-1.5.3-windows-x86.jar;C:\Users\lenovo\.m2\repository\org\bytedeco\leptonica\1.79.0-1.5.3\leptonica-1.79.0-1.5.3-windows-x86_64.jar;C:\Users\lenovo\.m2\repository\org\deeplearning4j\deeplearning4j-ui-components\1.0.0-beta7\deeplearning4j-ui-components-1.0.0-beta7.jar;C:\Users\lenovo\.m2\repository\com\github\oshi\oshi-json\3.4.2\oshi-json-3.4.2.jar;C:\Users\lenovo\.m2\repository\org\glassfish\javax.json\1.0.4\javax.json-1.0.4.jar;C:\Users\lenovo\.m2\repository\com\github\oshi\oshi-core\3.4.2\oshi-core-3.4.2.jar;C:\Users\lenovo\.m2\repository\net\java\dev\jna\jna-platform\4.3.0\jna-platform-4.3.0.jar;C:\Users\lenovo\.m2\repository\net\java\dev\jna\jna\4.3.0\jna-4.3.0.jar;C:\Users\lenovo\.m2\repository\org\threeten\threetenbp\1.3.3\threetenbp-1.3.3.jar;C:\Users\lenovo\.m2\repository\org\nd4j\nd4j-native-platform\1.0.0-beta7\nd4j-native-platform-1.0.0-beta7.jar;C:\Users\lenovo\.m2\repository\org\bytedeco\openblas-platform\0.3.9-1-1.5.3\openblas-platform-0.3.9-1-1.5.3.jar;C:\Users\lenovo\.m2\repository\org\bytedeco\javacpp-platform\1.5.3\javacpp-platform-1.5.3.jar;C:\Users\lenovo\.m2\repository\org\bytedeco\javacpp\1.5.3\javacpp-1.5.3-android-arm.jar;C:\Users\lenovo\.m2\repository\org\bytedeco\javacpp\1.5.3\javacpp-1.5.3-android-arm64.jar;C:\Users\lenovo\.m2\repository\org\bytedeco\javacpp\1.5.3\javacpp-1.5.3-android-x86.jar;C:\Users\lenovo\.m2\repository\org\bytedeco\javacpp\1.5.3\javacpp-1.5.3-android-x86_64.jar;C:\Users\lenovo\.m2\repository\org\bytedeco\javacpp\1.5.3\javacpp-1.5.3-ios-arm64.jar;C:\Users\lenovo\.m2\repository\org\bytedeco\javacpp\1.5.3\javacpp-1.5.3-ios-x86_64.jar;C:\Users\lenovo\.m2\repository\org\bytedeco\javacpp\1.5.3\javacpp-1.5.3-linux-armhf.jar;C:\Users\lenovo\.m2\repository\org\bytedeco\javacpp\1.5.3\javacpp-1.5.3-linux-arm64.jar;C:\Users\lenovo\.m2\repository\org\bytedeco\javacpp\1.5.3\javacpp-1.5.3-linux-ppc64le.jar;C:\Users\lenovo\.m2\repository\org\bytedeco\javacpp\1.5.3\javacpp-1.5.3-linux-x86.jar;C:\Users\lenovo\.m2\repository\org\bytedeco\javacpp\1.5.3\javacpp-1.5.3-linux-x86_64.jar;C:\Users\lenovo\.m2\repository\org\bytedeco\javacpp\1.5.3\javacpp-1.5.3-macosx-x86_64.jar;C:\Users\lenovo\.m2\repository\org\bytedeco\javacpp\1.5.3\javacpp-1.5.3-windows-x86.jar;C:\Users\lenovo\.m2\repository\org\bytedeco\openblas\0.3.9-1-1.5.3\openblas-0.3.9-1-1.5.3.jar;C:\Users\lenovo\.m2\repository\org\bytedeco\openblas\0.3.9-1-1.5.3\openblas-0.3.9-1-1.5.3-android-arm.jar;C:\Users\lenovo\.m2\repository\org\bytedeco\openblas\0.3.9-1-1.5.3\openblas-0.3.9-1-1.5.3-android-arm64.jar;C:\Users\lenovo\.m2\repository\org\bytedeco\openblas\0.3.9-1-1.5.3\openblas-0.3.9-1-1.5.3-android-x86.jar;C:\Users\lenovo\.m2\repository\org\bytedeco\openblas\0.3.9-1-1.5.3\openblas-0.3.9-1-1.5.3-android-x86_64.jar;C:\Users\lenovo\.m2\repository\org\bytedeco\openblas\0.3.9-1-1.5.3\openblas-0.3.9-1-1.5.3-ios-arm64.jar;C:\Users\lenovo\.m2\repository\org\bytedeco\openblas\0.3.9-1-1.5.3\openblas-0.3.9-1-1.5.3-ios-x86_64.jar;C:\Users\lenovo\.m2\repository\org\bytedeco\openblas\0.3.9-1-1.5.3\openblas-0.3.9-1-1.5.3-linux-x86.jar;C:\Users\lenovo\.m2\repository\org\bytedeco\openblas\0.3.9-1-1.5.3\openblas-0.3.9-1-1.5.3-linux-x86_64.jar;C:\Users\lenovo\.m2\repository\org\bytedeco\openblas\0.3.9-1-1.5.3\openblas-0.3.9-1-1.5.3-linux-armhf.jar;C:\Users\lenovo\.m2\repository\org\bytedeco\openblas\0.3.9-1-1.5.3\openblas-0.3.9-1-1.5.3-linux-arm64.jar;C:\Users\lenovo\.m2\repository\org\bytedeco\openblas\0.3.9-1-1.5.3\openblas-0.3.9-1-1.5.3-linux-ppc64le.jar;C:\Users\lenovo\.m2\repository\org\bytedeco\openblas\0.3.9-1-1.5.3\openblas-0.3.9-1-1.5.3-macosx-x86_64.jar;C:\Users\lenovo\.m2\repository\org\bytedeco\openblas\0.3.9-1-1.5.3\openblas-0.3.9-1-1.5.3-windows-x86.jar;C:\Users\lenovo\.m2\repository\org\bytedeco\openblas\0.3.9-1-1.5.3\openblas-0.3.9-1-1.5.3-windows-x86_64.jar;C:\Users\lenovo\.m2\repository\org\bytedeco\mkl-platform\2020.1-1.5.3\mkl-platform-2020.1-1.5.3.jar;C:\Users\lenovo\.m2\repository\org\bytedeco\mkl\2020.1-1.5.3\mkl-2020.1-1.5.3.jar;C:\Users\lenovo\.m2\repository\org\bytedeco\mkl\2020.1-1.5.3\mkl-2020.1-1.5.3-linux-x86.jar;C:\Users\lenovo\.m2\repository\org\bytedeco\mkl\2020.1-1.5.3\mkl-2020.1-1.5.3-linux-x86_64.jar;C:\Users\lenovo\.m2\repository\org\bytedeco\mkl\2020.1-1.5.3\mkl-2020.1-1.5.3-macosx-x86_64.jar;C:\Users\lenovo\.m2\repository\org\bytedeco\mkl\2020.1-1.5.3\mkl-2020.1-1.5.3-windows-x86.jar;C:\Users\lenovo\.m2\repository\org\bytedeco\mkl\2020.1-1.5.3\mkl-2020.1-1.5.3-windows-x86_64.jar;C:\Users\lenovo\.m2\repository\org\nd4j\nd4j-native\1.0.0-beta7\nd4j-native-1.0.0-beta7.jar;C:\Users\lenovo\.m2\repository\org\bytedeco\javacpp\1.5.3\javacpp-1.5.3-windows-x86_64.jar;C:\Users\lenovo\.m2\repository\org\nd4j\nd4j-native\1.0.0-beta7\nd4j-native-1.0.0-beta7-android-arm.jar;C:\Users\lenovo\.m2\repository\org\nd4j\nd4j-native\1.0.0-beta7\nd4j-native-1.0.0-beta7-android-arm64.jar;C:\Users\lenovo\.m2\repository\org\nd4j\nd4j-native\1.0.0-beta7\nd4j-native-1.0.0-beta7-android-x86.jar;C:\Users\lenovo\.m2\repository\org\nd4j\nd4j-native\1.0.0-beta7\nd4j-native-1.0.0-beta7-android-x86_64.jar;C:\Users\lenovo\.m2\repository\org\nd4j\nd4j-native\1.0.0-beta7\nd4j-native-1.0.0-beta7-linux-x86_64.jar;C:\Users\lenovo\.m2\repository\org\nd4j\nd4j-native\1.0.0-beta7\nd4j-native-1.0.0-beta7-macosx-x86_64.jar;C:\Users\lenovo\.m2\repository\org\nd4j\nd4j-native\1.0.0-beta7\nd4j-native-1.0.0-beta7-windows-x86_64.jar;C:\Users\lenovo\.m2\repository\org\nd4j\nd4j-native\1.0.0-beta7\nd4j-native-1.0.0-beta7-linux-ppc64le.jar;C:\Users\lenovo\.m2\repository\org\nd4j\nd4j-native\1.0.0-beta7\nd4j-native-1.0.0-beta7-linux-armhf.jar;C:\Users\lenovo\.m2\repository\ch\qos\logback\logback-classic\1.2.6\logback-classic-1.2.6.jar;C:\Users\lenovo\.m2\repository\ch\qos\logback\logback-core\1.2.6\logback-core-1.2.6.jar;C:\Users\lenovo\.m2\repository\org\apache\commons\commons-math3\3.6.1\commons-math3-3.6.1.jar
Launcher Type: SUN_STANDARD

[Global flags]
     intx CICompilerCount                          = 3                                         {product} {ergonomic}
     uint ConcGCThreads                            = 1                                         {product} {ergonomic}
     uint G1ConcRefinementThreads                  = 4                                         {product} {ergonomic}
   size_t G1HeapRegionSize                         = 2097152                                   {product} {ergonomic}
    uintx GCDrainStackTargetSize                   = 64                                        {product} {ergonomic}
   size_t InitialHeapSize                          = 201326592                                 {product} {ergonomic}
   size_t MarkStackSize                            = 4194304                                   {product} {ergonomic}
   size_t MaxHeapSize                              = 3193962496                                {product} {ergonomic}
   size_t MaxNewSize                               = 1914699776                                {product} {ergonomic}
   size_t MinHeapDeltaBytes                        = 2097152                                   {product} {ergonomic}
   size_t MinHeapSize                              = 8388608                                   {product} {ergonomic}
    uintx NonNMethodCodeHeapSize                   = 5832780                                {pd product} {ergonomic}
    uintx NonProfiledCodeHeapSize                  = 122912730                              {pd product} {ergonomic}
    uintx ProfiledCodeHeapSize                     = 122912730                              {pd product} {ergonomic}
    uintx ReservedCodeCacheSize                    = 251658240                              {pd product} {ergonomic}
     bool SegmentedCodeCache                       = true                                      {product} {ergonomic}
     bool ShowCodeDetailsInExceptionMessages       = true                                   {manageable} {command line}
   size_t SoftMaxHeapSize                          = 3193962496                             {manageable} {ergonomic}
     bool UseCompressedOops                        = true                           {product lp64_product} {ergonomic}
     bool UseG1GC                                  = true                                      {product} {ergonomic}
     bool UseLargePagesIndividualAllocation        = false                                  {pd product} {ergonomic}

Logging:
Log output configuration:
 #0: stdout all=warning uptime,level,tags foldmultilines=false
 #1: stderr all=off uptime,level,tags foldmultilines=false

Environment Variables:
PATH=C:\Python311\Scripts\;C:\Python311\;C:\Program Files (x86)\Intel\iCLS Client\;C:\Program Files\Intel\iCLS Client\;C:\Windows\system32;C:\Windows;C:\Windows\System32\Wbem;C:\Windows\System32\WindowsPowerShell\v1.0\;C:\Windows\System32\OpenSSH\;C:\Program Files\Intel\Intel(R) Management Engine Components\DAL;C:\Program Files\Intel\Intel(R) Management Engine Components\IPT;C:\Program Files (x86)\Intel\Intel(R) Management Engine Components\DAL;C:\Program Files (x86)\Intel\Intel(R) Management Engine Components\IPT;C:\Program Files (x86)\NVIDIA Corporation\PhysX\Common;C:\Program Files\NVIDIA Corporation\NVIDIA NvDLISR;C:\Program Files\nodejs\;C:\ProgramData\chocolatey\bin;C:\Program Files\Git\cmd;C:\Program Files\dotnet\;C:\Program Files\Microsoft SQL Server\130\Tools\Binn\;C:\Program Files\Microsoft SQL Server\Client SDK\ODBC\170\Tools\Binn\;C:\Program Files\Java\jdk-21\bin;C:\Users\lenovo\AppData\Local\Microsoft\WindowsApps;C:\Users\lenovo\AppData\Local\Programs\Microsoft VS Code\bin;C:\MinGW\bin;C:\Users\lenovo\AppData\Roaming\npm;C:\Program Files\nodejs\node_modules;C:\Program Files\nodejs\node_modules\npm\bin;C:\Program Files\nodejs\node_modules\npm\bin\node-gyp-bin;C:\Program Files\Git\bin;C:\Users\lenovo\AppData\Local\GitHubDesktop\bin;C:\Users\lenovo\.dotnet\tools;C:\apache-maven-3.9.6\bin;
USERNAME=lenovo
LANG=en_US.UTF-8
OS=Windows_NT
PROCESSOR_IDENTIFIER=Intel64 Family 6 Model 69 Stepping 1, GenuineIntel
TMP=C:\Users\lenovo\AppData\Local\Temp
TEMP=C:\Users\lenovo\AppData\Local\Temp




Periodic native trim disabled

---------------  S Y S T E M  ---------------

OS:
 Windows 11 , 64 bit Build 22621 (10.0.22621.3527)
OS uptime: 0 days 1:25 hours

CPU: total 4 (initial active 4) (2 cores per cpu, 2 threads per core) family 6 model 69 stepping 1 microcode 0x26, cx8, cmov, fxsr, ht, mmx, sse, sse2, sse3, ssse3, sse4.1, sse4.2, popcnt, lzcnt, tsc, tscinvbit, avx, avx2, aes, erms, clmul, bmi1, bmi2, fma, vzeroupper, clflush, rdtscp, f16c
Processor Information for all 4 processors :
  Max Mhz: 2601, Current Mhz: 2000, Mhz Limit: 1976

Memory: 4k page, system-wide physical 12180M (4200M free)
TotalPageFile size 12180M (AvailPageFile size 5M)
current process WorkingSet (physical memory assigned to process): 219M, peak: 236M
current process commit charge ("private bytes"): 417M, peak: 431M

vm_info: Java HotSpot(TM) 64-Bit Server VM (21.0.3+7-LTS-152) for windows-amd64 JRE (21.0.3+7-LTS-152), built on 2024-03-11T17:42:26Z by "mach5one" with MS VC++ 17.6 (VS2022)

END.
