#
# A fatal error has been detected by the Java Runtime Environment:
#
#  EXCEPTION_ACCESS_VIOLATION (0xc0000005) at pc=0x00007ffd3c587ee2, pid=17872, tid=16828
#
# JRE version: Java(TM) SE Runtime Environment (21.0.3+7) (build 21.0.3+7-LTS-152)
# Java VM: Java HotSpot(TM) 64-Bit Server VM (21.0.3+7-LTS-152, mixed mode, sharing, tiered, compressed oops, compressed class ptrs, g1 gc, windows-amd64)
# Problematic frame:
# C  0x00007ffd3c587ee2
#
# No core dump will be written. Minidumps are not enabled by default on client versions of Windows
#
# If you would like to submit a bug report, please visit:
#   https://bugreport.java.com/bugreport/crash.jsp
# The crash happened outside the Java Virtual Machine in native code.
# See problematic frame for where to report the bug.
#

---------------  S U M M A R Y ------------

Command Line: -XX:+ShowCodeDetailsInExceptionMessages com.example.WebPageViewer

Host: Intel(R) Core(TM) i7-4510U CPU @ 2.00GHz, 4 cores, 11G,  Windows 11 , 64 bit Build 22621 (10.0.22621.3527)
Time: Tue May 21 12:51:14 2024 ora legale Europa occidentale elapsed time: 3.926039 seconds (0d 0h 0m 3s)

---------------  T H R E A D  ---------------

Current thread (0x0000024167a752e0):  JavaThread "JavaFX Application Thread"        [_thread_in_native, id=16828, stack(0x000000b6d1300000,0x000000b6d1400000) (1024K)]

Stack: [0x000000b6d1300000,0x000000b6d1400000],  sp=0x000000b6d13fc590,  free space=1009k
Native frames: (J=compiled Java code, j=interpreted, Vv=VM code, C=native code)
C  0x00007ffd3c587ee2

Java frames: (J=compiled Java code, j=interpreted, Vv=VM code)
j  com.sun.webkit.WebPage.twkUpdateContent(JLcom/sun/webkit/graphics/WCRenderQueue;IIII)V+0
j  com.sun.webkit.WebPage.updateDirty(Lcom/sun/webkit/graphics/WCRectangle;)V+220
j  com.sun.webkit.WebPage.updateContent(Lcom/sun/webkit/graphics/WCRectangle;)V+54
j  com.sun.javafx.sg.prism.web.NGWebView.update()V+72
j  javafx.scene.web.WebView.handleStagePulse()V+40
j  javafx.scene.web.WebView.lambda$new$0()V+1
j  javafx.scene.web.WebView$$Lambda+0x00000241231d3a10.pulse()V+4
j  com.sun.javafx.tk.Toolkit.lambda$runPulse$2(Lcom/sun/javafx/tk/TKPulseListener;)Ljava/lang/Void;+1
j  com.sun.javafx.tk.Toolkit$$Lambda+0x0000024123326410.run()Ljava/lang/Object;+4
J 2329 c1 java.security.AccessController.executePrivileged(Ljava/security/PrivilegedAction;Ljava/security/AccessControlContext;Ljava/lang/Class;)Ljava/lang/Object; java.base@21.0.3 (65 bytes) @ 0x000002410c5fa9cc [0x000002410c5fa860+0x000000000000016c]
j  java.security.AccessController.doPrivileged(Ljava/security/PrivilegedAction;Ljava/security/AccessControlContext;)Ljava/lang/Object;+13 java.base@21.0.3
j  com.sun.javafx.tk.Toolkit.runPulse(Lcom/sun/javafx/tk/TKPulseListener;Ljava/security/AccessControlContext;)V+21
j  com.sun.javafx.tk.Toolkit.firePulse()V+129
j  com.sun.javafx.tk.quantum.QuantumToolkit.pulse(Z)V+93
j  com.sun.javafx.tk.quantum.QuantumToolkit.pulse()V+2
j  com.sun.javafx.tk.quantum.QuantumToolkit.pulseFromQueue()V+1
j  com.sun.javafx.tk.quantum.QuantumToolkit.lambda$runToolkit$11()V+1
j  com.sun.javafx.tk.quantum.QuantumToolkit$$Lambda+0x00000241230edb08.run()V+4
j  com.sun.glass.ui.InvokeLaterDispatcher$Future.run()V+4
v  ~StubRoutines::call_stub 0x00000241136c100d
j  com.sun.glass.ui.win.WinApplication._runLoop(Ljava/lang/Runnable;)V+0
j  com.sun.glass.ui.win.WinApplication.lambda$runLoop$3(ILjava/lang/Runnable;)V+8
j  com.sun.glass.ui.win.WinApplication$$Lambda+0x00000241230e67c8.run()V+12
j  java.lang.Thread.runWith(Ljava/lang/Object;Ljava/lang/Runnable;)V+5 java.base@21.0.3
j  java.lang.Thread.run()V+19 java.base@21.0.3
v  ~StubRoutines::call_stub 0x00000241136c100d

siginfo: EXCEPTION_ACCESS_VIOLATION (0xc0000005), reading address 0x0000000000000020


Registers:
RAX=0x000000b6d13fc610, RBX=0x00000241b3e6f8c0, RCX=0x0000000000000000, RDX=0x0000000000000000
RSP=0x000000b6d13fc590, RBP=0x000000b6d13fc681, RSI=0x0000000000000001, RDI=0x0000000000000000
R8 =0x0000000000000000, R9 =0x000000b6d13fc318, R10=0x0000000000000014, R11=0x000000b6d13fc180
R12=0x00000000001f2238, R13=0x0000000000000001, R14=0x0000000000000005, R15=0x000002416f60f650
RIP=0x00007ffd3c587ee2, EFLAGS=0x0000000000010202


Register to memory mapping:

RAX=0x000000b6d13fc610 is pointing into the stack for thread: 0x0000024167a752e0
RBX=0x00000241b3e6f8c0 points into unknown readable memory: 0x000002416f60f650 | 50 f6 60 6f 41 02 00 00
RCX=0x0 is null
RDX=0x0 is null
RSP=0x000000b6d13fc590 is pointing into the stack for thread: 0x0000024167a752e0
RBP=0x000000b6d13fc681 is pointing into the stack for thread: 0x0000024167a752e0
RSI=0x0000000000000001 is an unknown value
RDI=0x0 is null
R8 =0x0 is null
R9 =0x000000b6d13fc318 is pointing into the stack for thread: 0x0000024167a752e0
R10=0x0000000000000014 is an unknown value
R11=0x000000b6d13fc180 is pointing into the stack for thread: 0x0000024167a752e0
R12=0x00000000001f2238 is an unknown value
R13=0x0000000000000001 is an unknown value
R14=0x0000000000000005 is an unknown value
R15=0x000002416f60f650 points into unknown readable memory: 0x00007ffd3d5a97c0 | c0 97 5a 3d fd 7f 00 00

Top of Stack: (sp=0x000000b6d13fc590)
0x000000b6d13fc590:   0000000000000000 000002416f60f650
0x000000b6d13fc5a0:   000002416f60f650 0000000000000000
0x000000b6d13fc5b0:   0000000000000000 0000000000000030
0x000000b6d13fc5c0:   000002416f86c0c0 00007ffdc0050000
0x000000b6d13fc5d0:   0000001300000001 000001460000028e
0x000000b6d13fc5e0:   0000001c00001aa8 000000130000017f
0x000000b6d13fc5f0:   000000b600000147 000000b6d13fc718
0x000000b6d13fc600:   0000000000000000 000002416f656aa0
0x000000b6d13fc610:   0000000000000000 0000000000000004
0x000000b6d13fc620:   0000000000000002 0000000000000004
0x000000b6d13fc630:   0000017f000006aa 00007ffd3c58a7a0
0x000000b6d13fc640:   0000000000000028 000000b600000004
0x000000b6d13fc650:   000002416f67daf0 0000000300000010
0x000000b6d13fc660:   00000241b3e6f8c0 0000000400000010
0x000000b6d13fc670:   0000ccad911e5a57 000000b6d13fc718
0x000000b6d13fc680:   000002416f86c0c0 000000b6d13fc8b0
0x000000b6d13fc690:   000002416f526030 000002416f526030
0x000000b6d13fc6a0:   000000b6d13fcbf8 000002416f687550
0x000000b6d13fc6b0:   000002416f687010 000002416f60f650
0x000000b6d13fc6c0:   000002416f86c0c0 00007ffd3c586806
0x000000b6d13fc6d0:   000000b6d13fc7f0 00007ffdc0051966
0x000000b6d13fc6e0:   00000241b3bc1cf8 000002416f687550
0x000000b6d13fc6f0:   000000b6d13fc718 c2540000c2540000
0x000000b6d13fc700:   000000b600000003 00007ffd3bb60071
0x000000b6d13fc710:   000002416f656aa0 0000051a000006aa
0x000000b6d13fc720:   0000001300000013 ffffffe5ffffffe5
0x000000b6d13fc730:   0000051a000006aa 0000ccad911e5917
0x000000b6d13fc740:   00000241b415e090 00000241b3bc1cf8
0x000000b6d13fc750:   00000241b3bc1cf8 000000b6d13fc920
0x000000b6d13fc760:   000000b6d13fc829 00007ffd3c582efb
0x000000b6d13fc770:   000000b6d13fc920 0000000000000001
0x000000b6d13fc780:   00000241b415e090 000000b6d13fc920 

Instructions: (pc=0x00007ffd3c587ee2)
0x00007ffd3c587de2:   07 4c 8d 45 af 48 8d 54 24 70 49 8b cf ff 50 10
0x00007ffd3c587df2:   48 8b 08 48 89 38 4e 8b 04 f3 4a 89 0c f3 4d 85
0x00007ffd3c587e02:   c0 74 26 41 8b 40 08 49 8d 48 08 2b c6 75 18 48
0x00007ffd3c587e12:   85 c9 4c 0f 44 c7 4d 85 c0 74 0e 49 8b 00 8b d6
0x00007ffd3c587e22:   49 8b c8 ff 10 eb 02 89 01 48 8b 4c 24 70 48 89
0x00007ffd3c587e32:   7c 24 70 48 85 c9 74 22 8b 51 08 48 8d 41 08 2b
0x00007ffd3c587e42:   d6 75 15 48 85 c0 48 0f 44 cf 48 85 c9 74 0b 48
0x00007ffd3c587e52:   8b 01 8b d6 ff 10 eb 02 89 10 48 8b 4d 87 4c 8d
0x00007ffd3c587e62:   45 af 48 8d 55 8f 48 8b 01 ff 50 10 48 8b 08 48
0x00007ffd3c587e72:   89 38 4e 8b 44 f3 08 4a 89 4c f3 08 4d 85 c0 74
0x00007ffd3c587e82:   26 41 8b 40 08 49 8d 48 08 2b c6 75 18 48 85 c9
0x00007ffd3c587e92:   4c 0f 44 c7 4d 85 c0 74 0e 49 8b 00 8b d6 49 8b
0x00007ffd3c587ea2:   c8 ff 10 eb 02 89 01 48 8b 4d 8f 48 89 7d 8f 48
0x00007ffd3c587eb2:   85 c9 74 22 8b 51 08 48 8d 41 08 2b d6 75 15 48
0x00007ffd3c587ec2:   85 c0 48 0f 44 cf 48 85 c9 74 0b 48 8b 01 8b d6
0x00007ffd3c587ed2:   ff 10 eb 02 89 10 4a 8b 0c f3 44 0f af 64 24 50
0x00007ffd3c587ee2:   4c 8b 41 20 48 8b 49 18 49 63 d4 49 03 57 18 e8
0x00007ffd3c587ef2:   70 c6 e4 00 44 8b 54 24 40 48 8b 44 24 68 41 ff
0x00007ffd3c587f02:   c2 49 ff c5 44 89 54 24 40 8b 00 42 89 44 f3 10
0x00007ffd3c587f12:   8b 44 24 58 42 89 44 f3 14 8b 44 24 5c 42 89 44
0x00007ffd3c587f22:   f3 18 8b 44 24 44 42 89 44 f3 1c 0f b6 45 77 42
0x00007ffd3c587f32:   88 44 f3 20 8b 45 7f 42 89 44 f3 24 4c 8b 75 a7
0x00007ffd3c587f42:   4d 3b ee 7d 1a 44 8b 45 eb 48 8b 5d df 4c 8b 4d
0x00007ffd3c587f52:   97 44 8b 5c 24 4c 48 8b 4d 9f e9 7f fd ff ff 48
0x00007ffd3c587f62:   8b 55 df 48 8d 4d b7 e8 52 4c d0 00 4c 3b f6 0f
0x00007ffd3c587f72:   8e 81 00 00 00 44 8b 64 24 60 bb 28 00 00 00 44
0x00007ffd3c587f82:   8b 6c 24 4c 66 66 0f 1f 84 00 00 00 00 00 8b 45
0x00007ffd3c587f92:   eb 48 3b f0 0f 83 7b 01 00 00 44 8b 4c 24 50 41
0x00007ffd3c587fa2:   8b c4 48 3b 75 9f 41 0f 4d c5 03 f8 41 0f af c1
0x00007ffd3c587fb2:   4c 63 c0 48 8b 45 df 48 8b 0c 03 8b 44 24 54 41
0x00007ffd3c587fc2:   0f af c1 48 63 d0 8b c7 48 03 51 18 41 0f af c1
0x00007ffd3c587fd2:   48 63 c8 49 03 4f 18 e8 88 c5 e4 00 48 ff c6 48 


Stack slot to memory mapping:

stack at sp + 0 slots: 0x0 is null
stack at sp + 1 slots: 0x000002416f60f650 points into unknown readable memory: 0x00007ffd3d5a97c0 | c0 97 5a 3d fd 7f 00 00
stack at sp + 2 slots: 0x000002416f60f650 points into unknown readable memory: 0x00007ffd3d5a97c0 | c0 97 5a 3d fd 7f 00 00
stack at sp + 3 slots: 0x0 is null
stack at sp + 4 slots: 0x0 is null
stack at sp + 5 slots: 0x0000000000000030 is an unknown value
stack at sp + 6 slots: 0x000002416f86c0c0 points into unknown readable memory: 0x00007ffd3d6f46a8 | a8 46 6f 3d fd 7f 00 00
stack at sp + 7 slots: 0x00007ffdc0050000 ucrtbase.dll


Compiled method (c1)    4155 2329       3       java.security.AccessController::executePrivileged (65 bytes)
 total in heap  [0x000002410c5fa690,0x000002410c5fac88] = 1528
 relocation     [0x000002410c5fa7f0,0x000002410c5fa858] = 104
 main code      [0x000002410c5fa860,0x000002410c5fab10] = 688
 stub code      [0x000002410c5fab10,0x000002410c5fab68] = 88
 metadata       [0x000002410c5fab68,0x000002410c5fab78] = 16
 scopes data    [0x000002410c5fab78,0x000002410c5fabf0] = 120
 scopes pcs     [0x000002410c5fabf0,0x000002410c5fac70] = 128
 dependencies   [0x000002410c5fac70,0x000002410c5fac78] = 8
 nul chk table  [0x000002410c5fac78,0x000002410c5fac88] = 16

[Constant Pool (empty)]

[MachCode]
[Verified Entry Point]
  # {method} {0x00000241224788d0} 'executePrivileged' '(Ljava/security/PrivilegedAction;Ljava/security/AccessControlContext;Ljava/lang/Class;)Ljava/lang/Object;' in 'java/security/AccessController'
  # parm0:    rdx:rdx   = 'java/security/PrivilegedAction'
  # parm1:    r8:r8     = 'java/security/AccessControlContext'
  # parm2:    r9:r9     = 'java/lang/Class'
  #           [sp+0x50]  (sp of caller)
  0x000002410c5fa860: 8984 2400 | 80ff ff55 | 4883 ec40 | 4181 7f20 | 0300 0000 

  0x000002410c5fa874: ;   {runtime_call StubRoutines (final stubs)}
  0x000002410c5fa874: 7405 e8e5 | a40f 074c | 8944 2430 

  0x000002410c5fa880: ;   {metadata(method data for {method} {0x00000241224788d0} 'executePrivileged' '(Ljava/security/PrivilegedAction;Ljava/security/AccessControlContext;Ljava/lang/Class;)Ljava/lang/Object;' in 'java/security/AccessController')}
  0x000002410c5fa880: 48be 1017 | 1163 4102 | 0000 8bbe | cc00 0000 | 83c7 0289 | becc 0000 | 0081 e7fe | 0700 0085 
  0x000002410c5fa8a0: ff0f 84c7 | 0100 004d 

  0x000002410c5fa8a8: ;   {metadata(method data for {method} {0x00000241224788d0} 'executePrivileged' '(Ljava/security/PrivilegedAction;Ljava/security/AccessControlContext;Ljava/lang/Class;)Ljava/lang/Object;' in 'java/security/AccessController')}
  0x000002410c5fa8a8: 85c0 48be | 1017 1163 | 4102 0000 | 48bf 1001 | 0000 0000 | 0000 740a | 48bf 2001 | 0000 0000 
  0x000002410c5fa8c8: 0000 488b | 1c3e 488d | 5b01 4889 | 1c3e 4c89 | 4c24 2848 | 8954 2420 | 0f84 2600 

  0x000002410c5fa8e4: ;   {metadata(method data for {method} {0x00000241224788d0} 'executePrivileged' '(Ljava/security/PrivilegedAction;Ljava/security/AccessControlContext;Ljava/lang/Class;)Ljava/lang/Object;' in 'java/security/AccessController')}
  0x000002410c5fa8e4: 0000 48be | 1017 1163 | 4102 0000 | 4883 8630 | 0100 0001 | 498b d00f 

  0x000002410c5fa8fc: ;   {static_call}
  0x000002410c5fa8fc: 1f40 00e8 

  0x000002410c5fa900: ; ImmutableOopMap {[32]=Oop [40]=Oop [48]=Oop }
                      ;*invokestatic ensureMaterializedForStackWalk {reexecute=0 rethrow=0 return_oop=0}
                      ; - java.security.AccessController::executePrivileged@5 (line 774)
  0x000002410c5fa900: 2002 0000 

  0x000002410c5fa904: ;   {other}
  0x000002410c5fa904: 0f1f 8400 | 7402 0000 

  0x000002410c5fa90c: ;   {metadata(method data for {method} {0x00000241224788d0} 'executePrivileged' '(Ljava/security/PrivilegedAction;Ljava/security/AccessControlContext;Ljava/lang/Class;)Ljava/lang/Object;' in 'java/security/AccessController')}
  0x000002410c5fa90c: 48ba 1017 | 1163 4102 | 0000 ff82 | 4001 0000 | 488b 5424 | 2048 3b02 

  0x000002410c5fa924: ;   {metadata(method data for {method} {0x00000241224788d0} 'executePrivileged' '(Ljava/security/PrivilegedAction;Ljava/security/AccessControlContext;Ljava/lang/Class;)Ljava/lang/Object;' in 'java/security/AccessController')}
  0x000002410c5fa924: 488b f248 | bf10 1711 | 6341 0200 | 008b 7608 | 49ba 0000 | 0022 4102 | 0000 4903 | f248 3bb7 
  0x000002410c5fa944: b001 0000 | 750d 4883 | 87b8 0100 | 0001 e960 | 0000 0048 | 3bb7 c001 | 0000 750d | 4883 87c8 
  0x000002410c5fa964: 0100 0001 | e94a 0000 | 0048 83bf | b001 0000 | 0075 1748 | 89b7 b001 | 0000 48c7 | 87b8 0100 
  0x000002410c5fa984: 0001 0000 | 00e9 2900 | 0000 4883 | bfc0 0100 | 0000 7517 | 4889 b7c0 | 0100 0048 | c787 c801 
  0x000002410c5fa9a4: 0000 0100 | 0000 e908 | 0000 0048 | 8387 a001 | 0000 0166 | 0f1f 4400 | 0048 b8ff | ffff ffff 
  0x000002410c5fa9c4: ;   {virtual_call}
  0x000002410c5fa9c4: ffff ffe8 

  0x000002410c5fa9c8: ; ImmutableOopMap {[40]=Oop [48]=Oop }
                      ;*invokeinterface run {reexecute=0 rethrow=0 return_oop=0}
                      ; - java.security.AccessController::executePrivileged@29 (line 778)
  0x000002410c5fa9c8: d41b 1107 

  0x000002410c5fa9cc: ;   {other}
  0x000002410c5fa9cc: 0f1f 8400 | 3c03 0001 

  0x000002410c5fa9d4: ;   {metadata(method data for {method} {0x00000241224788d0} 'executePrivileged' '(Ljava/security/PrivilegedAction;Ljava/security/AccessControlContext;Ljava/lang/Class;)Ljava/lang/Object;' in 'java/security/AccessController')}
  0x000002410c5fa9d4: 48be 1017 | 1163 4102 | 0000 ff86 | d801 0000 | 4c8b 4c24 

  0x000002410c5fa9e8: ;   {metadata(method data for {method} {0x00000241224788d0} 'executePrivileged' '(Ljava/security/PrivilegedAction;Ljava/security/AccessControlContext;Ljava/lang/Class;)Ljava/lang/Object;' in 'java/security/AccessController')}
  0x000002410c5fa9e8: 2848 be10 | 1711 6341 | 0200 0048 | 8386 3802 

  0x000002410c5fa9f8: ;   {metadata(method data for {method} {0x000002412203d400} 'reachabilityFence' '(Ljava/lang/Object;)V' in 'java/lang/ref/Reference')}
  0x000002410c5fa9f8: 0000 0148 | be60 6b08 | 6341 0200 | 008b becc | 0000 0083 | c702 89be | cc00 0000 | 81e7 feff 
  0x000002410c5faa18: 1f00 85ff | 0f84 7200 

  0x000002410c5faa20: ;   {metadata(method data for {method} {0x00000241224788d0} 'executePrivileged' '(Ljava/security/PrivilegedAction;Ljava/security/AccessControlContext;Ljava/lang/Class;)Ljava/lang/Object;' in 'java/security/AccessController')}
  0x000002410c5faa20: 0000 48be | 1017 1163 | 4102 0000 | 4883 8648 | 0200 0001 

  0x000002410c5faa34: ;   {metadata(method data for {method} {0x000002412203d400} 'reachabilityFence' '(Ljava/lang/Object;)V' in 'java/lang/ref/Reference')}
  0x000002410c5faa34: 48be 606b | 0863 4102 | 0000 8bbe | cc00 0000 | 83c7 0289 | becc 0000 | 0081 e7fe | ff1f 0085 
  0x000002410c5faa54: ff0f 845a | 0000 0048 | 83c4 405d 

  0x000002410c5faa60: ;   {poll_return}
  0x000002410c5faa60: 493b a750 | 0400 000f | 8766 0000 

  0x000002410c5faa6c: ;   {metadata({method} {0x00000241224788d0} 'executePrivileged' '(Ljava/security/PrivilegedAction;Ljava/security/AccessControlContext;Ljava/lang/Class;)Ljava/lang/Object;' in 'java/security/AccessController')}
  0x000002410c5faa6c: 00c3 49ba | c888 4722 | 4102 0000 | 4c89 5424 | 0848 c704 | 24ff ffff 

  0x000002410c5faa84: ;   {runtime_call counter_overflow Runtime1 stub}
  0x000002410c5faa84: ffe8 76e0 

  0x000002410c5faa88: ; ImmutableOopMap {rdx=Oop r8=Oop r9=Oop [48]=Oop }
                      ;*synchronization entry
                      ; - java.security.AccessController::executePrivileged@-1 (line 773)
  0x000002410c5faa88: 1d07 e918 

  0x000002410c5faa8c: ;   {runtime_call throw_null_pointer_exception Runtime1 stub}
  0x000002410c5faa8c: feff ffe8 

  0x000002410c5faa90: ; ImmutableOopMap {rdx=Oop [40]=Oop [48]=Oop }
                      ;*invokeinterface run {reexecute=0 rethrow=0 return_oop=0}
                      ; - java.security.AccessController::executePrivileged@29 (line 778)
  0x000002410c5faa90: ec6e 1d07 

  0x000002410c5faa94: ;   {metadata({method} {0x000002412203d400} 'reachabilityFence' '(Ljava/lang/Object;)V' in 'java/lang/ref/Reference')}
  0x000002410c5faa94: 49ba f8d3 | 0322 4102 | 0000 4c89 | 5424 0848 | c704 24ff 

  0x000002410c5faaa8: ;   {runtime_call counter_overflow Runtime1 stub}
  0x000002410c5faaa8: ffff ffe8 

  0x000002410c5faaac: ; ImmutableOopMap {rax=Oop r9=Oop }
                      ;*synchronization entry
                      ; - java.lang.ref.Reference::reachabilityFence@-1 (line 628)
                      ; - java.security.AccessController::executePrivileged@56 (line 783)
  0x000002410c5faaac: 50e0 1d07 | e96d ffff 

  0x000002410c5faab4: ;   {metadata({method} {0x000002412203d400} 'reachabilityFence' '(Ljava/lang/Object;)V' in 'java/lang/ref/Reference')}
  0x000002410c5faab4: ff49 baf8 | d303 2241 | 0200 004c | 8954 2408 | 48c7 0424 | ffff ffff 

  0x000002410c5faacc: ;   {runtime_call counter_overflow Runtime1 stub}
  0x000002410c5faacc: e82f e01d 

  0x000002410c5faad0: ; ImmutableOopMap {rax=Oop }
                      ;*synchronization entry
                      ; - java.lang.ref.Reference::reachabilityFence@-1 (line 628)
                      ; - java.security.AccessController::executePrivileged@60 (line 784)
                      ;   {internal_word}
  0x000002410c5faad0: 07eb 8849 | ba60 aa5f | 0c41 0200 | 004d 8997 | 6804 0000 

  0x000002410c5faae4: ;   {runtime_call SafepointBlob}
  0x000002410c5faae4: e917 ac11 | 0749 8b87 | 0005 0000 | 49c7 8700 | 0500 0000 | 0000 0049 | c787 0805 | 0000 0000 
  0x000002410c5fab04: 0000 4883 

  0x000002410c5fab08: ;   {runtime_call unwind_exception Runtime1 stub}
  0x000002410c5fab08: c440 5de9 | f05a 1d07 
[Stub Code]
  0x000002410c5fab10: ;   {no_reloc}
  0x000002410c5fab10: 0f1f 4400 

  0x000002410c5fab14: ;   {static_stub}
  0x000002410c5fab14: 0048 bb00 | 0000 0000 

  0x000002410c5fab1c: ;   {runtime_call}
  0x000002410c5fab1c: 0000 00e9 | fbff ffff 

  0x000002410c5fab24: ;   {static_stub}
  0x000002410c5fab24: 48bb f086 | 4722 4102 

  0x000002410c5fab2c: ;   {runtime_call I2C/C2I adapters}
  0x000002410c5fab2c: 0000 e930 

  0x000002410c5fab30: ;   {runtime_call handle_exception_from_callee Runtime1 stub}
  0x000002410c5fab30: 8911 07e8 | c899 1d07 

  0x000002410c5fab38: ;   {external_word}
  0x000002410c5fab38: 48b9 c0b7 | f245 fd7f | 0000 4883 

  0x000002410c5fab44: ;   {runtime_call}
  0x000002410c5fab44: e4f0 48b8 | 30e7 ba45 | fd7f 0000 

  0x000002410c5fab50: ;   {section_word}
  0x000002410c5fab50: ffd0 f449 | ba53 ab5f | 0c41 0200 

  0x000002410c5fab5c: ;   {runtime_call DeoptimizationBlob}
  0x000002410c5fab5c: 0041 52e9 | 3c9e 1107 | f4f4 f4f4 
[/MachCode]


---------------  P R O C E S S  ---------------

Threads class SMR info:
_java_thread_list=0x00000241b3d1c3b0, length=33, elements={
0x000002412120ec60, 0x000002412120f820, 0x0000024121212ba0, 0x0000024121213600,
0x0000024121216940, 0x0000024121217c70, 0x000002412121d7e0, 0x000002412121eb50,
0x00000241215806b0, 0x00000241215886a0, 0x0000024121f8e2f0, 0x000002416714eb00,
0x000002416714f170, 0x00000241670a7240, 0x0000024101b61130, 0x000002416790dbc0,
0x0000024167116720, 0x0000024167a752e0, 0x0000024167a75970, 0x0000024167a745c0,
0x000002416f605bc0, 0x000002416f4ee0c0, 0x000002416f6089b0, 0x000002416f601a20,
0x000002416f608320, 0x000002416f606f70, 0x000002416f604180, 0x000002416f607600,
0x000002416f602740, 0x000002416f607c90, 0x000002416f606250, 0x000002416f602dd0,
0x000002416f6068e0
}

Java Threads: ( => current thread )
  0x000002412120ec60 JavaThread "Reference Handler"          daemon [_thread_blocked, id=7032, stack(0x000000b6cfe00000,0x000000b6cff00000) (1024K)]
  0x000002412120f820 JavaThread "Finalizer"                  daemon [_thread_blocked, id=11708, stack(0x000000b6cff00000,0x000000b6d0000000) (1024K)]
  0x0000024121212ba0 JavaThread "Signal Dispatcher"          daemon [_thread_blocked, id=18148, stack(0x000000b6d0000000,0x000000b6d0100000) (1024K)]
  0x0000024121213600 JavaThread "Attach Listener"            daemon [_thread_blocked, id=16612, stack(0x000000b6d0100000,0x000000b6d0200000) (1024K)]
  0x0000024121216940 JavaThread "Service Thread"             daemon [_thread_blocked, id=18128, stack(0x000000b6d0200000,0x000000b6d0300000) (1024K)]
  0x0000024121217c70 JavaThread "Monitor Deflation Thread"   daemon [_thread_blocked, id=14268, stack(0x000000b6d0300000,0x000000b6d0400000) (1024K)]
  0x000002412121d7e0 JavaThread "C2 CompilerThread0"         daemon [_thread_blocked, id=14536, stack(0x000000b6d0400000,0x000000b6d0500000) (1024K)]
  0x000002412121eb50 JavaThread "C1 CompilerThread0"         daemon [_thread_blocked, id=7988, stack(0x000000b6d0500000,0x000000b6d0600000) (1024K)]
  0x00000241215806b0 JavaThread "Notification Thread"        daemon [_thread_blocked, id=6268, stack(0x000000b6d0600000,0x000000b6d0700000) (1024K)]
  0x00000241215886a0 JavaThread "Common-Cleaner"             daemon [_thread_blocked, id=2232, stack(0x000000b6d0700000,0x000000b6d0800000) (1024K)]
  0x0000024121f8e2f0 JavaThread "Java2D Disposer"            daemon [_thread_blocked, id=12364, stack(0x000000b6d0b00000,0x000000b6d0c00000) (1024K)]
  0x000002416714eb00 JavaThread "AWT-Shutdown"                      [_thread_blocked, id=18420, stack(0x000000b6d0c00000,0x000000b6d0d00000) (1024K)]
  0x000002416714f170 JavaThread "AWT-Windows"                daemon [_thread_in_native, id=2336, stack(0x000000b6d0d00000,0x000000b6d0e00000) (1024K)]
  0x00000241670a7240 JavaThread "AWT-EventQueue-0"                  [_thread_blocked, id=17232, stack(0x000000b6d0e00000,0x000000b6d0f00000) (1024K)]
  0x0000024101b61130 JavaThread "DestroyJavaVM"                     [_thread_blocked, id=5864, stack(0x000000b6cf500000,0x000000b6cf600000) (1024K)]
  0x000002416790dbc0 JavaThread "QuantumRenderer-0"          daemon [_thread_blocked, id=3188, stack(0x000000b6d1100000,0x000000b6d1200000) (1024K)]
  0x0000024167116720 JavaThread "InvokeLaterDispatcher"      daemon [_thread_blocked, id=12020, stack(0x000000b6d1000000,0x000000b6d1100000) (1024K)]
=>0x0000024167a752e0 JavaThread "JavaFX Application Thread"         [_thread_in_native, id=16828, stack(0x000000b6d1300000,0x000000b6d1400000) (1024K)]
  0x0000024167a75970 JavaThread "Thread-2"                   daemon [_thread_in_native, id=12752, stack(0x000000b6d0f00000,0x000000b6d1000000) (1024K)]
  0x0000024167a745c0 JavaThread "Prism Font Disposer"        daemon [_thread_blocked, id=13944, stack(0x000000b6d1600000,0x000000b6d1700000) (1024K)]
  0x000002416f605bc0 JavaThread "Disposer"                   daemon [_thread_blocked, id=18348, stack(0x000000b6d1900000,0x000000b6d1a00000) (1024K)]
  0x000002416f4ee0c0 JavaThread "C2 CompilerThread1"         daemon [_thread_blocked, id=14748, stack(0x000000b6d1a00000,0x000000b6d1b00000) (1024K)]
  0x000002416f6089b0 JavaThread "HttpClient-1-SelectorManager" daemon [_thread_in_native, id=3684, stack(0x000000b6d1b00000,0x000000b6d1c00000) (1024K)]
  0x000002416f601a20 JavaThread "HttpClient-1-Worker-0"      daemon [_thread_blocked, id=15256, stack(0x000000b6d1c00000,0x000000b6d1d00000) (1024K)]
  0x000002416f608320 JavaThread "HttpClient-1-Worker-1"      daemon [_thread_blocked, id=9684, stack(0x000000b6d1e00000,0x000000b6d1f00000) (1024K)]
  0x000002416f606f70 JavaThread "ForkJoinPool.commonPool-worker-1" daemon [_thread_blocked, id=17256, stack(0x000000b6d1f00000,0x000000b6d2000000) (1024K)]
  0x000002416f604180 JavaThread "Image Fetcher 0"            daemon [_thread_blocked, id=10940, stack(0x000000b6d2000000,0x000000b6d2100000) (1024K)]
  0x000002416f607600 JavaThread "Image Fetcher 1"            daemon [_thread_blocked, id=18028, stack(0x000000b6d2100000,0x000000b6d2200000) (1024K)]
  0x000002416f602740 JavaThread "Image Fetcher 2"            daemon [_thread_blocked, id=15992, stack(0x000000b6d2200000,0x000000b6d2300000) (1024K)]
  0x000002416f607c90 JavaThread "Image Fetcher 3"            daemon [_thread_blocked, id=16796, stack(0x000000b6d2300000,0x000000b6d2400000) (1024K)]
  0x000002416f606250 JavaThread "HttpClient-1-Worker-2"      daemon [_thread_blocked, id=18324, stack(0x000000b6d2900000,0x000000b6d2a00000) (1024K)]
  0x000002416f602dd0 JavaThread "HttpClient-1-Worker-3"      daemon [_thread_blocked, id=15816, stack(0x000000b6d2a00000,0x000000b6d2b00000) (1024K)]
  0x000002416f6068e0 JavaThread "Cleaner-0"                  daemon [_thread_blocked, id=3344, stack(0x000000b6d2b10000,0x000000b6d2c10000) (1024K)]
Total: 33

Other Threads:
  0x00000241211f3000 VMThread "VM Thread"                           [id=17528, stack(0x000000b6cfc00000,0x000000b6cfd00000) (1024K)]
  0x00000241211db370 WatcherThread "VM Periodic Task Thread"        [id=2784, stack(0x000000b6cfb00000,0x000000b6cfc00000) (1024K)]
  0x0000024103d8fc60 WorkerThread "GC Thread#0"                     [id=1300, stack(0x000000b6cf600000,0x000000b6cf700000) (1024K)]
  0x000002412178eb00 WorkerThread "GC Thread#1"                     [id=13068, stack(0x000000b6d0800000,0x000000b6d0900000) (1024K)]
  0x0000024121e434b0 WorkerThread "GC Thread#2"                     [id=11300, stack(0x000000b6d0900000,0x000000b6d0a00000) (1024K)]
  0x0000024121e43850 WorkerThread "GC Thread#3"                     [id=17364, stack(0x000000b6d0a00000,0x000000b6d0b00000) (1024K)]
  0x0000024103d9d2a0 ConcurrentGCThread "G1 Main Marker"            [id=16148, stack(0x000000b6cf700000,0x000000b6cf800000) (1024K)]
  0x0000024103d9dda0 WorkerThread "G1 Conc#0"                       [id=14768, stack(0x000000b6cf800000,0x000000b6cf900000) (1024K)]
  0x0000024103dde870 ConcurrentGCThread "G1 Refine#0"               [id=9656, stack(0x000000b6cf900000,0x000000b6cfa00000) (1024K)]
  0x0000024121091220 ConcurrentGCThread "G1 Service"                [id=4884, stack(0x000000b6cfa00000,0x000000b6cfb00000) (1024K)]
Total: 10

Threads with active compile tasks:
Total: 0

VM state: not at safepoint (normal execution)

VM Mutex/Monitor currently owned by a thread: None

Heap address: 0x0000000741a00000, size: 3046 MB, Compressed Oops mode: Zero based, Oop shift amount: 3

CDS archive(s) mapped at: [0x0000024122000000-0x0000024122c90000-0x0000024122c90000), size 13172736, SharedBaseAddress: 0x0000024122000000, ArchiveRelocationMode: 1.
Compressed class space mapped at: 0x0000024123000000-0x0000024163000000, reserved size: 1073741824
Narrow klass base: 0x0000024122000000, Narrow klass shift: 0, Narrow klass range: 0x100000000

GC Precious Log:
 CardTable entry size: 512
 Card Set container configuration: InlinePtr #cards 4 size 8 Array Of Cards #cards 16 size 48 Howl #buckets 8 coarsen threshold 3686 Howl Bitmap #cards 512 size 80 coarsen threshold 460 Card regions per heap region 1 cards per card region 4096
 CPUs: 4 total, 4 available
 Memory: 12180M
 Large Page Support: Disabled
 NUMA Support: Disabled
 Compressed Oops: Enabled (Zero based)
 Heap Region Size: 2M
 Heap Min Capacity: 8M
 Heap Initial Capacity: 192M
 Heap Max Capacity: 3046M
 Pre-touch: Disabled
 Parallel Workers: 4
 Concurrent Workers: 1
 Concurrent Refinement Workers: 4
 Periodic GC: Disabled

Heap:
 garbage-first heap   total 90112K, used 41195K [0x0000000741a00000, 0x0000000800000000)
  region size 2048K, 12 young (24576K), 5 survivors (10240K)
 Metaspace       used 24932K, committed 25408K, reserved 1114112K
  class space    used 3250K, committed 3456K, reserved 1048576K

Heap Regions: E=young(eden), S=young(survivor), O=old, HS=humongous(starts), HC=humongous(continues), CS=collection set, F=free, TAMS=top-at-mark-start, PB=parsable bottom
|   0|0x0000000741a00000, 0x0000000741c00000, 0x0000000741c00000|100%|HS|  |TAMS 0x0000000741a00000| PB 0x0000000741a00000| Complete 
|   1|0x0000000741c00000, 0x0000000741e00000, 0x0000000741e00000|100%| O|  |TAMS 0x0000000741c00000| PB 0x0000000741c00000| Untracked 
|   2|0x0000000741e00000, 0x0000000742000000, 0x0000000742000000|100%| O|  |TAMS 0x0000000741e00000| PB 0x0000000741e00000| Untracked 
|   3|0x0000000742000000, 0x0000000742200000, 0x0000000742200000|100%| O|  |TAMS 0x0000000742000000| PB 0x0000000742000000| Untracked 
|   4|0x0000000742200000, 0x00000007423b34e8, 0x0000000742400000| 85%| O|Cm|TAMS 0x0000000742200000| PB 0x0000000742200000| Complete 
|   5|0x0000000742400000, 0x0000000742600000, 0x0000000742600000|100%|HS|  |TAMS 0x0000000742400000| PB 0x0000000742400000| Complete 
|   6|0x0000000742600000, 0x0000000742800000, 0x0000000742800000|100%|HC|  |TAMS 0x0000000742600000| PB 0x0000000742600000| Complete 
|   7|0x0000000742800000, 0x0000000742a00000, 0x0000000742a00000|100%|HS|  |TAMS 0x0000000742800000| PB 0x0000000742800000| Complete 
|   8|0x0000000742a00000, 0x0000000742c00000, 0x0000000742c00000|100%|HS|  |TAMS 0x0000000742a00000| PB 0x0000000742a00000| Complete 
|   9|0x0000000742c00000, 0x0000000742e00000, 0x0000000742e00000|100%|HC|  |TAMS 0x0000000742c00000| PB 0x0000000742c00000| Complete 
|  10|0x0000000742e00000, 0x0000000742e00000, 0x0000000743000000|  0%| F|  |TAMS 0x0000000742e00000| PB 0x0000000742e00000| Untracked 
|  11|0x0000000743000000, 0x0000000743000000, 0x0000000743200000|  0%| F|  |TAMS 0x0000000743000000| PB 0x0000000743000000| Untracked 
|  12|0x0000000743200000, 0x0000000743200000, 0x0000000743400000|  0%| F|  |TAMS 0x0000000743200000| PB 0x0000000743200000| Untracked 
|  13|0x0000000743400000, 0x0000000743400000, 0x0000000743600000|  0%| F|  |TAMS 0x0000000743400000| PB 0x0000000743400000| Untracked 
|  14|0x0000000743600000, 0x0000000743600000, 0x0000000743800000|  0%| F|  |TAMS 0x0000000743600000| PB 0x0000000743600000| Untracked 
|  15|0x0000000743800000, 0x0000000743800000, 0x0000000743a00000|  0%| F|  |TAMS 0x0000000743800000| PB 0x0000000743800000| Untracked 
|  16|0x0000000743a00000, 0x0000000743a00000, 0x0000000743c00000|  0%| F|  |TAMS 0x0000000743a00000| PB 0x0000000743a00000| Untracked 
|  17|0x0000000743c00000, 0x0000000743c00000, 0x0000000743e00000|  0%| F|  |TAMS 0x0000000743c00000| PB 0x0000000743c00000| Untracked 
|  18|0x0000000743e00000, 0x0000000743e00000, 0x0000000744000000|  0%| F|  |TAMS 0x0000000743e00000| PB 0x0000000743e00000| Untracked 
|  19|0x0000000744000000, 0x0000000744000000, 0x0000000744200000|  0%| F|  |TAMS 0x0000000744000000| PB 0x0000000744000000| Untracked 
|  20|0x0000000744200000, 0x0000000744200000, 0x0000000744400000|  0%| F|  |TAMS 0x0000000744200000| PB 0x0000000744200000| Untracked 
|  21|0x0000000744400000, 0x0000000744400000, 0x0000000744600000|  0%| F|  |TAMS 0x0000000744400000| PB 0x0000000744400000| Untracked 
|  22|0x0000000744600000, 0x0000000744600000, 0x0000000744800000|  0%| F|  |TAMS 0x0000000744600000| PB 0x0000000744600000| Untracked 
|  23|0x0000000744800000, 0x0000000744800000, 0x0000000744a00000|  0%| F|  |TAMS 0x0000000744800000| PB 0x0000000744800000| Untracked 
|  24|0x0000000744a00000, 0x0000000744a00000, 0x0000000744c00000|  0%| F|  |TAMS 0x0000000744a00000| PB 0x0000000744a00000| Untracked 
|  25|0x0000000744c00000, 0x0000000744c00000, 0x0000000744e00000|  0%| F|  |TAMS 0x0000000744c00000| PB 0x0000000744c00000| Untracked 
|  26|0x0000000744e00000, 0x0000000744e00000, 0x0000000745000000|  0%| F|  |TAMS 0x0000000744e00000| PB 0x0000000744e00000| Untracked 
|  27|0x0000000745000000, 0x0000000745000000, 0x0000000745200000|  0%| F|  |TAMS 0x0000000745000000| PB 0x0000000745000000| Untracked 
|  28|0x0000000745200000, 0x0000000745200000, 0x0000000745400000|  0%| F|  |TAMS 0x0000000745200000| PB 0x0000000745200000| Untracked 
|  29|0x0000000745400000, 0x0000000745400000, 0x0000000745600000|  0%| F|  |TAMS 0x0000000745400000| PB 0x0000000745400000| Untracked 
|  30|0x0000000745600000, 0x0000000745600000, 0x0000000745800000|  0%| F|  |TAMS 0x0000000745600000| PB 0x0000000745600000| Untracked 
|  31|0x0000000745800000, 0x0000000745800000, 0x0000000745a00000|  0%| F|  |TAMS 0x0000000745800000| PB 0x0000000745800000| Untracked 
|  32|0x0000000745a00000, 0x0000000745b50670, 0x0000000745c00000| 65%| E|  |TAMS 0x0000000745a00000| PB 0x0000000745a00000| Complete 
|  33|0x0000000745c00000, 0x0000000745e00000, 0x0000000745e00000|100%| E|CS|TAMS 0x0000000745c00000| PB 0x0000000745c00000| Complete 
|  34|0x0000000745e00000, 0x0000000746000000, 0x0000000746000000|100%| E|CS|TAMS 0x0000000745e00000| PB 0x0000000745e00000| Complete 
|  35|0x0000000746000000, 0x0000000746200000, 0x0000000746200000|100%| E|CS|TAMS 0x0000000746000000| PB 0x0000000746000000| Complete 
|  36|0x0000000746200000, 0x0000000746400000, 0x0000000746400000|100%| E|CS|TAMS 0x0000000746200000| PB 0x0000000746200000| Complete 
|  37|0x0000000746400000, 0x0000000746600000, 0x0000000746600000|100%| E|CS|TAMS 0x0000000746400000| PB 0x0000000746400000| Complete 
|  77|0x000000074b400000, 0x000000074b487a80, 0x000000074b600000| 26%| S|CS|TAMS 0x000000074b400000| PB 0x000000074b400000| Complete 
|  78|0x000000074b600000, 0x000000074b800000, 0x000000074b800000|100%| S|CS|TAMS 0x000000074b600000| PB 0x000000074b600000| Complete 
|  79|0x000000074b800000, 0x000000074ba00000, 0x000000074ba00000|100%| S|CS|TAMS 0x000000074b800000| PB 0x000000074b800000| Complete 
|  80|0x000000074ba00000, 0x000000074bc00000, 0x000000074bc00000|100%| S|CS|TAMS 0x000000074ba00000| PB 0x000000074ba00000| Complete 
|  81|0x000000074bc00000, 0x000000074be00000, 0x000000074be00000|100%| S|CS|TAMS 0x000000074bc00000| PB 0x000000074bc00000| Complete 
|  95|0x000000074d800000, 0x000000074da00000, 0x000000074da00000|100%| E|CS|TAMS 0x000000074d800000| PB 0x000000074d800000| Complete 

Card table byte_map: [0x000002411b790000,0x000002411bd90000] _byte_map_base: 0x0000024117d83000

Marking Bits: (CMBitMap*) 0x0000024103d90360
 Bits: [0x000002411bd90000, 0x000002411ed28000)

Polling page: 0x00000241034e0000

Metaspace:

Usage:
  Non-class:     21.17 MB used.
      Class:      3.17 MB used.
       Both:     24.35 MB used.

Virtual space:
  Non-class space:       64.00 MB reserved,      21.44 MB ( 33%) committed,  1 nodes.
      Class space:        1.00 GB reserved,       3.38 MB ( <1%) committed,  1 nodes.
             Both:        1.06 GB reserved,      24.81 MB (  2%) committed. 

Chunk freelists:
   Non-Class:  10.53 MB
       Class:  12.66 MB
        Both:  23.19 MB

MaxMetaspaceSize: unlimited
CompressedClassSpaceSize: 1.00 GB
Initial GC threshold: 21.00 MB
Current GC threshold: 35.12 MB
CDS: on
 - commit_granule_bytes: 65536.
 - commit_granule_words: 8192.
 - virtual_space_node_default_size: 8388608.
 - enlarge_chunks_in_place: 1.
 - use_allocation_guard: 0.


Internal statistics:

num_allocs_failed_limit: 3.
num_arena_births: 596.
num_arena_deaths: 0.
num_vsnodes_births: 2.
num_vsnodes_deaths: 0.
num_space_committed: 397.
num_space_uncommitted: 0.
num_chunks_returned_to_freelist: 3.
num_chunks_taken_from_freelist: 1243.
num_chunk_merges: 0.
num_chunk_splits: 773.
num_chunks_enlarged: 461.
num_inconsistent_stats: 0.

CodeHeap 'non-profiled nmethods': size=120000Kb used=1190Kb max_used=1190Kb free=118809Kb
 bounds [0x0000024113c60000, 0x0000024113ed0000, 0x000002411b190000]
CodeHeap 'profiled nmethods': size=120000Kb used=5080Kb max_used=5080Kb free=114919Kb
 bounds [0x000002410c190000, 0x000002410c690000, 0x00000241136c0000]
CodeHeap 'non-nmethods': size=5760Kb used=1993Kb max_used=2020Kb free=3766Kb
 bounds [0x00000241136c0000, 0x0000024113930000, 0x0000024113c60000]
 total_blobs=3595 nmethods=2627 adapters=872
 compilation: enabled
              stopped_count=0, restarted_count=0
 full_count=0

Compilation events (20 events):
Event: 3.841 Thread 0x000002412121d7e0 nmethod 2620 0x0000024113d88810 code [0x0000024113d889a0, 0x0000024113d88bc8]
Event: 3.842 Thread 0x000002412121eb50 nmethod 2618 0x000002410c683890 code [0x000002410c683ae0, 0x000002410c684418]
Event: 3.842 Thread 0x000002412121eb50 2619       3       java.nio.HeapIntBuffer::ix (7 bytes)
Event: 3.842 Thread 0x000002412121eb50 nmethod 2619 0x000002410c684790 code [0x000002410c684920, 0x000002410c684a30]
Event: 3.842 Thread 0x000002412121eb50 2610       3       jdk.internal.misc.Unsafe::checkNativeAddress (28 bytes)
Event: 3.842 Thread 0x000002412121eb50 nmethod 2610 0x000002410c684a90 code [0x000002410c684c20, 0x000002410c684d38]
Event: 3.842 Thread 0x000002412121eb50 2608       1       com.sun.javafx.font.CompositeStrike::getFontResource (5 bytes)
Event: 3.842 Thread 0x000002412121eb50 nmethod 2608 0x0000024113d88e10 code [0x0000024113d88fa0, 0x0000024113d89070]
Event: 3.846 Thread 0x000002412121eb50 2621       3       jdk.internal.jimage.BasicImageReader::verifyLocation (39 bytes)
Event: 3.846 Thread 0x000002412121d7e0 2622       4       java.nio.Buffer::position (52 bytes)
Event: 3.847 Thread 0x000002412121eb50 nmethod 2621 0x000002410c684e10 code [0x000002410c684fe0, 0x000002410c6852d8]
Event: 3.847 Thread 0x000002412121d7e0 nmethod 2622 0x0000024113d89110 code [0x0000024113d892a0, 0x0000024113d89390]
Event: 3.848 Thread 0x000002412121d7e0 2623       4       jdk.internal.misc.Unsafe::getIntUnaligned (12 bytes)
Event: 3.849 Thread 0x000002412121d7e0 nmethod 2623 0x0000024113d89410 code [0x0000024113d895a0, 0x0000024113d89638]
Event: 3.849 Thread 0x000002412121eb50 2624       3       java.lang.Math::min (46 bytes)
Event: 3.849 Thread 0x000002412121eb50 nmethod 2624 0x000002410c685410 code [0x000002410c6855c0, 0x000002410c685900]
Event: 3.853 Thread 0x000002412121eb50 2625       3       java.nio.MappedByteBuffer::limit (6 bytes)
Event: 3.854 Thread 0x000002412121eb50 nmethod 2625 0x000002410c685990 code [0x000002410c685b40, 0x000002410c685d50]
Event: 3.855 Thread 0x000002412121eb50 2626       3       jdk.internal.misc.Unsafe::weakCompareAndSetLong (11 bytes)
Event: 3.855 Thread 0x000002412121eb50 nmethod 2626 0x000002410c685e90 code [0x000002410c686020, 0x000002410c686148]

GC Heap History (8 events):
Event: 0.411 GC heap before
{Heap before GC invocations=0 (full 0):
 garbage-first heap   total 196608K, used 12288K [0x0000000741a00000, 0x0000000800000000)
  region size 2048K, 6 young (12288K), 0 survivors (0K)
 Metaspace       used 1195K, committed 1344K, reserved 1114112K
  class space    used 62K, committed 128K, reserved 1048576K
}
Event: 0.417 GC heap after
{Heap after GC invocations=1 (full 0):
 garbage-first heap   total 196608K, used 9833K [0x0000000741a00000, 0x0000000800000000)
  region size 2048K, 1 young (2048K), 1 survivors (2048K)
 Metaspace       used 1195K, committed 1344K, reserved 1114112K
  class space    used 62K, committed 128K, reserved 1048576K
}
Event: 0.734 GC heap before
{Heap before GC invocations=1 (full 0):
 garbage-first heap   total 196608K, used 13929K [0x0000000741a00000, 0x0000000800000000)
  region size 2048K, 4 young (8192K), 1 survivors (2048K)
 Metaspace       used 5841K, committed 6016K, reserved 1114112K
  class space    used 584K, committed 640K, reserved 1048576K
}
Event: 0.739 GC heap after
{Heap after GC invocations=2 (full 0):
 garbage-first heap   total 196608K, used 11981K [0x0000000741a00000, 0x0000000800000000)
  region size 2048K, 1 young (2048K), 1 survivors (2048K)
 Metaspace       used 5841K, committed 6016K, reserved 1114112K
  class space    used 584K, committed 640K, reserved 1048576K
}
Event: 2.606 GC heap before
{Heap before GC invocations=2 (full 0):
 garbage-first heap   total 196608K, used 30413K [0x0000000741a00000, 0x0000000800000000)
  region size 2048K, 9 young (18432K), 1 survivors (2048K)
 Metaspace       used 12157K, committed 12352K, reserved 1114112K
  class space    used 1366K, committed 1472K, reserved 1048576K
}
Event: 2.611 GC heap after
{Heap after GC invocations=3 (full 0):
 garbage-first heap   total 196608K, used 18049K [0x0000000741a00000, 0x0000000800000000)
  region size 2048K, 2 young (4096K), 2 survivors (4096K)
 Metaspace       used 12157K, committed 12352K, reserved 1114112K
  class space    used 1366K, committed 1472K, reserved 1048576K
}
Event: 3.399 GC heap before
{Heap before GC invocations=3 (full 0):
 garbage-first heap   total 196608K, used 38529K [0x0000000741a00000, 0x0000000800000000)
  region size 2048K, 14 young (28672K), 2 survivors (4096K)
 Metaspace       used 21176K, committed 21504K, reserved 1114112K
  class space    used 2598K, committed 2752K, reserved 1048576K
}
Event: 3.412 GC heap after
{Heap after GC invocations=4 (full 0):
 garbage-first heap   total 196608K, used 22763K [0x0000000741a00000, 0x0000000800000000)
  region size 2048K, 5 young (10240K), 5 survivors (10240K)
 Metaspace       used 21176K, committed 21504K, reserved 1114112K
  class space    used 2598K, committed 2752K, reserved 1048576K
}

Dll operation events (20 events):
Event: 0.995 Loaded shared library C:\Users\lenovo\.openjfx\cache\21+31\amd64\api-ms-win-crt-process-l1-1-0.dll
Event: 1.000 Loaded shared library C:\Users\lenovo\.openjfx\cache\21+31\amd64\api-ms-win-crt-runtime-l1-1-0.dll
Event: 1.004 Loaded shared library C:\Users\lenovo\.openjfx\cache\21+31\amd64\api-ms-win-crt-stdio-l1-1-0.dll
Event: 1.009 Loaded shared library C:\Users\lenovo\.openjfx\cache\21+31\amd64\api-ms-win-crt-string-l1-1-0.dll
Event: 1.014 Loaded shared library C:\Users\lenovo\.openjfx\cache\21+31\amd64\api-ms-win-crt-time-l1-1-0.dll
Event: 1.018 Loaded shared library C:\Users\lenovo\.openjfx\cache\21+31\amd64\api-ms-win-crt-utility-l1-1-0.dll
Event: 1.037 Loaded shared library C:\Users\lenovo\.openjfx\cache\21+31\amd64\ucrtbase.dll
Event: 1.047 Loaded shared library C:\Users\lenovo\.openjfx\cache\21+31\amd64\vcruntime140.dll
Event: 1.052 Loaded shared library C:\Users\lenovo\.openjfx\cache\21+31\amd64\vcruntime140_1.dll
Event: 1.064 Loaded shared library C:\Users\lenovo\.openjfx\cache\21+31\amd64\msvcp140.dll
Event: 1.067 Loaded shared library C:\Users\lenovo\.openjfx\cache\21+31\amd64\msvcp140_1.dll
Event: 1.073 Loaded shared library C:\Users\lenovo\.openjfx\cache\21+31\amd64\msvcp140_2.dll
Event: 1.118 Loaded shared library C:\Users\lenovo\.openjfx\cache\21+31\amd64\prism_d3d.dll
Event: 1.214 Loaded shared library C:\Users\lenovo\.openjfx\cache\21+31\amd64\glass.dll
Event: 1.462 Loaded shared library C:\Program Files\Java\jdk-21\bin\freetype.dll
Event: 1.464 Loaded shared library C:\Program Files\Java\jdk-21\bin\fontmanager.dll
Event: 2.498 Loaded shared library C:\Users\lenovo\.openjfx\cache\21+31\amd64\jfxwebkit.dll
Event: 2.534 Loaded shared library C:\Users\lenovo\.openjfx\cache\21+31\amd64\javafx_font.dll
Event: 2.931 Loaded shared library C:\Program Files\Java\jdk-21\bin\sunmscapi.dll
Event: 3.245 Loaded shared library C:\Program Files\Java\jdk-21\bin\extnet.dll

Deoptimization events (20 events):
Event: 3.723 Thread 0x000002416790dbc0 Uncommon trap: trap_request=0xffffffde fr.pc=0x0000024113d7b44c relative=0x000000000000012c
Event: 3.723 Thread 0x000002416790dbc0 Uncommon trap: reason=class_check action=maybe_recompile pc=0x0000024113d7b44c method=jdk.internal.misc.Unsafe.allocateUninitializedArray(Ljava/lang/Class;I)Ljava/lang/Object; @ 51 c2
Event: 3.723 Thread 0x000002416790dbc0 DEOPT PACKING pc=0x0000024113d7b44c sp=0x000000b6d11fdbf0
Event: 3.723 Thread 0x000002416790dbc0 DEOPT UNPACKING pc=0x00000241137146a2 sp=0x000000b6d11fdb68 mode 2
Event: 3.723 Thread 0x000002416790dbc0 Uncommon trap: trap_request=0xffffffde fr.pc=0x0000024113d7b44c relative=0x000000000000012c
Event: 3.723 Thread 0x000002416790dbc0 Uncommon trap: reason=class_check action=maybe_recompile pc=0x0000024113d7b44c method=jdk.internal.misc.Unsafe.allocateUninitializedArray(Ljava/lang/Class;I)Ljava/lang/Object; @ 51 c2
Event: 3.723 Thread 0x000002416790dbc0 DEOPT PACKING pc=0x0000024113d7b44c sp=0x000000b6d11fded0
Event: 3.723 Thread 0x000002416790dbc0 DEOPT UNPACKING pc=0x00000241137146a2 sp=0x000000b6d11fde48 mode 2
Event: 3.821 Thread 0x000002416790dbc0 Uncommon trap: trap_request=0xffffff5c fr.pc=0x0000024113d2fe18 relative=0x0000000000000078
Event: 3.821 Thread 0x000002416790dbc0 Uncommon trap: reason=speculate_null_check action=make_not_entrant pc=0x0000024113d2fe18 method=jdk.internal.misc.Unsafe.getIntUnaligned(Ljava/lang/Object;JZ)I @ 5 c2
Event: 3.821 Thread 0x000002416790dbc0 DEOPT PACKING pc=0x0000024113d2fe18 sp=0x000000b6d11fe4d0
Event: 3.821 Thread 0x000002416790dbc0 DEOPT UNPACKING pc=0x00000241137146a2 sp=0x000000b6d11fe450 mode 2
Event: 3.854 Thread 0x000002416f6089b0 Uncommon trap: trap_request=0xffffffc6 fr.pc=0x0000024113d24610 relative=0x0000000000000a50
Event: 3.854 Thread 0x000002416f6089b0 Uncommon trap: reason=bimorphic_or_optimized_type_check action=maybe_recompile pc=0x0000024113d24610 method=java.util.HashMap.putVal(ILjava/lang/Object;Ljava/lang/Object;ZZ)Ljava/lang/Object; @ 91 c2
Event: 3.854 Thread 0x000002416f6089b0 DEOPT PACKING pc=0x0000024113d24610 sp=0x000000b6d1bfef90
Event: 3.854 Thread 0x000002416f6089b0 DEOPT UNPACKING pc=0x00000241137146a2 sp=0x000000b6d1bfef30 mode 2
Event: 3.855 Thread 0x000002416f6089b0 Uncommon trap: trap_request=0xffffffc6 fr.pc=0x0000024113d24610 relative=0x0000000000000a50
Event: 3.855 Thread 0x000002416f6089b0 Uncommon trap: reason=bimorphic_or_optimized_type_check action=maybe_recompile pc=0x0000024113d24610 method=java.util.HashMap.putVal(ILjava/lang/Object;Ljava/lang/Object;ZZ)Ljava/lang/Object; @ 91 c2
Event: 3.855 Thread 0x000002416f6089b0 DEOPT PACKING pc=0x0000024113d24610 sp=0x000000b6d1bfef90
Event: 3.855 Thread 0x000002416f6089b0 DEOPT UNPACKING pc=0x00000241137146a2 sp=0x000000b6d1bfef30 mode 2

Classes loaded (20 events):
Event: 3.723 Loading class java/util/Collections$UnmodifiableMap$UnmodifiableEntrySet$UnmodifiableEntrySetSpliterator
Event: 3.723 Loading class java/util/Collections$UnmodifiableMap$UnmodifiableEntrySet$UnmodifiableEntrySetSpliterator done
Event: 3.723 Loading class java/util/TreeMap$EntrySpliterator
Event: 3.723 Loading class java/util/TreeMap$TreeMapSpliterator
Event: 3.723 Loading class java/util/TreeMap$TreeMapSpliterator done
Event: 3.723 Loading class java/util/TreeMap$EntrySpliterator done
Event: 3.767 Loading class java/util/LinkedList$DescendingIterator
Event: 3.767 Loading class java/util/LinkedList$DescendingIterator done
Event: 3.779 Loading class jdk/internal/ref/CleanerImpl$InnocuousThreadFactory
Event: 3.779 Loading class jdk/internal/ref/CleanerImpl$InnocuousThreadFactory done
Event: 3.785 Loading class sun/misc/Unsafe
Event: 3.786 Loading class sun/misc/Unsafe done
Event: 3.811 Loading class java/nio/ShortBuffer
Event: 3.811 Loading class java/nio/ShortBuffer done
Event: 3.811 Loading class java/nio/FloatBuffer
Event: 3.811 Loading class java/nio/FloatBuffer done
Event: 3.811 Loading class java/nio/DoubleBuffer
Event: 3.811 Loading class java/nio/DoubleBuffer done
Event: 3.822 Loading class java/nio/HeapIntBuffer
Event: 3.822 Loading class java/nio/HeapIntBuffer done

Classes unloaded (0 events):
No events

Classes redefined (0 events):
No events

Internal exceptions (20 events):
Event: 3.690 Thread 0x0000024167a752e0 Exception <a 'java/lang/NoSuchMethodError'{0x00000007461e4920}: 'long java.lang.invoke.DirectMethodHandle$Holder.invokeStatic(java.lang.Object, java.lang.Object, java.lang.Object)'> (0x00000007461e4920) 
thrown [s\open\src\hotspot\share\interpreter\linkResolver.cpp, line 773]
Event: 3.690 Thread 0x0000024167a752e0 Exception <a 'java/lang/NoSuchMethodError'{0x00000007461e7cf0}: 'long java.lang.invoke.DirectMethodHandle$Holder.invokeStaticInit(java.lang.Object, java.lang.Object, java.lang.Object)'> (0x00000007461e7cf0) 
thrown [s\open\src\hotspot\share\interpreter\linkResolver.cpp, line 773]
Event: 3.692 Thread 0x0000024167a752e0 Exception <a 'java/lang/NoSuchMethodError'{0x0000000745e06160}: 'java.lang.Object java.lang.invoke.DirectMethodHandle$Holder.newInvokeSpecial(java.lang.Object, java.lang.Object, long)'> (0x0000000745e06160) 
thrown [s\open\src\hotspot\share\interpreter\linkResolver.cpp, line 773]
Event: 3.693 Thread 0x0000024167a752e0 Exception <a 'java/lang/NoSuchMethodError'{0x0000000745e09a58}: 'java.lang.Object java.lang.invoke.Invokers$Holder.linkToTargetMethod(java.lang.Object, long, java.lang.Object)'> (0x0000000745e09a58) 
thrown [s\open\src\hotspot\share\interpreter\linkResolver.cpp, line 773]
Event: 3.705 Thread 0x0000024167a752e0 Exception <a 'java/lang/NoSuchMethodError'{0x0000000745e4e0d0}: 'java.lang.Object java.lang.invoke.DirectMethodHandle$Holder.invokeSpecial(java.lang.Object, java.lang.Object, int, int, int, int)'> (0x0000000745e4e0d0) 
thrown [s\open\src\hotspot\share\interpreter\linkResolver.cpp, line 773]
Event: 3.706 Thread 0x0000024167a752e0 Exception <a 'java/lang/NoSuchMethodError'{0x0000000745e51490}: 'java.lang.Object java.lang.invoke.Invokers$Holder.linkToTargetMethod(int, int, int, int, java.lang.Object)'> (0x0000000745e51490) 
thrown [s\open\src\hotspot\share\interpreter\linkResolver.cpp, line 773]
Event: 3.753 Thread 0x000002416790dbc0 Exception <a 'java/lang/NoSuchMethodError'{0x0000000745c0c338}: 'java.lang.Object java.lang.invoke.Invokers$Holder.invokeExact_MT(java.lang.Object, java.lang.Object, java.lang.Object, java.lang.Object, java.lang.Object)'> (0x0000000745c0c338) 
thrown [s\open\src\hotspot\share\interpreter\linkResolver.cpp, line 773]
Event: 3.758 Thread 0x0000024167a752e0 Exception <a 'java/io/FileNotFoundException'{0x0000000745fe8198}> (0x0000000745fe8198) 
thrown [s\open\src\hotspot\share\prims\jni.cpp, line 520]
Event: 3.758 Thread 0x0000024167a752e0 Exception <a 'java/io/FileNotFoundException'{0x0000000745fe9280}> (0x0000000745fe9280) 
thrown [s\open\src\hotspot\share\prims\jni.cpp, line 520]
Event: 3.758 Thread 0x0000024167a752e0 Exception <a 'java/io/FileNotFoundException'{0x0000000745fea380}> (0x0000000745fea380) 
thrown [s\open\src\hotspot\share\prims\jni.cpp, line 520]
Event: 3.758 Thread 0x0000024167a752e0 Exception <a 'java/io/FileNotFoundException'{0x0000000745feb468}> (0x0000000745feb468) 
thrown [s\open\src\hotspot\share\prims\jni.cpp, line 520]
Event: 3.824 Thread 0x00000241670a7240 Exception <a 'java/lang/NoSuchMethodError'{0x0000000746250d98}: 'java.lang.Object java.lang.invoke.DirectMethodHandle$Holder.newInvokeSpecial(java.lang.Object, java.lang.Object, int, int, java.lang.Object)'> (0x0000000746250d98) 
thrown [s\open\src\hotspot\share\interpreter\linkResolver.cpp, line 773]
Event: 3.826 Thread 0x0000024167a752e0 Exception <a 'java/io/FileNotFoundException'{0x0000000745a737d0}> (0x0000000745a737d0) 
thrown [s\open\src\hotspot\share\prims\jni.cpp, line 520]
Event: 3.827 Thread 0x0000024167a752e0 Exception <a 'java/io/FileNotFoundException'{0x0000000745a74608}> (0x0000000745a74608) 
thrown [s\open\src\hotspot\share\prims\jni.cpp, line 520]
Event: 3.827 Thread 0x0000024167a752e0 Exception <a 'java/io/FileNotFoundException'{0x0000000745a75458}> (0x0000000745a75458) 
thrown [s\open\src\hotspot\share\prims\jni.cpp, line 520]
Event: 3.827 Thread 0x0000024167a752e0 Exception <a 'java/io/FileNotFoundException'{0x0000000745a76290}> (0x0000000745a76290) 
thrown [s\open\src\hotspot\share\prims\jni.cpp, line 520]
Event: 3.831 Thread 0x0000024167a752e0 Exception <a 'java/io/FileNotFoundException'{0x0000000745a84f08}> (0x0000000745a84f08) 
thrown [s\open\src\hotspot\share\prims\jni.cpp, line 520]
Event: 3.831 Thread 0x0000024167a752e0 Exception <a 'java/io/FileNotFoundException'{0x0000000745a85d40}> (0x0000000745a85d40) 
thrown [s\open\src\hotspot\share\prims\jni.cpp, line 520]
Event: 3.831 Thread 0x0000024167a752e0 Exception <a 'java/io/FileNotFoundException'{0x0000000745a86b90}> (0x0000000745a86b90) 
thrown [s\open\src\hotspot\share\prims\jni.cpp, line 520]
Event: 3.831 Thread 0x0000024167a752e0 Exception <a 'java/io/FileNotFoundException'{0x0000000745a879c8}> (0x0000000745a879c8) 
thrown [s\open\src\hotspot\share\prims\jni.cpp, line 520]

ZGC Phase Switch (0 events):
No events

VM Operations (20 events):
Event: 3.019 Executing VM operation: HandshakeAllThreads (Deoptimize)
Event: 3.019 Executing VM operation: HandshakeAllThreads (Deoptimize) done
Event: 3.048 Executing VM operation: HandshakeAllThreads (Deoptimize)
Event: 3.048 Executing VM operation: HandshakeAllThreads (Deoptimize) done
Event: 3.127 Executing VM operation: ICBufferFull
Event: 3.127 Executing VM operation: ICBufferFull done
Event: 3.228 Executing VM operation: HandshakeAllThreads (Deoptimize)
Event: 3.228 Executing VM operation: HandshakeAllThreads (Deoptimize) done
Event: 3.350 Executing VM operation: HandshakeAllThreads (Deoptimize)
Event: 3.350 Executing VM operation: HandshakeAllThreads (Deoptimize) done
Event: 3.388 Executing VM operation: HandshakeAllThreads (Deoptimize)
Event: 3.389 Executing VM operation: HandshakeAllThreads (Deoptimize) done
Event: 3.399 Executing VM operation: CollectForMetadataAllocation (Metadata GC Threshold)
Event: 3.419 Executing VM operation: CollectForMetadataAllocation (Metadata GC Threshold) done
Event: 3.424 Executing VM operation: G1PauseRemark
Event: 3.427 Executing VM operation: G1PauseRemark done
Event: 3.429 Executing VM operation: G1PauseCleanup
Event: 3.432 Executing VM operation: G1PauseCleanup done
Event: 3.823 Executing VM operation: HandshakeAllThreads (Deoptimize)
Event: 3.823 Executing VM operation: HandshakeAllThreads (Deoptimize) done

Events (20 events):
Event: 1.217 Thread 0x0000024167116720 Thread added: 0x0000024167116720
Event: 1.220 Thread 0x0000024167a752e0 Thread added: 0x0000024167a752e0
Event: 1.420 Thread 0x0000024121d21670 Thread exited: 0x0000024121d21670
Event: 1.440 Thread 0x0000024167a75970 Thread added: 0x0000024167a75970
Event: 1.882 Thread 0x000002416f401600 Thread added: 0x000002416f401600
Event: 2.044 Thread 0x000002416f401600 Thread exited: 0x000002416f401600
Event: 2.592 Thread 0x0000024167a745c0 Thread added: 0x0000024167a745c0
Event: 2.643 Thread 0x000002416f605bc0 Thread added: 0x000002416f605bc0
Event: 2.701 Thread 0x000002416f4ee0c0 Thread added: 0x000002416f4ee0c0
Event: 3.253 Thread 0x000002416f6089b0 Thread added: 0x000002416f6089b0
Event: 3.270 Thread 0x000002416f601a20 Thread added: 0x000002416f601a20
Event: 3.336 Thread 0x000002416f608320 Thread added: 0x000002416f608320
Event: 3.451 Thread 0x000002416f606f70 Thread added: 0x000002416f606f70
Event: 3.518 Thread 0x000002416f604180 Thread added: 0x000002416f604180
Event: 3.532 Thread 0x000002416f607600 Thread added: 0x000002416f607600
Event: 3.536 Thread 0x000002416f602740 Thread added: 0x000002416f602740
Event: 3.536 Thread 0x000002416f607c90 Thread added: 0x000002416f607c90
Event: 3.751 Thread 0x000002416f606250 Thread added: 0x000002416f606250
Event: 3.751 Thread 0x000002416f602dd0 Thread added: 0x000002416f602dd0
Event: 3.779 Thread 0x000002416f6068e0 Thread added: 0x000002416f6068e0


Dynamic libraries:
0x00007ff68e4d0000 - 0x00007ff68e4e0000 	C:\Program Files\Java\jdk-21\bin\java.exe
0x00007ffdc2970000 - 0x00007ffdc2b87000 	C:\Windows\SYSTEM32\ntdll.dll
0x00007ffdc0870000 - 0x00007ffdc0934000 	C:\Windows\System32\KERNEL32.DLL
0x00007ffdbfc90000 - 0x00007ffdc0037000 	C:\Windows\System32\KERNELBASE.dll
0x00007ffdc0040000 - 0x00007ffdc0151000 	C:\Windows\System32\ucrtbase.dll
0x00007ffdbaa10000 - 0x00007ffdbaa29000 	C:\Program Files\Java\jdk-21\bin\jli.dll
0x00007ffdc14d0000 - 0x00007ffdc1582000 	C:\Windows\System32\ADVAPI32.dll
0x00007ffdc0960000 - 0x00007ffdc0a07000 	C:\Windows\System32\msvcrt.dll
0x00007ffdc1e00000 - 0x00007ffdc1ea8000 	C:\Windows\System32\sechost.dll
0x00007ffdc0670000 - 0x00007ffdc0698000 	C:\Windows\System32\bcrypt.dll
0x00007ffdc1590000 - 0x00007ffdc16a5000 	C:\Windows\System32\RPCRT4.dll
0x00007ffdc1c40000 - 0x00007ffdc1dee000 	C:\Windows\System32\USER32.dll
0x00007ffdc04b0000 - 0x00007ffdc04d6000 	C:\Windows\System32\win32u.dll
0x00007ffdc2680000 - 0x00007ffdc26a9000 	C:\Windows\System32\GDI32.dll
0x00007ffdc0390000 - 0x00007ffdc04a9000 	C:\Windows\System32\gdi32full.dll
0x00007ffdc0550000 - 0x00007ffdc05ea000 	C:\Windows\System32\msvcp_win.dll
0x00007ffdbb890000 - 0x00007ffdbb8ab000 	C:\Program Files\Java\jdk-21\bin\VCRUNTIME140.dll
0x00007ffdae040000 - 0x00007ffdae2d3000 	C:\Windows\WinSxS\amd64_microsoft.windows.common-controls_6595b64144ccf1df_6.0.22621.3527_none_270e469b73872a76\COMCTL32.dll
0x00007ffdb7cb0000 - 0x00007ffdb7cba000 	C:\Windows\SYSTEM32\VERSION.dll
0x00007ffdc26b0000 - 0x00007ffdc26e1000 	C:\Windows\System32\IMM32.DLL
0x00007ffdbb970000 - 0x00007ffdbb97c000 	C:\Program Files\Java\jdk-21\bin\vcruntime140_1.dll
0x00007ffda64a0000 - 0x00007ffda652e000 	C:\Program Files\Java\jdk-21\bin\msvcp140.dll
0x00007ffd45590000 - 0x00007ffd4629d000 	C:\Program Files\Java\jdk-21\bin\server\jvm.dll
0x00007ffdc28b0000 - 0x00007ffdc2921000 	C:\Windows\System32\WS2_32.dll
0x00007ffdbeb10000 - 0x00007ffdbeb5d000 	C:\Windows\SYSTEM32\POWRPROF.dll
0x00007ffdb5e40000 - 0x00007ffdb5e74000 	C:\Windows\SYSTEM32\WINMM.dll
0x00007ffdbeaf0000 - 0x00007ffdbeb03000 	C:\Windows\SYSTEM32\UMPDC.dll
0x00007ffdbeda0000 - 0x00007ffdbedb8000 	C:\Windows\SYSTEM32\kernel.appcore.dll
0x00007ffdbb880000 - 0x00007ffdbb88a000 	C:\Program Files\Java\jdk-21\bin\jimage.dll
0x00007ffda8d70000 - 0x00007ffda8fa2000 	C:\Windows\SYSTEM32\DBGHELP.DLL
0x00007ffdc18b0000 - 0x00007ffdc1c38000 	C:\Windows\System32\combase.dll
0x00007ffdc0a10000 - 0x00007ffdc0ae7000 	C:\Windows\System32\OLEAUT32.dll
0x00007ffda3b10000 - 0x00007ffda3b42000 	C:\Windows\SYSTEM32\dbgcore.DLL
0x00007ffdc05f0000 - 0x00007ffdc0669000 	C:\Windows\System32\bcryptPrimitives.dll
0x00007ffdb6390000 - 0x00007ffdb63af000 	C:\Program Files\Java\jdk-21\bin\java.dll
0x00007ffdc0bc0000 - 0x00007ffdc141c000 	C:\Windows\System32\SHELL32.dll
0x00007ffdbdbe0000 - 0x00007ffdbe4d6000 	C:\Windows\SYSTEM32\windows.storage.dll
0x00007ffdbdaa0000 - 0x00007ffdbdbde000 	C:\Windows\SYSTEM32\wintypes.dll
0x00007ffdc1fa0000 - 0x00007ffdc2095000 	C:\Windows\System32\SHCORE.dll
0x00007ffdc0b60000 - 0x00007ffdc0bbe000 	C:\Windows\System32\shlwapi.dll
0x00007ffdbfbc0000 - 0x00007ffdbfbe1000 	C:\Windows\SYSTEM32\profapi.dll
0x00007ffda63c0000 - 0x00007ffda6497000 	C:\Program Files\Java\jdk-21\bin\jsvml.dll
0x00007ffdb6330000 - 0x00007ffdb6340000 	C:\Program Files\Java\jdk-21\bin\net.dll
0x00007ffdb9ce0000 - 0x00007ffdb9e16000 	C:\Windows\SYSTEM32\WINHTTP.dll
0x00007ffdbf210000 - 0x00007ffdbf279000 	C:\Windows\system32\mswsock.dll
0x00007ffdb6310000 - 0x00007ffdb6326000 	C:\Program Files\Java\jdk-21\bin\nio.dll
0x00007ffdad700000 - 0x00007ffdad718000 	C:\Program Files\Java\jdk-21\bin\zip.dll
0x00007ffda6230000 - 0x00007ffda63be000 	C:\Program Files\Java\jdk-21\bin\awt.dll
0x00007ffdbd020000 - 0x00007ffdbd0b7000 	C:\Windows\SYSTEM32\apphelp.dll
0x00007ffdbd160000 - 0x00007ffdbd20b000 	C:\Windows\system32\uxtheme.dll
0x00007ffdc20a0000 - 0x00007ffdc21f3000 	C:\Windows\System32\MSCTF.dll
0x00007ffdc06a0000 - 0x00007ffdc0845000 	C:\Windows\System32\ole32.dll
0x00007ffdbd3a0000 - 0x00007ffdbd3cb000 	C:\Windows\system32\DWMAPI.DLL
0x00007ffd94090000 - 0x00007ffd94190000 	C:\Windows\system32\opengl32.dll
0x00007ffd94020000 - 0x00007ffd9404d000 	C:\Windows\SYSTEM32\GLU32.dll
0x00007ffdbd410000 - 0x00007ffdbd449000 	C:\Windows\SYSTEM32\dxcore.dll
0x0000024121fc0000 - 0x0000024121fc3000 	C:\Users\lenovo\.openjfx\cache\21+31\amd64\api-ms-win-core-console-l1-1-0.dll
0x0000024121fd0000 - 0x0000024121fd3000 	C:\Users\lenovo\.openjfx\cache\21+31\amd64\api-ms-win-core-console-l1-2-0.dll
0x0000024121fe0000 - 0x0000024121fe3000 	C:\Users\lenovo\.openjfx\cache\21+31\amd64\api-ms-win-core-datetime-l1-1-0.dll
0x0000024121ff0000 - 0x0000024121ff3000 	C:\Users\lenovo\.openjfx\cache\21+31\amd64\api-ms-win-core-debug-l1-1-0.dll
0x0000024168250000 - 0x0000024168253000 	C:\Users\lenovo\.openjfx\cache\21+31\amd64\api-ms-win-core-errorhandling-l1-1-0.dll
0x0000024168260000 - 0x0000024168264000 	C:\Users\lenovo\.openjfx\cache\21+31\amd64\api-ms-win-core-file-l1-1-0.dll
0x0000024168270000 - 0x0000024168273000 	C:\Users\lenovo\.openjfx\cache\21+31\amd64\api-ms-win-core-file-l1-2-0.dll
0x0000024168b80000 - 0x0000024168b83000 	C:\Users\lenovo\.openjfx\cache\21+31\amd64\api-ms-win-core-file-l2-1-0.dll
0x0000024168b90000 - 0x0000024168b93000 	C:\Users\lenovo\.openjfx\cache\21+31\amd64\api-ms-win-core-handle-l1-1-0.dll
0x0000024168ba0000 - 0x0000024168ba3000 	C:\Users\lenovo\.openjfx\cache\21+31\amd64\api-ms-win-core-heap-l1-1-0.dll
0x0000024168bb0000 - 0x0000024168bb3000 	C:\Users\lenovo\.openjfx\cache\21+31\amd64\api-ms-win-core-interlocked-l1-1-0.dll
0x0000024168bc0000 - 0x0000024168bc3000 	C:\Users\lenovo\.openjfx\cache\21+31\amd64\api-ms-win-core-libraryloader-l1-1-0.dll
0x0000024168bd0000 - 0x0000024168bd3000 	C:\Users\lenovo\.openjfx\cache\21+31\amd64\api-ms-win-core-localization-l1-2-0.dll
0x0000024168be0000 - 0x0000024168be3000 	C:\Users\lenovo\.openjfx\cache\21+31\amd64\api-ms-win-core-memory-l1-1-0.dll
0x0000024168bf0000 - 0x0000024168bf3000 	C:\Users\lenovo\.openjfx\cache\21+31\amd64\api-ms-win-core-namedpipe-l1-1-0.dll
0x0000024168c00000 - 0x0000024168c03000 	C:\Users\lenovo\.openjfx\cache\21+31\amd64\api-ms-win-core-processenvironment-l1-1-0.dll
0x0000024168c10000 - 0x0000024168c13000 	C:\Users\lenovo\.openjfx\cache\21+31\amd64\api-ms-win-core-processthreads-l1-1-0.dll
0x0000024168c20000 - 0x0000024168c23000 	C:\Users\lenovo\.openjfx\cache\21+31\amd64\api-ms-win-core-processthreads-l1-1-1.dll
0x0000024168c30000 - 0x0000024168c33000 	C:\Users\lenovo\.openjfx\cache\21+31\amd64\api-ms-win-core-profile-l1-1-0.dll
0x0000024168c40000 - 0x0000024168c43000 	C:\Users\lenovo\.openjfx\cache\21+31\amd64\api-ms-win-core-rtlsupport-l1-1-0.dll
0x0000024168c50000 - 0x0000024168c53000 	C:\Users\lenovo\.openjfx\cache\21+31\amd64\api-ms-win-core-string-l1-1-0.dll
0x0000024168c60000 - 0x0000024168c63000 	C:\Users\lenovo\.openjfx\cache\21+31\amd64\api-ms-win-core-synch-l1-1-0.dll
0x0000024168c70000 - 0x0000024168c73000 	C:\Users\lenovo\.openjfx\cache\21+31\amd64\api-ms-win-core-synch-l1-2-0.dll
0x0000024168c80000 - 0x0000024168c83000 	C:\Users\lenovo\.openjfx\cache\21+31\amd64\api-ms-win-core-sysinfo-l1-1-0.dll
0x0000024168c90000 - 0x0000024168c93000 	C:\Users\lenovo\.openjfx\cache\21+31\amd64\api-ms-win-core-timezone-l1-1-0.dll
0x0000024168ca0000 - 0x0000024168ca3000 	C:\Users\lenovo\.openjfx\cache\21+31\amd64\api-ms-win-core-util-l1-1-0.dll
0x0000024168cb0000 - 0x0000024168cb3000 	C:\Users\lenovo\.openjfx\cache\21+31\amd64\api-ms-win-crt-conio-l1-1-0.dll
0x0000024168cc0000 - 0x0000024168cc4000 	C:\Users\lenovo\.openjfx\cache\21+31\amd64\api-ms-win-crt-convert-l1-1-0.dll
0x0000024168cd0000 - 0x0000024168cd3000 	C:\Users\lenovo\.openjfx\cache\21+31\amd64\api-ms-win-crt-environment-l1-1-0.dll
0x0000024168ce0000 - 0x0000024168ce3000 	C:\Users\lenovo\.openjfx\cache\21+31\amd64\api-ms-win-crt-filesystem-l1-1-0.dll
0x0000024168cf0000 - 0x0000024168cf3000 	C:\Users\lenovo\.openjfx\cache\21+31\amd64\api-ms-win-crt-heap-l1-1-0.dll
0x0000024168d00000 - 0x0000024168d03000 	C:\Users\lenovo\.openjfx\cache\21+31\amd64\api-ms-win-crt-locale-l1-1-0.dll
0x0000024168d10000 - 0x0000024168d15000 	C:\Users\lenovo\.openjfx\cache\21+31\amd64\api-ms-win-crt-math-l1-1-0.dll
0x0000024168d20000 - 0x0000024168d25000 	C:\Users\lenovo\.openjfx\cache\21+31\amd64\api-ms-win-crt-multibyte-l1-1-0.dll
0x0000024168d30000 - 0x0000024168d40000 	C:\Users\lenovo\.openjfx\cache\21+31\amd64\api-ms-win-crt-private-l1-1-0.dll
0x0000024168d40000 - 0x0000024168d43000 	C:\Users\lenovo\.openjfx\cache\21+31\amd64\api-ms-win-crt-process-l1-1-0.dll
0x0000024168d50000 - 0x0000024168d54000 	C:\Users\lenovo\.openjfx\cache\21+31\amd64\api-ms-win-crt-runtime-l1-1-0.dll
0x0000024168d60000 - 0x0000024168d64000 	C:\Users\lenovo\.openjfx\cache\21+31\amd64\api-ms-win-crt-stdio-l1-1-0.dll
0x0000024168d70000 - 0x0000024168d74000 	C:\Users\lenovo\.openjfx\cache\21+31\amd64\api-ms-win-crt-string-l1-1-0.dll
0x0000024168d80000 - 0x0000024168d83000 	C:\Users\lenovo\.openjfx\cache\21+31\amd64\api-ms-win-crt-time-l1-1-0.dll
0x0000024168d90000 - 0x0000024168d93000 	C:\Users\lenovo\.openjfx\cache\21+31\amd64\api-ms-win-crt-utility-l1-1-0.dll
0x00007ffda3a10000 - 0x00007ffda3b0c000 	C:\Users\lenovo\.openjfx\cache\21+31\amd64\ucrtbase.dll
0x00007ffdac510000 - 0x00007ffdac52b000 	C:\Users\lenovo\.openjfx\cache\21+31\amd64\vcruntime140.dll
0x00007ffdad470000 - 0x00007ffdad47c000 	C:\Users\lenovo\.openjfx\cache\21+31\amd64\vcruntime140_1.dll
0x00007ffd888a0000 - 0x00007ffd8892e000 	C:\Users\lenovo\.openjfx\cache\21+31\amd64\msvcp140.dll
0x00007ffdac500000 - 0x00007ffdac509000 	C:\Users\lenovo\.openjfx\cache\21+31\amd64\msvcp140_1.dll
0x00007ffdac2f0000 - 0x00007ffdac31f000 	C:\Users\lenovo\.openjfx\cache\21+31\amd64\msvcp140_2.dll
0x00007ffdac2c0000 - 0x00007ffdac2ef000 	C:\Users\lenovo\.openjfx\cache\21+31\amd64\prism_d3d.dll
0x00007ffdaba20000 - 0x00007ffdabbc9000 	C:\Windows\system32\d3d9.dll
0x00007ffdb9520000 - 0x00007ffdb956a000 	C:\Windows\SYSTEM32\directxdatabasehelper.dll
0x00007ffdbf920000 - 0x00007ffdbf932000 	C:\Windows\SYSTEM32\msasn1.dll
0x00007ffdb7c10000 - 0x00007ffdb7c42000 	C:\Windows\SYSTEM32\cryptnet.dll
0x00007ffdc0220000 - 0x00007ffdc0388000 	C:\Windows\System32\CRYPT32.dll
0x00007ffdbf470000 - 0x00007ffdbf47c000 	C:\Windows\SYSTEM32\cryptbase.dll
0x00007ffdc04e0000 - 0x00007ffdc054b000 	C:\Windows\System32\wintrust.dll
0x00007ffdc0940000 - 0x00007ffdc095f000 	C:\Windows\System32\imagehlp.dll
0x00007ffdbf480000 - 0x00007ffdbf49b000 	C:\Windows\SYSTEM32\CRYPTSP.dll
0x00007ffdbed00000 - 0x00007ffdbed35000 	C:\Windows\system32\rsaenh.dll
0x00007ffda8b80000 - 0x00007ffda8bc2000 	C:\Users\lenovo\.openjfx\cache\21+31\amd64\glass.dll
0x00007ffdc16b0000 - 0x00007ffdc17a7000 	C:\Windows\System32\COMDLG32.dll
0x00007ffd8e730000 - 0x00007ffd8e7ec000 	C:\Windows\System32\DriverStore\FileRepository\nvlti.inf_amd64_64ea833c46d6bad8\nvldumdx.dll
0x00007ffdb79f0000 - 0x00007ffdb7b48000 	C:\Windows\SYSTEM32\drvstore.dll
0x00007ffdbf940000 - 0x00007ffdbf96c000 	C:\Windows\SYSTEM32\devobj.dll
0x00007ffdbf970000 - 0x00007ffdbf9be000 	C:\Windows\SYSTEM32\cfgmgr32.dll
0x00007ffdbf520000 - 0x00007ffdbf569000 	C:\Windows\SYSTEM32\wldp.dll
0x00007ffd42400000 - 0x00007ffd4558d000 	C:\Windows\System32\DriverStore\FileRepository\nvlti.inf_amd64_64ea833c46d6bad8\nvd3dumx.dll
0x00007ffd7c530000 - 0x00007ffd7c801000 	C:\Windows\system32\nvspcap64.dll
0x00007ffdbedc0000 - 0x00007ffdbedf4000 	C:\Windows\SYSTEM32\ntmarta.dll
0x00007ffdbf2a0000 - 0x00007ffdbf2c6000 	C:\Windows\SYSTEM32\gpapi.dll
0x00007ffd3fec0000 - 0x00007ffd423fd000 	C:\Windows\SYSTEM32\igdumdim64.dll
0x00007ffdc2200000 - 0x00007ffdc2674000 	C:\Windows\System32\SETUPAPI.dll
0x00007ffdb4820000 - 0x00007ffdb525f000 	C:\Windows\SYSTEM32\igdusc64.dll

dbghelp: loaded successfully - version: 4.0.5 - missing functions: none
symbol engine: initialized successfully - sym options: 0x614 - pdb path: .;C:\Program Files\Java\jdk-21\bin;C:\Windows\SYSTEM32;C:\Windows\WinSxS\amd64_microsoft.windows.common-controls_6595b64144ccf1df_6.0.22621.3527_none_270e469b73872a76;C:\Program Files\Java\jdk-21\bin\server;C:\Users\lenovo\.openjfx\cache\21+31\amd64;C:\Windows\System32\DriverStore\FileRepository\nvlti.inf_amd64_64ea833c46d6bad8;C:\Program Files\National Instruments\Shared\mDNS Responder

VM Arguments:
jvm_args: -XX:+ShowCodeDetailsInExceptionMessages 
java_command: com.example.WebPageViewer
java_class_path (initial): C:\Users\lenovo\OneDrive\Informatica\Java\deep-learning-project\target\classes;C:\Users\lenovo\.m2\repository\org\springframework\boot\spring-boot-starter-web\2.7.10\spring-boot-starter-web-2.7.10.jar;C:\Users\lenovo\.m2\repository\org\springframework\boot\spring-boot-starter\2.7.10\spring-boot-starter-2.7.10.jar;C:\Users\lenovo\.m2\repository\org\springframework\boot\spring-boot\2.7.10\spring-boot-2.7.10.jar;C:\Users\lenovo\.m2\repository\org\springframework\boot\spring-boot-autoconfigure\2.7.10\spring-boot-autoconfigure-2.7.10.jar;C:\Users\lenovo\.m2\repository\org\springframework\boot\spring-boot-starter-logging\2.7.10\spring-boot-starter-logging-2.7.10.jar;C:\Users\lenovo\.m2\repository\org\apache\logging\log4j\log4j-to-slf4j\2.17.2\log4j-to-slf4j-2.17.2.jar;C:\Users\lenovo\.m2\repository\org\apache\logging\log4j\log4j-api\2.17.2\log4j-api-2.17.2.jar;C:\Users\lenovo\.m2\repository\org\slf4j\jul-to-slf4j\1.7.36\jul-to-slf4j-1.7.36.jar;C:\Users\lenovo\.m2\repository\jakarta\annotation\jakarta.annotation-api\1.3.5\jakarta.annotation-api-1.3.5.jar;C:\Users\lenovo\.m2\repository\org\springframework\spring-core\5.3.26\spring-core-5.3.26.jar;C:\Users\lenovo\.m2\repository\org\springframework\spring-jcl\5.3.26\spring-jcl-5.3.26.jar;C:\Users\lenovo\.m2\repository\org\yaml\snakeyaml\1.30\snakeyaml-1.30.jar;C:\Users\lenovo\.m2\repository\org\springframework\boot\spring-boot-starter-json\2.7.10\spring-boot-starter-json-2.7.10.jar;C:\Users\lenovo\.m2\repository\com\fasterxml\jackson\core\jackson-databind\2.13.5\jackson-databind-2.13.5.jar;C:\Users\lenovo\.m2\repository\com\fasterxml\jackson\core\jackson-annotations\2.13.5\jackson-annotations-2.13.5.jar;C:\Users\lenovo\.m2\repository\com\fasterxml\jackson\core\jackson-core\2.13.5\jackson-core-2.13.5.jar;C:\Users\lenovo\.m2\repository\com\fasterxml\jackson\datatype\jackson-datatype-jdk8\2.13.5\jackson-datatype-jdk8-2.13.5.jar;C:\Users\lenovo\.m2\repository\com\fasterxml\jackson\datatype\jackson-datatype-jsr310\2.13.5\jackson-datatype-jsr310-2.13.5.jar;C:\Users\lenovo\.m2\repository\com\fasterxml\jackson\module\jackson-module-parameter-names\2.13.5\jackson-module-parameter-names-2.13.5.jar;C:\Users\lenovo\.m2\repository\org\springframework\boot\spring-boot-starter-tomcat\2.7.10\spring-boot-starter-tomcat-2.7.10.jar;C:\Users\lenovo\.m2\repository\org\apache\tomcat\embed\tomcat-embed-core\9.0.73\tomcat-embed-core-9.0.73.jar;C:\Users\lenovo\.m2\repository\org\apache\tomcat\embed\tomcat-embed-el\9.0.73\tomcat-embed-el-9.0.73.jar;C:\Users\lenovo\.m2\repository\org\apache\tomcat\embed\tomcat-embed-websocket\9.0.73\tomcat-embed-websocket-9.0.73.jar;C:\Users\lenovo\.m2\repository\org\springframework\spring-web\5.3.26\spring-web-5.3.26.jar;C:\Users\lenovo\.m2\repository\org\springframework\spring-beans\5.3.26\spring-beans-5.3.26.jar;C:\Users\lenovo\.m2\repository\org\springframework\spring-webmvc\5.3.26\spring-webmvc-5.3.26.jar;C:\Users\lenovo\.m2\repository\org\springframework\spring-aop\5.3.26\spring-aop-5.3.26.jar;C:\Users\lenovo\.m2\repository\org\springframework\spring-context\5.3.26\spring-context-5.3.26.jar;C:\Users\lenovo\.m2\repository\org\springframework\spring-expression\5.3.26\spring-expression-5.3.26.jar;C:\Users\lenovo\.m2\repository\org\openjfx\javafx-controls\21\javafx-controls-21.jar;C:\Users\lenovo\.m2\repository\org\openjfx\javafx-controls\21\javafx-controls-21-win.jar;C:\Users\lenovo\.m2\repository\org\openjfx\javafx-fxml\21\javafx-fxml-21.jar;C:\Users\lenovo\.m2\repository\org\openjfx\javafx-fxml\21\javafx-fxml-21-win.jar;C:\Users\lenovo\.m2\repository\org\openjfx\javafx-graphics\21\javafx-graphics-21.jar;C:\Users\lenovo\.m2\repository\org\openjfx\javafx-graphics\21\javafx-graphics-21-win.jar;C:\Users\lenovo\.m2\repository\org\openjfx\javafx-base\21\javafx-base-21.jar;C:\Users\lenovo\.m2\repository\org\openjfx\javafx-base\21\javafx-base-21-win.jar;C:\Users\lenovo\.m2\repository\org\openjfx\javafx-media\21\javafx-media-21.jar;C:\Users\lenovo\.m2\repository\org\openjfx\javafx-media\21\javafx-media-21-win.jar;C:\Users\lenovo\.m2\repository\org\openjfx\javafx-web\21\javafx-web-21.jar;C:\Users\lenovo\.m2\repository\org\openjfx\javafx-web\21\javafx-web-21-win.jar;C:\Users\lenovo\.m2\repository\org\openjfx\javafx-swing\21\javafx-swing-21.jar;C:\Users\lenovo\.m2\repository\org\openjfx\javafx-swing\21\javafx-swing-21-win.jar;C:\Users\lenovo\.m2\repository\org\springframework\boot\spring-boot-starter-thymeleaf\2.7.10\spring-boot-starter-thymeleaf-2.7.10.jar;C:\Users\lenovo\.m2\repository\org\thymeleaf\thymeleaf-spring5\3.0.15.RELEASE\thymeleaf-spring5-3.0.15.RELEASE.jar;C:\Users\lenovo\.m2\repository\org\thymeleaf\thymeleaf\3.0.15.RELEASE\thymeleaf-3.0.15.RELEASE.jar;C:\Users\lenovo\.m2\repository\org\attoparser\attoparser\2.0.5.RELEASE\attoparser-2.0.5.RELEASE.jar;C:\Users\lenovo\.m2\repository\org\unbescape\unbescape\1.1.6.RELEASE\unbescape-1.1.6.RELEASE.jar;C:\Users\lenovo\.m2\repository\org\thymeleaf\extras\thymeleaf-extras-java8time\3.0.4.RELEASE\thymeleaf-extras-java8time-3.0.4.RELEASE.jar;C:\Users\lenovo\.m2\repository\org\deeplearning4j\deeplearning4j-core\1.0.0-beta7\deeplearning4j-core-1.0.0-beta7.jar;C:\Users\lenovo\.m2\repository\org\deeplearning4j\deeplearning4j-tsne\1.0.0-beta7\deeplearning4j-tsne-1.0.0-beta7.jar;C:\Users\lenovo\.m2\repository\org\deeplearning4j\nearestneighbor-core\1.0.0-beta7\nearestneighbor-core-1.0.0-beta7.jar;C:\Users\lenovo\.m2\repository\org\deeplearning4j\deeplearning4j-datasets\1.0.0-beta7\deeplearning4j-datasets-1.0.0-beta7.jar;C:\Users\lenovo\.m2\repository\org\deeplearning4j\deeplearning4j-common\1.0.0-beta7\deeplearning4j-common-1.0.0-beta7.jar;C:\Users\lenovo\.m2\repository\org\deeplearning4j\deeplearning4j-datavec-iterators\1.0.0-beta7\deeplearning4j-datavec-iterators-1.0.0-beta7.jar;C:\Users\lenovo\.m2\repository\org\deeplearning4j\deeplearning4j-modelimport\1.0.0-beta7\deeplearning4j-modelimport-1.0.0-beta7.jar;C:\Users\lenovo\.m2\repository\com\google\code\gson\gson\2.8.0\gson-2.8.0.jar;C:\Users\lenovo\.m2\repository\org\bytedeco\javacpp\1.5.3\javacpp-1.5.3.jar;C:\Users\lenovo\.m2\repository\org\bytedeco\hdf5-platform\1.12.0-1.5.3\hdf5-platform-1.12.0-1.5.3.jar;C:\Users\lenovo\.m2\repository\org\bytedeco\hdf5\1.12.0-1.5.3\hdf5-1.12.0-1.5.3.jar;C:\Users\lenovo\.m2\repository\org\bytedeco\hdf5\1.12.0-1.5.3\hdf5-1.12.0-1.5.3-linux-x86.jar;C:\Users\lenovo\.m2\repository\org\bytedeco\hdf5\1.12.0-1.5.3\hdf5-1.12.0-1.5.3-linux-x86_64.jar;C:\Users\lenovo\.m2\repository\org\bytedeco\hdf5\1.12.0-1.5.3\hdf5-1.12.0-1.5.3-linux-armhf.jar;C:\Users\lenovo\.m2\repository\org\bytedeco\hdf5\1.12.0-1.5.3\hdf5-1.12.0-1.5.3-linux-arm64.jar;C:\Users\lenovo\.m2\repository\org\bytedeco\hdf5\1.12.0-1.5.3\hdf5-1.12.0-1.5.3-linux-ppc64le.jar;C:\Users\lenovo\.m2\repository\org\bytedeco\hdf5\1.12.0-1.5.3\hdf5-1.12.0-1.5.3-macosx-x86_64.jar;C:\Users\lenovo\.m2\repository\org\bytedeco\hdf5\1.12.0-1.5.3\hdf5-1.12.0-1.5.3-windows-x86.jar;C:\Users\lenovo\.m2\repository\org\bytedeco\hdf5\1.12.0-1.5.3\hdf5-1.12.0-1.5.3-windows-x86_64.jar;C:\Users\lenovo\.m2\repository\org\slf4j\slf4j-api\1.7.21\slf4j-api-1.7.21.jar;C:\Users\lenovo\.m2\repository\org\deeplearning4j\deeplearning4j-nn\1.0.0-beta7\deeplearning4j-nn-1.0.0-beta7.jar;C:\Users\lenovo\.m2\repository\org\deeplearning4j\deeplearning4j-utility-iterators\1.0.0-beta7\deeplearning4j-utility-iterators-1.0.0-beta7.jar;C:\Users\lenovo\.m2\repository\org\lucee\oswego-concurrent\1.3.4\oswego-concurrent-1.3.4.jar;C:\Users\lenovo\.m2\repository\org\nd4j\nd4j-native-api\1.0.0-beta7\nd4j-native-api-1.0.0-beta7.jar;C:\Users\lenovo\.m2\repository\org\nd4j\nd4j-common\1.0.0-beta7\nd4j-common-1.0.0-beta7.jar;C:\Users\lenovo\.m2\repository\org\nd4j\guava\1.0.0-beta7\guava-1.0.0-beta7.jar;C:\Users\lenovo\.m2\repository\it\unimi\dsi\fastutil\6.5.7\fastutil-6.5.7.jar;C:\Users\lenovo\.m2\repository\commons-io\commons-io\2.5\commons-io-2.5.jar;C:\Users\lenovo\.m2\repository\org\apache\commons\commons-compress\1.18\commons-compress-1.18.jar;C:\Users\lenovo\.m2\repository\org\nd4j\nd4j-api\1.0.0-beta7\nd4j-api-1.0.0-beta7.jar;C:\Users\lenovo\.m2\repository\com\jakewharton\byteunits\byteunits\0.9.1\byteunits-0.9.1.jar;C:\Users\lenovo\.m2\repository\com\google\flatbuffers\flatbuffers-java\1.10.0\flatbuffers-java-1.10.0.jar;C:\Users\lenovo\.m2\repository\org\nd4j\protobuf\1.0.0-beta7\protobuf-1.0.0-beta7.jar;C:\Users\lenovo\.m2\repository\commons-net\commons-net\3.1\commons-net-3.1.jar;C:\Users\lenovo\.m2\repository\net\ericaro\neoitertools\1.0.0\neoitertools-1.0.0.jar;C:\Users\lenovo\.m2\repository\org\apache\commons\commons-lang3\3.6\commons-lang3-3.6.jar;C:\Users\lenovo\.m2\repository\org\nd4j\jackson\1.0.0-beta7\jackson-1.0.0-beta7.jar;C:\Users\lenovo\.m2\repository\org\datavec\datavec-api\1.0.0-beta7\datavec-api-1.0.0-beta7.jar;C:\Users\lenovo\.m2\repository\commons-codec\commons-codec\1.10\commons-codec-1.10.jar;C:\Users\lenovo\.m2\repository\joda-time\joda-time\2.2\joda-time-2.2.jar;C:\Users\lenovo\.m2\repository\org\freemarker\freemarker\2.3.23\freemarker-2.3.23.jar;C:\Users\lenovo\.m2\repository\com\clearspring\analytics\stream\2.9.8\stream-2.9.8.jar;C:\Users\lenovo\.m2\repository\net\sf\opencsv\opencsv\2.3\opencsv-2.3.jar;C:\Users\lenovo\.m2\repository\com\tdunning\t-digest\3.2\t-digest-3.2.jar;C:\Users\lenovo\.m2\repository\org\datavec\datavec-data-image\1.0.0-beta7\datavec-data-image-1.0.0-beta7.jar;C:\Users\lenovo\.m2\repository\com\github\jai-imageio\jai-imageio-core\1.3.0\jai-imageio-core-1.3.0.jar;C:\Users\lenovo\.m2\repository\com\twelvemonkeys\imageio\imageio-jpeg\3.1.1\imageio-jpeg-3.1.1.jar;C:\Users\lenovo\.m2\repository\com\twelvemonkeys\imageio\imageio-core\3.1.1\imageio-core-3.1.1.jar;C:\Users\lenovo\.m2\repository\com\twelvemonkeys\imageio\imageio-metadata\3.1.1\imageio-metadata-3.1.1.jar;C:\Users\lenovo\.m2\repository\com\twelvemonkeys\common\common-lang\3.1.1\common-lang-3.1.1.jar;C:\Users\lenovo\.m2\repository\com\twelvemonkeys\common\common-io\3.1.1\common-io-3.1.1.jar;C:\Users\lenovo\.m2\repository\com\twelvemonkeys\common\common-image\3.1.1\common-image-3.1.1.jar;C:\Users\lenovo\.m2\repository\com\twelvemonkeys\imageio\imageio-tiff\3.1.1\imageio-tiff-3.1.1.jar;C:\Users\lenovo\.m2\repository\com\twelvemonkeys\imageio\imageio-psd\3.1.1\imageio-psd-3.1.1.jar;C:\Users\lenovo\.m2\repository\com\twelvemonkeys\imageio\imageio-bmp\3.1.1\imageio-bmp-3.1.1.jar;C:\Users\lenovo\.m2\repository\org\bytedeco\javacv\1.5.3\javacv-1.5.3.jar;C:\Users\lenovo\.m2\repository\org\bytedeco\opencv\4.3.0-1.5.3\opencv-4.3.0-1.5.3.jar;C:\Users\lenovo\.m2\repository\org\bytedeco\ffmpeg\4.2.2-1.5.3\ffmpeg-4.2.2-1.5.3.jar;C:\Users\lenovo\.m2\repository\org\bytedeco\flycapture\2.13.3.31-1.5.3\flycapture-2.13.3.31-1.5.3.jar;C:\Users\lenovo\.m2\repository\org\bytedeco\libdc1394\2.2.6-1.5.3\libdc1394-2.2.6-1.5.3.jar;C:\Users\lenovo\.m2\repository\org\bytedeco\libfreenect\0.5.7-1.5.3\libfreenect-0.5.7-1.5.3.jar;C:\Users\lenovo\.m2\repository\org\bytedeco\libfreenect2\0.2.0-1.5.3\libfreenect2-0.2.0-1.5.3.jar;C:\Users\lenovo\.m2\repository\org\bytedeco\librealsense\1.12.4-1.5.3\librealsense-1.12.4-1.5.3.jar;C:\Users\lenovo\.m2\repository\org\bytedeco\librealsense2\2.29.0-1.5.3\librealsense2-2.29.0-1.5.3.jar;C:\Users\lenovo\.m2\repository\org\bytedeco\videoinput\0.200-1.5.3\videoinput-0.200-1.5.3.jar;C:\Users\lenovo\.m2\repository\org\bytedeco\artoolkitplus\2.3.1-1.5.3\artoolkitplus-2.3.1-1.5.3.jar;C:\Users\lenovo\.m2\repository\org\bytedeco\flandmark\1.07-1.5.3\flandmark-1.07-1.5.3.jar;C:\Users\lenovo\.m2\repository\org\bytedeco\leptonica\1.79.0-1.5.3\leptonica-1.79.0-1.5.3.jar;C:\Users\lenovo\.m2\repository\org\bytedeco\tesseract\4.1.1-1.5.3\tesseract-4.1.1-1.5.3.jar;C:\Users\lenovo\.m2\repository\org\bytedeco\opencv-platform\4.3.0-1.5.3\opencv-platform-4.3.0-1.5.3.jar;C:\Users\lenovo\.m2\repository\org\bytedeco\opencv\4.3.0-1.5.3\opencv-4.3.0-1.5.3-android-arm.jar;C:\Users\lenovo\.m2\repository\org\bytedeco\opencv\4.3.0-1.5.3\opencv-4.3.0-1.5.3-android-arm64.jar;C:\Users\lenovo\.m2\repository\org\bytedeco\opencv\4.3.0-1.5.3\opencv-4.3.0-1.5.3-android-x86.jar;C:\Users\lenovo\.m2\repository\org\bytedeco\opencv\4.3.0-1.5.3\opencv-4.3.0-1.5.3-android-x86_64.jar;C:\Users\lenovo\.m2\repository\org\bytedeco\opencv\4.3.0-1.5.3\opencv-4.3.0-1.5.3-ios-arm64.jar;C:\Users\lenovo\.m2\repository\org\bytedeco\opencv\4.3.0-1.5.3\opencv-4.3.0-1.5.3-ios-x86_64.jar;C:\Users\lenovo\.m2\repository\org\bytedeco\opencv\4.3.0-1.5.3\opencv-4.3.0-1.5.3-linux-x86.jar;C:\Users\lenovo\.m2\repository\org\bytedeco\opencv\4.3.0-1.5.3\opencv-4.3.0-1.5.3-linux-x86_64.jar;C:\Users\lenovo\.m2\repository\org\bytedeco\opencv\4.3.0-1.5.3\opencv-4.3.0-1.5.3-linux-armhf.jar;C:\Users\lenovo\.m2\repository\org\bytedeco\opencv\4.3.0-1.5.3\opencv-4.3.0-1.5.3-linux-arm64.jar;C:\Users\lenovo\.m2\repository\org\bytedeco\opencv\4.3.0-1.5.3\opencv-4.3.0-1.5.3-linux-ppc64le.jar;C:\Users\lenovo\.m2\repository\org\bytedeco\opencv\4.3.0-1.5.3\opencv-4.3.0-1.5.3-macosx-x86_64.jar;C:\Users\lenovo\.m2\repository\org\bytedeco\opencv\4.3.0-1.5.3\opencv-4.3.0-1.5.3-windows-x86.jar;C:\Users\lenovo\.m2\repository\org\bytedeco\opencv\4.3.0-1.5.3\opencv-4.3.0-1.5.3-windows-x86_64.jar;C:\Users\lenovo\.m2\repository\org\bytedeco\leptonica-platform\1.79.0-1.5.3\leptonica-platform-1.79.0-1.5.3.jar;C:\Users\lenovo\.m2\repository\org\bytedeco\leptonica\1.79.0-1.5.3\leptonica-1.79.0-1.5.3-android-arm.jar;C:\Users\lenovo\.m2\repository\org\bytedeco\leptonica\1.79.0-1.5.3\leptonica-1.79.0-1.5.3-android-arm64.jar;C:\Users\lenovo\.m2\repository\org\bytedeco\leptonica\1.79.0-1.5.3\leptonica-1.79.0-1.5.3-android-x86.jar;C:\Users\lenovo\.m2\repository\org\bytedeco\leptonica\1.79.0-1.5.3\leptonica-1.79.0-1.5.3-android-x86_64.jar;C:\Users\lenovo\.m2\repository\org\bytedeco\leptonica\1.79.0-1.5.3\leptonica-1.79.0-1.5.3-linux-x86.jar;C:\Users\lenovo\.m2\repository\org\bytedeco\leptonica\1.79.0-1.5.3\leptonica-1.79.0-1.5.3-linux-x86_64.jar;C:\Users\lenovo\.m2\repository\org\bytedeco\leptonica\1.79.0-1.5.3\leptonica-1.79.0-1.5.3-linux-armhf.jar;C:\Users\lenovo\.m2\repository\org\bytedeco\leptonica\1.79.0-1.5.3\leptonica-1.79.0-1.5.3-linux-arm64.jar;C:\Users\lenovo\.m2\repository\org\bytedeco\leptonica\1.79.0-1.5.3\leptonica-1.79.0-1.5.3-linux-ppc64le.jar;C:\Users\lenovo\.m2\repository\org\bytedeco\leptonica\1.79.0-1.5.3\leptonica-1.79.0-1.5.3-macosx-x86_64.jar;C:\Users\lenovo\.m2\repository\org\bytedeco\leptonica\1.79.0-1.5.3\leptonica-1.79.0-1.5.3-windows-x86.jar;C:\Users\lenovo\.m2\repository\org\bytedeco\leptonica\1.79.0-1.5.3\leptonica-1.79.0-1.5.3-windows-x86_64.jar;C:\Users\lenovo\.m2\repository\org\deeplearning4j\deeplearning4j-ui-components\1.0.0-beta7\deeplearning4j-ui-components-1.0.0-beta7.jar;C:\Users\lenovo\.m2\repository\com\github\oshi\oshi-json\3.4.2\oshi-json-3.4.2.jar;C:\Users\lenovo\.m2\repository\org\glassfish\javax.json\1.0.4\javax.json-1.0.4.jar;C:\Users\lenovo\.m2\repository\com\github\oshi\oshi-core\3.4.2\oshi-core-3.4.2.jar;C:\Users\lenovo\.m2\repository\net\java\dev\jna\jna-platform\4.3.0\jna-platform-4.3.0.jar;C:\Users\lenovo\.m2\repository\net\java\dev\jna\jna\4.3.0\jna-4.3.0.jar;C:\Users\lenovo\.m2\repository\org\threeten\threetenbp\1.3.3\threetenbp-1.3.3.jar;C:\Users\lenovo\.m2\repository\org\nd4j\nd4j-native-platform\1.0.0-beta7\nd4j-native-platform-1.0.0-beta7.jar;C:\Users\lenovo\.m2\repository\org\bytedeco\openblas-platform\0.3.9-1-1.5.3\openblas-platform-0.3.9-1-1.5.3.jar;C:\Users\lenovo\.m2\repository\org\bytedeco\javacpp-platform\1.5.3\javacpp-platform-1.5.3.jar;C:\Users\lenovo\.m2\repository\org\bytedeco\javacpp\1.5.3\javacpp-1.5.3-android-arm.jar;C:\Users\lenovo\.m2\repository\org\bytedeco\javacpp\1.5.3\javacpp-1.5.3-android-arm64.jar;C:\Users\lenovo\.m2\repository\org\bytedeco\javacpp\1.5.3\javacpp-1.5.3-android-x86.jar;C:\Users\lenovo\.m2\repository\org\bytedeco\javacpp\1.5.3\javacpp-1.5.3-android-x86_64.jar;C:\Users\lenovo\.m2\repository\org\bytedeco\javacpp\1.5.3\javacpp-1.5.3-ios-arm64.jar;C:\Users\lenovo\.m2\repository\org\bytedeco\javacpp\1.5.3\javacpp-1.5.3-ios-x86_64.jar;C:\Users\lenovo\.m2\repository\org\bytedeco\javacpp\1.5.3\javacpp-1.5.3-linux-armhf.jar;C:\Users\lenovo\.m2\repository\org\bytedeco\javacpp\1.5.3\javacpp-1.5.3-linux-arm64.jar;C:\Users\lenovo\.m2\repository\org\bytedeco\javacpp\1.5.3\javacpp-1.5.3-linux-ppc64le.jar;C:\Users\lenovo\.m2\repository\org\bytedeco\javacpp\1.5.3\javacpp-1.5.3-linux-x86.jar;C:\Users\lenovo\.m2\repository\org\bytedeco\javacpp\1.5.3\javacpp-1.5.3-linux-x86_64.jar;C:\Users\lenovo\.m2\repository\org\bytedeco\javacpp\1.5.3\javacpp-1.5.3-macosx-x86_64.jar;C:\Users\lenovo\.m2\repository\org\bytedeco\javacpp\1.5.3\javacpp-1.5.3-windows-x86.jar;C:\Users\lenovo\.m2\repository\org\bytedeco\openblas\0.3.9-1-1.5.3\openblas-0.3.9-1-1.5.3.jar;C:\Users\lenovo\.m2\repository\org\bytedeco\openblas\0.3.9-1-1.5.3\openblas-0.3.9-1-1.5.3-android-arm.jar;C:\Users\lenovo\.m2\repository\org\bytedeco\openblas\0.3.9-1-1.5.3\openblas-0.3.9-1-1.5.3-android-arm64.jar;C:\Users\lenovo\.m2\repository\org\bytedeco\openblas\0.3.9-1-1.5.3\openblas-0.3.9-1-1.5.3-android-x86.jar;C:\Users\lenovo\.m2\repository\org\bytedeco\openblas\0.3.9-1-1.5.3\openblas-0.3.9-1-1.5.3-android-x86_64.jar;C:\Users\lenovo\.m2\repository\org\bytedeco\openblas\0.3.9-1-1.5.3\openblas-0.3.9-1-1.5.3-ios-arm64.jar;C:\Users\lenovo\.m2\repository\org\bytedeco\openblas\0.3.9-1-1.5.3\openblas-0.3.9-1-1.5.3-ios-x86_64.jar;C:\Users\lenovo\.m2\repository\org\bytedeco\openblas\0.3.9-1-1.5.3\openblas-0.3.9-1-1.5.3-linux-x86.jar;C:\Users\lenovo\.m2\repository\org\bytedeco\openblas\0.3.9-1-1.5.3\openblas-0.3.9-1-1.5.3-linux-x86_64.jar;C:\Users\lenovo\.m2\repository\org\bytedeco\openblas\0.3.9-1-1.5.3\openblas-0.3.9-1-1.5.3-linux-armhf.jar;C:\Users\lenovo\.m2\repository\org\bytedeco\openblas\0.3.9-1-1.5.3\openblas-0.3.9-1-1.5.3-linux-arm64.jar;C:\Users\lenovo\.m2\repository\org\bytedeco\openblas\0.3.9-1-1.5.3\openblas-0.3.9-1-1.5.3-linux-ppc64le.jar;C:\Users\lenovo\.m2\repository\org\bytedeco\openblas\0.3.9-1-1.5.3\openblas-0.3.9-1-1.5.3-macosx-x86_64.jar;C:\Users\lenovo\.m2\repository\org\bytedeco\openblas\0.3.9-1-1.5.3\openblas-0.3.9-1-1.5.3-windows-x86.jar;C:\Users\lenovo\.m2\repository\org\bytedeco\openblas\0.3.9-1-1.5.3\openblas-0.3.9-1-1.5.3-windows-x86_64.jar;C:\Users\lenovo\.m2\repository\org\bytedeco\mkl-platform\2020.1-1.5.3\mkl-platform-2020.1-1.5.3.jar;C:\Users\lenovo\.m2\repository\org\bytedeco\mkl\2020.1-1.5.3\mkl-2020.1-1.5.3.jar;C:\Users\lenovo\.m2\repository\org\bytedeco\mkl\2020.1-1.5.3\mkl-2020.1-1.5.3-linux-x86.jar;C:\Users\lenovo\.m2\repository\org\bytedeco\mkl\2020.1-1.5.3\mkl-2020.1-1.5.3-linux-x86_64.jar;C:\Users\lenovo\.m2\repository\org\bytedeco\mkl\2020.1-1.5.3\mkl-2020.1-1.5.3-macosx-x86_64.jar;C:\Users\lenovo\.m2\repository\org\bytedeco\mkl\2020.1-1.5.3\mkl-2020.1-1.5.3-windows-x86.jar;C:\Users\lenovo\.m2\repository\org\bytedeco\mkl\2020.1-1.5.3\mkl-2020.1-1.5.3-windows-x86_64.jar;C:\Users\lenovo\.m2\repository\org\nd4j\nd4j-native\1.0.0-beta7\nd4j-native-1.0.0-beta7.jar;C:\Users\lenovo\.m2\repository\org\bytedeco\javacpp\1.5.3\javacpp-1.5.3-windows-x86_64.jar;C:\Users\lenovo\.m2\repository\org\nd4j\nd4j-native\1.0.0-beta7\nd4j-native-1.0.0-beta7-android-arm.jar;C:\Users\lenovo\.m2\repository\org\nd4j\nd4j-native\1.0.0-beta7\nd4j-native-1.0.0-beta7-android-arm64.jar;C:\Users\lenovo\.m2\repository\org\nd4j\nd4j-native\1.0.0-beta7\nd4j-native-1.0.0-beta7-android-x86.jar;C:\Users\lenovo\.m2\repository\org\nd4j\nd4j-native\1.0.0-beta7\nd4j-native-1.0.0-beta7-android-x86_64.jar;C:\Users\lenovo\.m2\repository\org\nd4j\nd4j-native\1.0.0-beta7\nd4j-native-1.0.0-beta7-linux-x86_64.jar;C:\Users\lenovo\.m2\repository\org\nd4j\nd4j-native\1.0.0-beta7\nd4j-native-1.0.0-beta7-macosx-x86_64.jar;C:\Users\lenovo\.m2\repository\org\nd4j\nd4j-native\1.0.0-beta7\nd4j-native-1.0.0-beta7-windows-x86_64.jar;C:\Users\lenovo\.m2\repository\org\nd4j\nd4j-native\1.0.0-beta7\nd4j-native-1.0.0-beta7-linux-ppc64le.jar;C:\Users\lenovo\.m2\repository\org\nd4j\nd4j-native\1.0.0-beta7\nd4j-native-1.0.0-beta7-linux-armhf.jar;C:\Users\lenovo\.m2\repository\ch\qos\logback\logback-classic\1.2.6\logback-classic-1.2.6.jar;C:\Users\lenovo\.m2\repository\ch\qos\logback\logback-core\1.2.6\logback-core-1.2.6.jar;C:\Users\lenovo\.m2\repository\org\apache\commons\commons-math3\3.6.1\commons-math3-3.6.1.jar
Launcher Type: SUN_STANDARD

[Global flags]
     intx CICompilerCount                          = 3                                         {product} {ergonomic}
     uint ConcGCThreads                            = 1                                         {product} {ergonomic}
     uint G1ConcRefinementThreads                  = 4                                         {product} {ergonomic}
   size_t G1HeapRegionSize                         = 2097152                                   {product} {ergonomic}
    uintx GCDrainStackTargetSize                   = 64                                        {product} {ergonomic}
   size_t InitialHeapSize                          = 201326592                                 {product} {ergonomic}
   size_t MarkStackSize                            = 4194304                                   {product} {ergonomic}
   size_t MaxHeapSize                              = 3193962496                                {product} {ergonomic}
   size_t MaxNewSize                               = 1914699776                                {product} {ergonomic}
   size_t MinHeapDeltaBytes                        = 2097152                                   {product} {ergonomic}
   size_t MinHeapSize                              = 8388608                                   {product} {ergonomic}
    uintx NonNMethodCodeHeapSize                   = 5832780                                {pd product} {ergonomic}
    uintx NonProfiledCodeHeapSize                  = 122912730                              {pd product} {ergonomic}
    uintx ProfiledCodeHeapSize                     = 122912730                              {pd product} {ergonomic}
    uintx ReservedCodeCacheSize                    = 251658240                              {pd product} {ergonomic}
     bool SegmentedCodeCache                       = true                                      {product} {ergonomic}
     bool ShowCodeDetailsInExceptionMessages       = true                                   {manageable} {command line}
   size_t SoftMaxHeapSize                          = 3193962496                             {manageable} {ergonomic}
     bool UseCompressedOops                        = true                           {product lp64_product} {ergonomic}
     bool UseG1GC                                  = true                                      {product} {ergonomic}
     bool UseLargePagesIndividualAllocation        = false                                  {pd product} {ergonomic}

Logging:
Log output configuration:
 #0: stdout all=warning uptime,level,tags foldmultilines=false
 #1: stderr all=off uptime,level,tags foldmultilines=false

Environment Variables:
PATH=C:\Python311\Scripts\;C:\Python311\;C:\Program Files (x86)\Intel\iCLS Client\;C:\Program Files\Intel\iCLS Client\;C:\Windows\system32;C:\Windows;C:\Windows\System32\Wbem;C:\Windows\System32\WindowsPowerShell\v1.0\;C:\Windows\System32\OpenSSH\;C:\Program Files\Intel\Intel(R) Management Engine Components\DAL;C:\Program Files\Intel\Intel(R) Management Engine Components\IPT;C:\Program Files (x86)\Intel\Intel(R) Management Engine Components\DAL;C:\Program Files (x86)\Intel\Intel(R) Management Engine Components\IPT;C:\Program Files (x86)\NVIDIA Corporation\PhysX\Common;C:\Program Files\NVIDIA Corporation\NVIDIA NvDLISR;C:\Program Files\nodejs\;C:\ProgramData\chocolatey\bin;C:\Program Files\Git\cmd;C:\Program Files\dotnet\;C:\Program Files\Microsoft SQL Server\130\Tools\Binn\;C:\Program Files\Microsoft SQL Server\Client SDK\ODBC\170\Tools\Binn\;C:\Program Files\Java\jdk-21\bin;C:\Users\lenovo\AppData\Local\Microsoft\WindowsApps;C:\Users\lenovo\AppData\Local\Programs\Microsoft VS Code\bin;C:\MinGW\bin;C:\Users\lenovo\AppData\Roaming\npm;C:\Program Files\nodejs\node_modules;C:\Program Files\nodejs\node_modules\npm\bin;C:\Program Files\nodejs\node_modules\npm\bin\node-gyp-bin;C:\Program Files\Git\bin;C:\Users\lenovo\AppData\Local\GitHubDesktop\bin;C:\Users\lenovo\.dotnet\tools;C:\apache-maven-3.9.6\bin;
USERNAME=lenovo
LANG=en_US.UTF-8
OS=Windows_NT
PROCESSOR_IDENTIFIER=Intel64 Family 6 Model 69 Stepping 1, GenuineIntel
TMP=C:\Users\lenovo\AppData\Local\Temp
TEMP=C:\Users\lenovo\AppData\Local\Temp




Periodic native trim disabled

---------------  S Y S T E M  ---------------

OS:
 Windows 11 , 64 bit Build 22621 (10.0.22621.3527)
OS uptime: 0 days 1:39 hours

CPU: total 4 (initial active 4) (2 cores per cpu, 2 threads per core) family 6 model 69 stepping 1 microcode 0x26, cx8, cmov, fxsr, ht, mmx, sse, sse2, sse3, ssse3, sse4.1, sse4.2, popcnt, lzcnt, tsc, tscinvbit, avx, avx2, aes, erms, clmul, bmi1, bmi2, fma, vzeroupper, clflush, rdtscp, f16c
Processor Information for all 4 processors :
  Max Mhz: 2601, Current Mhz: 2000, Mhz Limit: 1976

Memory: 4k page, system-wide physical 12180M (4535M free)
TotalPageFile size 12180M (AvailPageFile size 3M)
current process WorkingSet (physical memory assigned to process): 230M, peak: 230M
current process commit charge ("private bytes"): 412M, peak: 415M

vm_info: Java HotSpot(TM) 64-Bit Server VM (21.0.3+7-LTS-152) for windows-amd64 JRE (21.0.3+7-LTS-152), built on 2024-03-11T17:42:26Z by "mach5one" with MS VC++ 17.6 (VS2022)

END.
